#
# There is insufficient memory for the Java Runtime Environment to continue.
# Native memory allocation (malloc) failed to allocate 415952 bytes for Chunk::new
# Possible reasons:
#   The system is out of physical RAM or swap space
#   In 32 bit mode, the process size limit was hit
# Possible solutions:
#   Reduce memory load on the system
#   Increase physical memory or swap space
#   Check if swap backing store is full
#   Use 64 bit Java on a 64 bit OS
#   Decrease Java heap size (-Xmx/-Xms)
#   Decrease number of Java threads
#   Decrease Java thread stack sizes (-Xss)
#   Set larger code cache with -XX:ReservedCodeCacheSize=
# This output file may be truncated or incomplete.
#
#  Out of Memory Error (allocation.cpp:390), pid=7420, tid=8320
#
# JRE version: Java(TM) SE Runtime Environment (8.0_66-b17) (build 1.8.0_66-b17)
# Java VM: Java HotSpot(TM) 64-Bit Server VM (25.66-b17 mixed mode windows-amd64 compressed oops)
# Failed to write core dump. Minidumps are not enabled by default on client versions of Windows
#

---------------  T H R E A D  ---------------

Current thread (0x000000001be00000):  JavaThread "C2 CompilerThread0" daemon [_thread_in_native, id=8320, stack(0x000000001d470000,0x000000001d570000)]

Stack: [0x000000001d470000,0x000000001d570000]
[error occurred during error reporting (printing stack bounds), id 0xc0000005]

Native frames: (J=compiled Java code, j=interpreted, Vv=VM code, C=native code)


Current CompileTask:
C2:   3459  829       4       com.android.dx.ssa.back.LivenessAnalyzer::handleTailRecursion (94 bytes)


---------------  P R O C E S S  ---------------

Java Threads: ( => current thread )
  0x000000001d8f0000 JavaThread "pool-2-thread-4" [_thread_in_Java, id=14808, stack(0x000000001e170000,0x000000001e270000)]
  0x000000001d8ef000 JavaThread "pool-2-thread-3" [_thread_in_Java, id=13648, stack(0x000000001e070000,0x000000001e170000)]
  0x000000001d8ee800 JavaThread "pool-2-thread-2" [_thread_blocked, id=6712, stack(0x000000001df70000,0x000000001e070000)]
  0x000000001d8ed800 JavaThread "pool-3-thread-1" [_thread_blocked, id=14448, stack(0x000000001de70000,0x000000001df70000)]
  0x000000001d902800 JavaThread "pool-2-thread-1" [_thread_blocked, id=8916, stack(0x000000001dd70000,0x000000001de70000)]
  0x000000001d67e000 JavaThread "Service Thread" daemon [_thread_blocked, id=7208, stack(0x000000001db70000,0x000000001dc70000)]
  0x000000001d678800 JavaThread "C1 CompilerThread2" daemon [_thread_in_native, id=14052, stack(0x000000001da70000,0x000000001db70000)]
  0x000000001be02000 JavaThread "C2 CompilerThread1" daemon [_thread_in_native, id=14000, stack(0x000000001d570000,0x000000001d670000)]
=>0x000000001be00000 JavaThread "C2 CompilerThread0" daemon [_thread_in_native, id=8320, stack(0x000000001d470000,0x000000001d570000)]
  0x000000001bdfd000 JavaThread "Attach Listener" daemon [_thread_blocked, id=8056, stack(0x000000001d370000,0x000000001d470000)]
  0x000000001bdfc000 JavaThread "Signal Dispatcher" daemon [_thread_blocked, id=3572, stack(0x000000001d270000,0x000000001d370000)]
  0x0000000002721800 JavaThread "Finalizer" daemon [_thread_blocked, id=6992, stack(0x000000001d060000,0x000000001d160000)]
  0x000000000271e800 JavaThread "Reference Handler" daemon [_thread_blocked, id=13844, stack(0x000000001cf60000,0x000000001d060000)]
  0x0000000002632800 JavaThread "main" [_thread_blocked, id=14240, stack(0x0000000002510000,0x0000000002610000)]

Other Threads:
  0x000000001bdc8800 VMThread [stack: 0x000000001ce60000,0x000000001cf60000] [id=14932]
  0x000000001d681000 WatcherThread [stack: 0x000000001dc70000,0x000000001dd70000] [id=12600]

VM state:not at safepoint (normal execution)

VM Mutex/Monitor currently owned by a thread: None

Heap:
 PSYoungGen      total 38400K, used 6931K [0x000000076ab00000, 0x000000076d580000, 0x00000007c0000000)
  eden space 33280K, 5% used [0x000000076ab00000,0x000000076acca1d8,0x000000076cb80000)
  from space 5120K, 99% used [0x000000076d080000,0x000000076d57ac70,0x000000076d580000)
  to   space 5120K, 0% used [0x000000076cb80000,0x000000076cb80000,0x000000076d080000)
 ParOldGen       total 87552K, used 4866K [0x00000006c0000000, 0x00000006c5580000, 0x000000076ab00000)
  object space 87552K, 5% used [0x00000006c0000000,0x00000006c04c0900,0x00000006c5580000)
 Metaspace       used 6074K, capacity 6960K, committed 7040K, reserved 1056768K
  class space    used 602K, capacity 616K, committed 640K, reserved 1048576K

Card table byte_map: [0x0000000011af0000,0x0000000012300000] byte_map_base: 0x000000000e4f0000

Marking Bits: (ParMarkBitMap*) 0x0000000066fea5b0
 Begin Bits: [0x0000000012c60000, 0x0000000016c60000)
 End Bits:   [0x0000000016c60000, 0x000000001ac60000)

Polling page: 0x0000000000a00000

CodeCache: size=245760Kb used=2970Kb max_used=2970Kb free=242789Kb
 bounds [0x0000000002730000, 0x0000000002a20000, 0x0000000011730000]
 total_blobs=1056 nmethods=786 adapters=182
 compilation: enabled

Compilation events (10 events):
Event: 3.449 Thread 0x000000001d678800 nmethod 840 0x0000000002a17d50 code [0x0000000002a17ec0, 0x0000000002a180a8]
Event: 3.449 Thread 0x000000001d678800  819       3       com.android.dx.ssa.DeadCodeRemover$NoSideEffectVisitor::visitPhiInsn (22 bytes)
Event: 3.450 Thread 0x000000001d678800 nmethod 819 0x0000000002a18150 code [0x0000000002a18300, 0x0000000002a18a68]
Event: 3.450 Thread 0x000000001d678800  808       3       com.android.dx.cf.code.ConcreteMethod::getEffectiveDescriptor (10 bytes)
Event: 3.450 Thread 0x000000001d678800 nmethod 808 0x0000000002a18d50 code [0x0000000002a18ec0, 0x0000000002a190e8]
Event: 3.450 Thread 0x000000001d678800  795       3       com.android.dx.cf.code.BytecodeArray::size (8 bytes)
Event: 3.450 Thread 0x000000001d678800 nmethod 795 0x0000000002a19190 code [0x0000000002a192e0, 0x0000000002a194d0]
Event: 3.450 Thread 0x000000001d678800  796       3       com.android.dx.cf.code.ConcreteMethod::getMaxLocals (8 bytes)
Event: 3.450 Thread 0x000000001d678800 nmethod 796 0x0000000002a19590 code [0x0000000002a196e0, 0x0000000002a198d0]
Event: 3.450 Thread 0x000000001d678800  775       3       com.android.dx.cf.code.Simulator$SimVisitor::visitNoArgs (2136 bytes)

GC Heap History (4 events):
Event: 2.574 GC heap before
{Heap before GC invocations=1 (full 0):
 PSYoungGen      total 38400K, used 33280K [0x000000076ab00000, 0x000000076d580000, 0x00000007c0000000)
  eden space 33280K, 100% used [0x000000076ab00000,0x000000076cb80000,0x000000076cb80000)
  from space 5120K, 0% used [0x000000076d080000,0x000000076d080000,0x000000076d580000)
  to   space 5120K, 0% used [0x000000076cb80000,0x000000076cb80000,0x000000076d080000)
 ParOldGen       total 87552K, used 0K [0x00000006c0000000, 0x00000006c5580000, 0x000000076ab00000)
  object space 87552K, 0% used [0x00000006c0000000,0x00000006c0000000,0x00000006c5580000)
 Metaspace       used 5871K, capacity 6832K, committed 7040K, reserved 1056768K
  class space    used 602K, capacity 616K, committed 640K, reserved 1048576K
Event: 2.608 GC heap after
Heap after GC invocations=1 (full 0):
 PSYoungGen      total 38400K, used 5100K [0x000000076ab00000, 0x000000076d580000, 0x00000007c0000000)
  eden space 33280K, 0% used [0x000000076ab00000,0x000000076ab00000,0x000000076cb80000)
  from space 5120K, 99% used [0x000000076cb80000,0x000000076d07b1f8,0x000000076d080000)
  to   space 5120K, 0% used [0x000000076d080000,0x000000076d080000,0x000000076d580000)
 ParOldGen       total 87552K, used 965K [0x00000006c0000000, 0x00000006c5580000, 0x000000076ab00000)
  object space 87552K, 1% used [0x00000006c0000000,0x00000006c00f1530,0x00000006c5580000)
 Metaspace       used 5871K, capacity 6832K, committed 7040K, reserved 1056768K
  class space    used 602K, capacity 616K, committed 640K, reserved 1048576K
}
Event: 3.380 GC heap before
{Heap before GC invocations=2 (full 0):
 PSYoungGen      total 38400K, used 38380K [0x000000076ab00000, 0x000000076d580000, 0x00000007c0000000)
  eden space 33280K, 100% used [0x000000076ab00000,0x000000076cb80000,0x000000076cb80000)
  from space 5120K, 99% used [0x000000076cb80000,0x000000076d07b1f8,0x000000076d080000)
  to   space 5120K, 0% used [0x000000076d080000,0x000000076d080000,0x000000076d580000)
 ParOldGen       total 87552K, used 965K [0x00000006c0000000, 0x00000006c5580000, 0x000000076ab00000)
  object space 87552K, 1% used [0x00000006c0000000,0x00000006c00f1530,0x00000006c5580000)
 Metaspace       used 6029K, capacity 6960K, committed 7040K, reserved 1056768K
  class space    used 602K, capacity 616K, committed 640K, reserved 1048576K
Event: 3.397 GC heap after
Heap after GC invocations=2 (full 0):
 PSYoungGen      total 38400K, used 5099K [0x000000076ab00000, 0x000000076d580000, 0x00000007c0000000)
  eden space 33280K, 0% used [0x000000076ab00000,0x000000076ab00000,0x000000076cb80000)
  from space 5120K, 99% used [0x000000076d080000,0x000000076d57ac70,0x000000076d580000)
  to   space 5120K, 0% used [0x000000076cb80000,0x000000076cb80000,0x000000076d080000)
 ParOldGen       total 87552K, used 4866K [0x00000006c0000000, 0x00000006c5580000, 0x000000076ab00000)
  object space 87552K, 5% used [0x00000006c0000000,0x00000006c04c0900,0x00000006c5580000)
 Metaspace       used 6029K, capacity 6960K, committed 7040K, reserved 1056768K
  class space    used 602K, capacity 616K, committed 640K, reserved 1048576K
}

Deoptimization events (3 events):
Event: 0.693 Thread 0x0000000002632800 Uncommon trap: reason=unstable_if action=reinterpret pc=0x0000000002882468 method=java.lang.String.compareTo(Ljava/lang/String;)I @ 38
Event: 2.910 Thread 0x0000000002632800 Uncommon trap: reason=unstable_if action=reinterpret pc=0x000000000299b3dc method=com.android.dx.rop.cst.Constant.compareTo(Lcom/android/dx/rop/cst/Constant;)I @ 12
Event: 3.326 Thread 0x0000000002632800 Uncommon trap: reason=unstable_if action=reinterpret pc=0x000000000294f1c8 method=java.lang.String.<init>([CII)V @ 18

Internal exceptions (2 events):
Event: 0.116 Thread 0x0000000002632800 Exception <a 'java/lang/NoSuchMethodError': Method sun.misc.Unsafe.defineClass(Ljava/lang/String;[BII)Ljava/lang/Class; name or signature does not match> (0x000000076ab0e100) thrown at [C:\re\workspace\8-2-build-windows-amd64-cygwin\jdk8u66\4988\hotspot\sr}î(b!Ç½?
Event: 0.116 Thread 0x0000000002632800 Exception <a 'java/lang/NoSuchMethodError': Method sun.misc.Unsafe.prefetchRead(Ljava/lang/Object;J)V name or signature does not match> (0x000000076ab0e3e8) thrown at [C:\re\workspace\8-2-build-windows-amd64-cygwin\jdk8u66\4988\hotspot\src\share\vm\prims\j

Events (10 events):
Event: 3.397 Thread 0x000000001d678800 flushing nmethod 0x000000000286d1d0
Event: 3.397 Thread 0x000000001d678800 flushing nmethod 0x000000000286e310
Event: 3.397 Thread 0x000000001d678800 flushing nmethod 0x000000000286ee10
Event: 3.397 Thread 0x000000001d678800 flushing nmethod 0x000000000286f990
Event: 3.397 Thread 0x000000001d678800 flushing nmethod 0x000000000286fc90
Event: 3.397 Thread 0x000000001d678800 flushing nmethod 0x0000000002870390
Event: 3.397 Thread 0x000000001d678800 flushing nmethod 0x0000000002871fd0
Event: 3.397 Thread 0x000000001d678800 flushing nmethod 0x0000000002874c10
Event: 3.397 Thread 0x000000001d678800 flushing nmethod 0x0000000002876890
Event: 3.397 Thread 0x000000001d678800 flushing nmethod 0x00000000028821d0


Dynamic libraries:
0x00007ff6a0340000 - 0x00007ff6a0377000 	C:\Program Files\Java\jdk1.8.0_66\bin\java.exe
0x00007ffd0c550000 - 0x00007ffd0c721000 	C:\WINDOWS\SYSTEM32\ntdll.dll
0x00007ffd0a420000 - 0x00007ffd0a4cb000 	C:\WINDOWS\System32\KERNEL32.DLL
0x00007ffd08ea0000 - 0x00007ffd090bd000 	C:\WINDOWS\System32\KERNELBASE.dll
0x00007ffd0b9e0000 - 0x00007ffd0ba82000 	C:\WINDOWS\System32\ADVAPI32.dll
0x00007ffd0a0d0000 - 0x00007ffd0a16e000 	C:\WINDOWS\System32\msvcrt.dll
0x00007ffd0a3c0000 - 0x00007ffd0a419000 	C:\WINDOWS\System32\sechost.dll
0x00007ffd09bd0000 - 0x00007ffd09cf1000 	C:\WINDOWS\System32\RPCRT4.dll
0x00007ffd09d00000 - 0x00007ffd09e65000 	C:\WINDOWS\System32\USER32.dll
0x00007ffd08ad0000 - 0x00007ffd08aee000 	C:\WINDOWS\System32\win32u.dll
0x00007ffd0a080000 - 0x00007ffd0a0b4000 	C:\WINDOWS\System32\GDI32.dll
0x00007ffd08d10000 - 0x00007ffd08e92000 	C:\WINDOWS\System32\gdi32full.dll
0x00007ffcfca00000 - 0x00007ffcfcc79000 	C:\WINDOWS\WinSxS\amd64_microsoft.windows.common-controls_6595b64144ccf1df_6.0.14393.0_none_2d0f50fcbdb171b8\COMCTL32.dll
0x00007ffd0c200000 - 0x00007ffd0c4c7000 	C:\WINDOWS\System32\combase.dll
0x00007ffd08c10000 - 0x00007ffd08d05000 	C:\WINDOWS\System32\ucrtbase.dll
0x00007ffd08af0000 - 0x00007ffd08b5a000 	C:\WINDOWS\System32\bcryptPrimitives.dll
0x00007ffd09b30000 - 0x00007ffd09b5e000 	C:\WINDOWS\System32\IMM32.DLL
0x00000000663a0000 - 0x0000000066472000 	C:\Program Files\Java\jdk1.8.0_66\jre\bin\msvcr100.dll
0x00000000667e0000 - 0x0000000067069000 	C:\Program Files\Java\jdk1.8.0_66\jre\bin\server\jvm.dll
0x00007ffd0a0c0000 - 0x00007ffd0a0c8000 	C:\WINDOWS\System32\PSAPI.DLL
0x00007ffcfb500000 - 0x00007ffcfb509000 	C:\WINDOWS\SYSTEM32\WSOCK32.dll
0x00007ffd09ac0000 - 0x00007ffd09b2a000 	C:\WINDOWS\System32\WS2_32.dll
0x00007ffd06a40000 - 0x00007ffd06a63000 	C:\WINDOWS\SYSTEM32\WINMM.dll
0x00007ffd07b10000 - 0x00007ffd07b1a000 	C:\WINDOWS\SYSTEM32\VERSION.dll
0x00007ffd06880000 - 0x00007ffd068ab000 	C:\WINDOWS\SYSTEM32\WINMMBASE.dll
0x00007ffd097a0000 - 0x00007ffd097e2000 	C:\WINDOWS\System32\cfgmgr32.dll
0x0000000067400000 - 0x000000006740f000 	C:\Program Files\Java\jdk1.8.0_66\jre\bin\verify.dll
0x00000000673d0000 - 0x00000000673f9000 	C:\Program Files\Java\jdk1.8.0_66\jre\bin\java.dll
0x00000000667c0000 - 0x00000000667d6000 	C:\Program Files\Java\jdk1.8.0_66\jre\bin\zip.dll
0x00007ffd0a4d0000 - 0x00007ffd0b9d8000 	C:\WINDOWS\System32\SHELL32.dll
0x00007ffd090c0000 - 0x00007ffd0979a000 	C:\WINDOWS\System32\windows.storage.dll
0x00007ffd089d0000 - 0x00007ffd08a1c000 	C:\WINDOWS\System32\powrprof.dll
0x00007ffd0bc10000 - 0x00007ffd0bc62000 	C:\WINDOWS\System32\shlwapi.dll
0x00007ffd08990000 - 0x00007ffd0899f000 	C:\WINDOWS\System32\kernel.appcore.dll
0x00007ffd08a20000 - 0x00007ffd08ac9000 	C:\WINDOWS\System32\shcore.dll
0x00007ffd089a0000 - 0x00007ffd089b4000 	C:\WINDOWS\System32\profapi.dll

VM Arguments:
jvm_args: -Djava.awt.headless=true -Xmx4g -Dfile.encoding=windows-1252 -Duser.country=CA -Duser.language=fr -Duser.variant 
java_command: com.android.dx.command.Main --dex --force-jumbo --num-threads=4 --multi-dex --output C:\Users\Proprietaire\Contacts\Desktop\ACRCloud-android-sdk-1.3.2\ConnectTheDots\app\build\intermediates\transforms\dex\debug\folders\1000\10\com.android.support-appcompat-v7-24.1.1_473551d13a08fbb4a703bce9fc9e58006d0ac95c C:\Users\Proprietaire\Contacts\Desktop\ACRCloud-android-sdk-1.3.2\ConnectTheDots\app\build\intermediates\exploded-aar\com.android.support\appcompat-v7\24.1.1\jars\classes.jar
java_class_path (initial): C:\Users\Proprietaire\AppData\Local\Android\sdk\build-tools\24.0.1\lib\dx.jar
Launcher Type: SUN_STANDARD

Environment Variables:
PATH=C:\wamp\bin\php\php7.0.4;C:\Program Files (x86)\NVIDIA Corporation\PhysX\Common;C:\ProgramData\Oracle\Java\javapath;C:\Program Files\Common Files\Microsoft Shared\Windows Live;C:\Program Files (x86)\Common Files\Microsoft Shared\Windows Live;C:\windows\system32;C:\windows;C:\windows\System32\Wbem;C:\windows\System32\WindowsPowerShell\v1.0\;C:\Program Files (x86)\Intel\Services\IPT\;C:\Python34\;C:\Python34\Scripts;C:\Program Files (x86)\Windows Live\Shared;C:\WINDOWS\system32;C:\WINDOWS;C:\WINDOWS\System32\Wbem;C:\WINDOWS\System32\WindowsPowerShell\v1.0\;C:\WINDOWS\system32;C:\WINDOWS;C:\WINDOWS\System32\Wbem;C:\WINDOWS\System32\WindowsPowerShell\v1.0\;C:\Program Files (x86)\Skype\Phone\;C:\Python35-32;C:\Program Files (x86)\GtkSharp\2.12\bin;C:\Program Files\Microsoft SQL Server\110\Tools\Binn\;C:\Program Files\Microsoft SQL Server\120\Tools\Binn\;C:\Program Files\Microsoft SQL Server\Client SDK\ODBC\110\Tools\Binn\;C:\Program Files (x86)\Microsoft SQL Server\120\Tools\Binn\;C:\Program Files\Microsoft SQL Server\120\DTS\Binn\;C:\Program Files (x86)\Microsoft SQL Server\120\Tools\Binn\ManagementStudio\;C:\Program Files (x86)\Microsoft SQL Server\120\DTS\Binn\;C:\WINDOWS\system32\config\systemprofile\.dnx\bin;C:\Program Files\Microsoft DNX\Dnvm\;C:\Program Files (x86)\Windows Kits\10\Windows Performance Toolkit\;C:\Program Files (x86)\Druide\Antidote 9\Application\Bin64\;C:\Program Files (x86)\Druide\Antidote 9\Application\Bin32\;C:\Program Files\TortoiseSVN\bin;C:\ProgramData\ComposerSetup\bin;C:\Program Files\Git\cmd;C:\Program Files\nodejs\;C:\Users\Proprietaire\AppData\Local\Programs\Python\Python35-32\Scripts\;C:\Users\Proprietaire\AppData\Local\Programs\Python\Python35-32\;C:\Users\Proprietaire\AppData\Local\Microsoft\WindowsApps;C:\Users\Proprietaire\AppData\Roaming\Composer\vendor\bin;C:\Users\Proprietaire\AppData\Roaming\npm
USERNAME=Étienne
OS=Windows_NT
PROCESSOR_IDENTIFIER=Intel64 Family 6 Model 42 Stepping 7, GenuineIntel



---------------  S Y S T E M  ---------------

OS: Windows 10.0 , 64 bit Build 14393 (10.0.14393.0)

CPU:total 4 (2 cores per cpu, 2 threads per core) family 6 model 42 stepping 7, cmov, cx8, fxsr, mmx, sse, sse2, sse3, ssse3, sse4.1, sse4.2, popcnt, avx, aes, clmul, ht, tsc, tscinvbit

Memory: 4k page, physical 8321396k(1682344k free), swap 9753972k(5348k free)

vm_info: Java HotSpot(TM) 64-Bit Server VM (25.66-b17) for windows-amd64 JRE (1.8.0_66-b17), built on Oct  6 2015 18:55:33 by "java_re" with MS VC++ 10.0 (VS2010)

time: Tue Sep 20 15:45:27 2016
elapsed time: 3 seconds (0d 0h 0m 3s)

