#
# There is insufficient memory for the Java Runtime Environment to continue.
# Native memory allocation (malloc) failed to allocate 1035856 bytes for Chunk::new
# Possible reasons:
#   The system is out of physical RAM or swap space
#   In 32 bit mode, the process size limit was hit
# Possible solutions:
#   Reduce memory load on the system
#   Increase physical memory or swap space
#   Check if swap backing store is full
#   Use 64 bit Java on a 64 bit OS
#   Decrease Java heap size (-Xmx/-Xms)
#   Decrease number of Java threads
#   Decrease Java thread stack sizes (-Xss)
#   Set larger code cache with -XX:ReservedCodeCacheSize=
# This output file may be truncated or incomplete.
#
#  Out of Memory Error (allocation.cpp:390), pid=2224, tid=14008
#
# JRE version: Java(TM) SE Runtime Environment (8.0_66-b17) (build 1.8.0_66-b17)
# Java VM: Java HotSpot(TM) 64-Bit Server VM (25.66-b17 mixed mode windows-amd64 compressed oops)
# Failed to write core dump. Minidumps are not enabled by default on client versions of Windows
#

---------------  T H R E A D  ---------------

Current thread (0x000000001bbe0000):  JavaThread "C2 CompilerThread0" daemon [_thread_in_native, id=14008, stack(0x000000001d250000,0x000000001d350000)]

Stack: [0x000000001d250000,0x000000001d350000]
[error occurred during error reporting (printing stack bounds), id 0xc0000005]

Native frames: (J=compiled Java code, j=interpreted, Vv=VM code, C=native code)


Current CompileTask:
C2:  23574 2856 %     4       com.android.dx.dex.code.LocalList::make @ 16 (102 bytes)


---------------  P R O C E S S  ---------------

Java Threads: ( => current thread )
  0x000000001d6e3000 JavaThread "pool-1-thread-1" [_thread_in_Java, id=5436, stack(0x00000000207f0000,0x00000000208f0000)]
  0x000000001d45f000 JavaThread "Service Thread" daemon [_thread_blocked, id=8824, stack(0x000000001d950000,0x000000001da50000)]
  0x000000001d458800 JavaThread "C1 CompilerThread2" daemon [_thread_in_vm, id=6632, stack(0x000000001d850000,0x000000001d950000)]
  0x000000001bbe2000 JavaThread "C2 CompilerThread1" daemon [_thread_in_native, id=6296, stack(0x000000001d350000,0x000000001d450000)]
=>0x000000001bbe0000 JavaThread "C2 CompilerThread0" daemon [_thread_in_native, id=14008, stack(0x000000001d250000,0x000000001d350000)]
  0x000000001bbdd000 JavaThread "Attach Listener" daemon [_thread_blocked, id=6004, stack(0x000000001d150000,0x000000001d250000)]
  0x000000001bbdb800 JavaThread "Signal Dispatcher" daemon [_thread_blocked, id=14204, stack(0x000000001d050000,0x000000001d150000)]
  0x0000000002501800 JavaThread "Finalizer" daemon [_thread_blocked, id=14548, stack(0x000000001ce40000,0x000000001cf40000)]
  0x00000000024fe800 JavaThread "Reference Handler" daemon [_thread_blocked, id=11212, stack(0x000000001cd40000,0x000000001ce40000)]
  0x0000000002412800 JavaThread "main" [_thread_blocked, id=6484, stack(0x0000000002310000,0x0000000002410000)]

Other Threads:
  0x000000001bba8800 VMThread [stack: 0x000000001cc40000,0x000000001cd40000] [id=14476]
  0x000000001d462000 WatcherThread [stack: 0x000000001da50000,0x000000001db50000] [id=12984]

VM state:not at safepoint (normal execution)

VM Mutex/Monitor currently owned by a thread: None

Heap:
 PSYoungGen      total 290304K, used 119967K [0x000000076ab00000, 0x000000077f000000, 0x00000007c0000000)
  eden space 261632K, 35% used [0x000000076ab00000,0x00000007706b3900,0x000000077aa80000)
  from space 28672K, 90% used [0x000000077cb00000,0x000000077e4746a8,0x000000077e700000)
  to   space 33280K, 0% used [0x000000077aa80000,0x000000077aa80000,0x000000077cb00000)
 ParOldGen       total 87552K, used 44401K [0x00000006c0000000, 0x00000006c5580000, 0x000000076ab00000)
  object space 87552K, 50% used [0x00000006c0000000,0x00000006c2b5c548,0x00000006c5580000)
 Metaspace       used 6909K, capacity 7608K, committed 7936K, reserved 1056768K
  class space    used 645K, capacity 688K, committed 768K, reserved 1048576K

Card table byte_map: [0x00000000118d0000,0x00000000120e0000] byte_map_base: 0x000000000e2d0000

Marking Bits: (ParMarkBitMap*) 0x0000000066fea5b0
 Begin Bits: [0x0000000012a40000, 0x0000000016a40000)
 End Bits:   [0x0000000016a40000, 0x000000001aa40000)

Polling page: 0x0000000000780000

CodeCache: size=245760Kb used=11075Kb max_used=11797Kb free=234684Kb
 bounds [0x0000000002510000, 0x00000000030b0000, 0x0000000011510000]
 total_blobs=2669 nmethods=2397 adapters=183
 compilation: enabled

Compilation events (10 events):
Event: 23.563 Thread 0x000000001d458800 2939       3       com.android.dx.dex.file.StringDataItem::compareTo0 (17 bytes)
Event: 23.564 Thread 0x000000001d458800 nmethod 2939 0x0000000002a86fd0 code [0x0000000002a871a0, 0x0000000002a87b38]
Event: 23.568 Thread 0x000000001d458800 2942       3       com.android.dx.dex.file.DebugInfoItem::itemType (4 bytes)
Event: 23.568 Thread 0x000000001d458800 nmethod 2942 0x0000000002d7ca90 code [0x0000000002d7cbe0, 0x0000000002d7cd30]
Event: 23.568 Thread 0x000000001d458800 2944       1       com.android.dx.dex.file.DebugInfoItem::itemType (4 bytes)
Event: 23.568 Thread 0x000000001d458800 nmethod 2944 0x0000000002a86d10 code [0x0000000002a86e60, 0x0000000002a86f70]
Event: 23.569 Thread 0x000000001d458800 2945       1       com.android.dx.dex.file.AnnotationItem::itemType (4 bytes)
Event: 23.569 Thread 0x000000001d458800 nmethod 2945 0x0000000002a86a50 code [0x0000000002a86ba0, 0x0000000002a86cb0]
Event: 23.570 Thread 0x000000001d458800 2946       3       com.android.dx.dex.file.EncodedArrayItem::itemType (4 bytes)
Event: 23.570 Thread 0x000000001d458800 nmethod 2946 0x0000000002a86710 code [0x0000000002a86860, 0x0000000002a869b0]

GC Heap History (10 events):
Event: 7.926 GC heap before
{Heap before GC invocations=2 (full 0):
 PSYoungGen      total 38400K, used 38196K [0x000000076ab00000, 0x000000076f600000, 0x00000007c0000000)
  eden space 33280K, 100% used [0x000000076ab00000,0x000000076cb80000,0x000000076cb80000)
  from space 5120K, 96% used [0x000000076cb80000,0x000000076d04d260,0x000000076d080000)
  to   space 5120K, 0% used [0x000000076f100000,0x000000076f100000,0x000000076f600000)
 ParOldGen       total 87552K, used 8K [0x00000006c0000000, 0x00000006c5580000, 0x000000076ab00000)
  object space 87552K, 0% used [0x00000006c0000000,0x00000006c0002000,0x00000006c5580000)
 Metaspace       used 6186K, capacity 7088K, committed 7296K, reserved 1056768K
  class space    used 602K, capacity 616K, committed 640K, reserved 1048576K
Event: 8.065 GC heap after
Heap after GC invocations=2 (full 0):
 PSYoungGen      total 71680K, used 5090K [0x000000076ab00000, 0x000000076f600000, 0x00000007c0000000)
  eden space 66560K, 0% used [0x000000076ab00000,0x000000076ab00000,0x000000076ec00000)
  from space 5120K, 99% used [0x000000076f100000,0x000000076f5f88d8,0x000000076f600000)
  to   space 5120K, 0% used [0x000000076ec00000,0x000000076ec00000,0x000000076f100000)
 ParOldGen       total 87552K, used 3319K [0x00000006c0000000, 0x00000006c5580000, 0x000000076ab00000)
  object space 87552K, 3% used [0x00000006c0000000,0x00000006c033dfe0,0x00000006c5580000)
 Metaspace       used 6186K, capacity 7088K, committed 7296K, reserved 1056768K
  class space    used 602K, capacity 616K, committed 640K, reserved 1048576K
}
Event: 11.622 GC heap before
{Heap before GC invocations=3 (full 0):
 PSYoungGen      total 71680K, used 71650K [0x000000076ab00000, 0x000000076f600000, 0x00000007c0000000)
  eden space 66560K, 100% used [0x000000076ab00000,0x000000076ec00000,0x000000076ec00000)
  from space 5120K, 99% used [0x000000076f100000,0x000000076f5f88d8,0x000000076f600000)
  to   space 5120K, 0% used [0x000000076ec00000,0x000000076ec00000,0x000000076f100000)
 ParOldGen       total 87552K, used 3319K [0x00000006c0000000, 0x00000006c5580000, 0x000000076ab00000)
  object space 87552K, 3% used [0x00000006c0000000,0x00000006c033dfe0,0x00000006c5580000)
 Metaspace       used 6252K, capacity 7152K, committed 7296K, reserved 1056768K
  class space    used 603K, capacity 616K, committed 640K, reserved 1048576K
Event: 11.887 GC heap after
Heap after GC invocations=3 (full 0):
 PSYoungGen      total 71680K, used 5096K [0x000000076ab00000, 0x0000000773700000, 0x00000007c0000000)
  eden space 66560K, 0% used [0x000000076ab00000,0x000000076ab00000,0x000000076ec00000)
  from space 5120K, 99% used [0x000000076ec00000,0x000000076f0fa298,0x000000076f100000)
  to   space 5120K, 0% used [0x0000000773200000,0x0000000773200000,0x0000000773700000)
 ParOldGen       total 87552K, used 12422K [0x00000006c0000000, 0x00000006c5580000, 0x000000076ab00000)
  object space 87552K, 14% used [0x00000006c0000000,0x00000006c0c21bd0,0x00000006c5580000)
 Metaspace       used 6252K, capacity 7152K, committed 7296K, reserved 1056768K
  class space    used 603K, capacity 616K, committed 640K, reserved 1048576K
}
Event: 15.057 GC heap before
{Heap before GC invocations=4 (full 0):
 PSYoungGen      total 71680K, used 71656K [0x000000076ab00000, 0x0000000773700000, 0x00000007c0000000)
  eden space 66560K, 100% used [0x000000076ab00000,0x000000076ec00000,0x000000076ec00000)
  from space 5120K, 99% used [0x000000076ec00000,0x000000076f0fa298,0x000000076f100000)
  to   space 5120K, 0% used [0x0000000773200000,0x0000000773200000,0x0000000773700000)
 ParOldGen       total 87552K, used 12422K [0x00000006c0000000, 0x00000006c5580000, 0x000000076ab00000)
  object space 87552K, 14% used [0x00000006c0000000,0x00000006c0c21bd0,0x00000006c5580000)
 Metaspace       used 6336K, capacity 7152K, committed 7296K, reserved 1056768K
  class space    used 603K, capacity 616K, committed 640K, reserved 1048576K
Event: 15.306 GC heap after
Heap after GC invocations=4 (full 0):
 PSYoungGen      total 138240K, used 5096K [0x000000076ab00000, 0x0000000773700000, 0x00000007c0000000)
  eden space 133120K, 0% used [0x000000076ab00000,0x000000076ab00000,0x0000000772d00000)
  from space 5120K, 99% used [0x0000000773200000,0x00000007736fa298,0x0000000773700000)
  to   space 5120K, 0% used [0x0000000772d00000,0x0000000772d00000,0x0000000773200000)
 ParOldGen       total 87552K, used 22524K [0x00000006c0000000, 0x00000006c5580000, 0x000000076ab00000)
  object space 87552K, 25% used [0x00000006c0000000,0x00000006c15ff088,0x00000006c5580000)
 Metaspace       used 6336K, capacity 7152K, committed 7296K, reserved 1056768K
  class space    used 603K, capacity 616K, committed 640K, reserved 1048576K
}
Event: 19.902 GC heap before
{Heap before GC invocations=5 (full 0):
 PSYoungGen      total 138240K, used 138216K [0x000000076ab00000, 0x0000000773700000, 0x00000007c0000000)
  eden space 133120K, 100% used [0x000000076ab00000,0x0000000772d00000,0x0000000772d00000)
  from space 5120K, 99% used [0x0000000773200000,0x00000007736fa298,0x0000000773700000)
  to   space 5120K, 0% used [0x0000000772d00000,0x0000000772d00000,0x0000000773200000)
 ParOldGen       total 87552K, used 22524K [0x00000006c0000000, 0x00000006c5580000, 0x000000076ab00000)
  object space 87552K, 25% used [0x00000006c0000000,0x00000006c15ff088,0x00000006c5580000)
 Metaspace       used 6530K, capacity 7256K, committed 7424K, reserved 1056768K
  class space    used 624K, capacity 656K, committed 768K, reserved 1048576K
Event: 20.142 GC heap after
Heap after GC invocations=5 (full 0):
 PSYoungGen      total 138240K, used 5105K [0x000000076ab00000, 0x000000077e700000, 0x00000007c0000000)
  eden space 133120K, 0% used [0x000000076ab00000,0x000000076ab00000,0x0000000772d00000)
  from space 5120K, 99% used [0x0000000772d00000,0x00000007731fc4f0,0x0000000773200000)
  to   space 28672K, 0% used [0x000000077cb00000,0x000000077cb00000,0x000000077e700000)
 ParOldGen       total 87552K, used 44401K [0x00000006c0000000, 0x00000006c5580000, 0x000000076ab00000)
  object space 87552K, 50% used [0x00000006c0000000,0x00000006c2b5c548,0x00000006c5580000)
 Metaspace       used 6530K, capacity 7256K, committed 7424K, reserved 1056768K
  class space    used 624K, capacity 656K, committed 768K, reserved 1048576K
}
Event: 21.426 GC heap before
{Heap before GC invocations=6 (full 0):
 PSYoungGen      total 138240K, used 138225K [0x000000076ab00000, 0x000000077e700000, 0x00000007c0000000)
  eden space 133120K, 100% used [0x000000076ab00000,0x0000000772d00000,0x0000000772d00000)
  from space 5120K, 99% used [0x0000000772d00000,0x00000007731fc4f0,0x0000000773200000)
  to   space 28672K, 0% used [0x000000077cb00000,0x000000077cb00000,0x000000077e700000)
 ParOldGen       total 87552K, used 44401K [0x00000006c0000000, 0x00000006c5580000, 0x000000076ab00000)
  object space 87552K, 50% used [0x00000006c0000000,0x00000006c2b5c548,0x00000006c5580000)
 Metaspace       used 6543K, capacity 7256K, committed 7424K, reserved 1056768K
  class space    used 624K, capacity 656K, committed 768K, reserved 1048576K
Event: 21.511 GC heap after
Heap after GC invocations=6 (full 0):
 PSYoungGen      total 290304K, used 26065K [0x000000076ab00000, 0x000000077f000000, 0x00000007c0000000)
  eden space 261632K, 0% used [0x000000076ab00000,0x000000076ab00000,0x000000077aa80000)
  from space 28672K, 90% used [0x000000077cb00000,0x000000077e4746a8,0x000000077e700000)
  to   space 33280K, 0% used [0x000000077aa80000,0x000000077aa80000,0x000000077cb00000)
 ParOldGen       total 87552K, used 44401K [0x00000006c0000000, 0x00000006c5580000, 0x000000076ab00000)
  object space 87552K, 50% used [0x00000006c0000000,0x00000006c2b5c548,0x00000006c5580000)
 Metaspace       used 6543K, capacity 7256K, committed 7424K, reserved 1056768K
  class space    used 624K, capacity 656K, committed 768K, reserved 1048576K
}

Deoptimization events (10 events):
Event: 22.932 Thread 0x000000001d6e3000 Uncommon trap: reason=speculate_class_check action=maybe_recompile pc=0x00000000028cf350 method=com.android.dx.util.FixedSizeList.equals(Ljava/lang/Object;)Z @ 25
Event: 22.933 Thread 0x000000001d6e3000 Uncommon trap: reason=unstable_if action=reinterpret pc=0x0000000002d17540 method=java.util.TreeMap.put(Ljava/lang/Object;Ljava/lang/Object;)Ljava/lang/Object; @ 163
Event: 22.949 Thread 0x000000001d6e3000 Uncommon trap: reason=unstable_if action=reinterpret pc=0x0000000002979118 method=com.android.dx.dex.code.OutputFinisher.findOpcodeForInsn(Lcom/android/dx/dex/code/DalvInsn;Lcom/android/dx/dex/code/Dop;)Lcom/android/dx/dex/code/Dop; @ 1
Event: 22.984 Thread 0x000000001d6e3000 Uncommon trap: reason=unstable_if action=reinterpret pc=0x0000000002dbfcc4 method=com.android.dx.rop.code.RegisterSpec.matchesVariable(Lcom/android/dx/rop/code/RegisterSpec;)Z @ 59
Event: 23.031 Thread 0x000000001d6e3000 Uncommon trap: reason=array_check action=maybe_recompile pc=0x00000000029a2478 method=java.util.ComparableTimSort.binarySort([Ljava/lang/Object;III)V @ 183
Event: 23.144 Thread 0x000000001d6e3000 Uncommon trap: reason=array_check action=maybe_recompile pc=0x00000000029a23b0 method=java.util.ComparableTimSort.binarySort([Ljava/lang/Object;III)V @ 193
Event: 23.191 Thread 0x000000001d6e3000 Uncommon trap: reason=unstable_if action=reinterpret pc=0x0000000002bfdd3c method=com.android.dx.dex.code.OutputFinisher.align64bits([Lcom/android/dx/dex/code/Dop;)V @ 205
Event: 23.221 Thread 0x000000001d6e3000 Uncommon trap: reason=unstable_if action=reinterpret pc=0x000000000286be94 method=com.android.dx.dex.code.LocalList$MakeState.snapshot(ILcom/android/dx/rop/code/RegisterSpecSet;)V @ 86
Event: 23.258 Thread 0x000000001d6e3000 Uncommon trap: reason=array_check action=maybe_recompile pc=0x00000000029a23b0 method=java.util.ComparableTimSort.binarySort([Ljava/lang/Object;III)V @ 193
Event: 23.387 Thread 0x000000001d6e3000 Uncommon trap: reason=array_check action=maybe_recompile pc=0x00000000029a2478 method=java.util.ComparableTimSort.binarySort([Ljava/lang/Object;III)V @ 183

Internal exceptions (7 events):
Event: 0.069 Thread 0x0000000002412800 Exception <a 'java/lang/NoSuchMethodError': Method sun.misc.Unsafe.defineClass(Ljava/lang/String;[BII)Ljava/lang/Class; name or signature does not match> (0x000000076ab0e0f8) thrown at [C:\re\workspace\8-2-build-windows-amd64-cygwin\jdk8u66\4988\hotspot\srÌ¯Å“ÑÀ±?
Event: 0.070 Thread 0x0000000002412800 Exception <a 'java/lang/NoSuchMethodError': Method sun.misc.Unsafe.prefetchRead(Ljava/lang/Object;J)V name or signature does not match> (0x000000076ab0e3e0) thrown at [C:\re\workspace\8-2-build-windows-amd64-cygwin\jdk8u66\4988\hotspot\src\share\vm\prims\jb£$>Û| @
Event: 8.244 Thread 0x000000001d6e5000 Implicit null exception at 0x0000000002af43ae to 0x0000000002af685d
Event: 17.368 Thread 0x000000001d6e5000 Implicit null exception at 0x0000000002b91ff6 to 0x0000000002b9329d
Event: 18.121 Thread 0x000000001d6a5000 Exception <a 'java/lang/ArrayIndexOutOfBoundsException': 18> (0x000000076f831968) thrown at [C:\re\workspace\8-2-build-windows-amd64-cygwin\jdk8u66\4988\hotspot\src\share\vm\interpreter\interpreterRuntime.cpp, line 366]
Event: 18.123 Thread 0x000000001d6a5000 Exception <a 'java/lang/ArrayIndexOutOfBoundsException': 145> (0x000000076f8334e8) thrown at [C:\re\workspace\8-2-build-windows-amd64-cygwin\jdk8u66\4988\hotspot\src\share\vm\interpreter\interpreterRuntime.cpp, line 366]
Event: 18.124 Thread 0x000000001d6a5000 Exception <a 'java/lang/ArrayIndexOutOfBoundsException'> (0x000000076f8347d0) thrown at [C:\re\workspace\8-2-build-windows-amd64-cygwin\jdk8u66\4988\hotspot\src\share\vm\runtime\sharedRuntime.cpp, line 605]

Events (10 events):
Event: 23.244 Thread 0x000000001d6e3000 DEOPT PACKING pc=0x0000000002ab91b3 sp=0x00000000208eec60
Event: 23.244 Thread 0x000000001d6e3000 DEOPT UNPACKING pc=0x000000000255787f sp=0x00000000208ee9b0 mode 0
Event: 23.258 Thread 0x000000001d6e3000 Uncommon trap: trap_request=0xffffffd6 fr.pc=0x00000000029a23b0
Event: 23.258 Thread 0x000000001d6e3000 DEOPT PACKING pc=0x00000000029a23b0 sp=0x00000000208eec70
Event: 23.258 Thread 0x000000001d6e3000 DEOPT UNPACKING pc=0x000000000255582a sp=0x00000000208eec18 mode 2
Event: 23.387 Thread 0x000000001d6e3000 Uncommon trap: trap_request=0xffffffd6 fr.pc=0x00000000029a2478
Event: 23.387 Thread 0x000000001d6e3000 DEOPT PACKING pc=0x00000000029a2478 sp=0x00000000208eec70
Event: 23.387 Thread 0x000000001d6e3000 DEOPT UNPACKING pc=0x000000000255582a sp=0x00000000208eec18 mode 2
Event: 23.570 loading class com/android/dx/dex/file/DebugInfoEncoder
Event: 23.570 loading class com/android/dx/dex/file/DebugInfoEncoder done


Dynamic libraries:
0x00007ff6a0340000 - 0x00007ff6a0377000 	C:\Program Files\Java\jdk1.8.0_66\bin\java.exe
0x00007ffd0c550000 - 0x00007ffd0c721000 	C:\WINDOWS\SYSTEM32\ntdll.dll
0x00007ffd0a420000 - 0x00007ffd0a4cb000 	C:\WINDOWS\System32\KERNEL32.DLL
0x00007ffd08ea0000 - 0x00007ffd090bd000 	C:\WINDOWS\System32\KERNELBASE.dll
0x00007ffd0b9e0000 - 0x00007ffd0ba82000 	C:\WINDOWS\System32\ADVAPI32.dll
0x00007ffd0a0d0000 - 0x00007ffd0a16e000 	C:\WINDOWS\System32\msvcrt.dll
0x00007ffd0a3c0000 - 0x00007ffd0a419000 	C:\WINDOWS\System32\sechost.dll
0x00007ffd09bd0000 - 0x00007ffd09cf1000 	C:\WINDOWS\System32\RPCRT4.dll
0x00007ffd09d00000 - 0x00007ffd09e65000 	C:\WINDOWS\System32\USER32.dll
0x00007ffd08ad0000 - 0x00007ffd08aee000 	C:\WINDOWS\System32\win32u.dll
0x00007ffd0a080000 - 0x00007ffd0a0b4000 	C:\WINDOWS\System32\GDI32.dll
0x00007ffd08d10000 - 0x00007ffd08e92000 	C:\WINDOWS\System32\gdi32full.dll
0x00007ffcfca00000 - 0x00007ffcfcc79000 	C:\WINDOWS\WinSxS\amd64_microsoft.windows.common-controls_6595b64144ccf1df_6.0.14393.0_none_2d0f50fcbdb171b8\COMCTL32.dll
0x00007ffd0c200000 - 0x00007ffd0c4c7000 	C:\WINDOWS\System32\combase.dll
0x00007ffd08c10000 - 0x00007ffd08d05000 	C:\WINDOWS\System32\ucrtbase.dll
0x00007ffd08af0000 - 0x00007ffd08b5a000 	C:\WINDOWS\System32\bcryptPrimitives.dll
0x00007ffd09b30000 - 0x00007ffd09b5e000 	C:\WINDOWS\System32\IMM32.DLL
0x00000000663a0000 - 0x0000000066472000 	C:\Program Files\Java\jdk1.8.0_66\jre\bin\msvcr100.dll
0x00000000667e0000 - 0x0000000067069000 	C:\Program Files\Java\jdk1.8.0_66\jre\bin\server\jvm.dll
0x00007ffd0a0c0000 - 0x00007ffd0a0c8000 	C:\WINDOWS\System32\PSAPI.DLL
0x00007ffcfb500000 - 0x00007ffcfb509000 	C:\WINDOWS\SYSTEM32\WSOCK32.dll
0x00007ffd09ac0000 - 0x00007ffd09b2a000 	C:\WINDOWS\System32\WS2_32.dll
0x00007ffd06a40000 - 0x00007ffd06a63000 	C:\WINDOWS\SYSTEM32\WINMM.dll
0x00007ffd07b10000 - 0x00007ffd07b1a000 	C:\WINDOWS\SYSTEM32\VERSION.dll
0x00007ffd06880000 - 0x00007ffd068ab000 	C:\WINDOWS\SYSTEM32\WINMMBASE.dll
0x00007ffd097a0000 - 0x00007ffd097e2000 	C:\WINDOWS\System32\cfgmgr32.dll
0x0000000067400000 - 0x000000006740f000 	C:\Program Files\Java\jdk1.8.0_66\jre\bin\verify.dll
0x00000000673d0000 - 0x00000000673f9000 	C:\Program Files\Java\jdk1.8.0_66\jre\bin\java.dll
0x00000000667c0000 - 0x00000000667d6000 	C:\Program Files\Java\jdk1.8.0_66\jre\bin\zip.dll
0x00007ffd0a4d0000 - 0x00007ffd0b9d8000 	C:\WINDOWS\System32\SHELL32.dll
0x00007ffd090c0000 - 0x00007ffd0979a000 	C:\WINDOWS\System32\windows.storage.dll
0x00007ffd089d0000 - 0x00007ffd08a1c000 	C:\WINDOWS\System32\powrprof.dll
0x00007ffd0bc10000 - 0x00007ffd0bc62000 	C:\WINDOWS\System32\shlwapi.dll
0x00007ffd08990000 - 0x00007ffd0899f000 	C:\WINDOWS\System32\kernel.appcore.dll
0x00007ffd08a20000 - 0x00007ffd08ac9000 	C:\WINDOWS\System32\shcore.dll
0x00007ffd089a0000 - 0x00007ffd089b4000 	C:\WINDOWS\System32\profapi.dll

VM Arguments:
jvm_args: -Djava.awt.headless=true -Xmx4g -Dfile.encoding=windows-1252 -Duser.country=CA -Duser.language=fr -Duser.variant 
java_command: com.android.dx.command.Main --dex --force-jumbo --num-threads=4 --multi-dex --output C:\Users\Proprietaire\Contacts\Desktop\ACRCloud-android-sdk-1.3.2\ConnectTheDots\app\build\intermediates\transforms\dex\debug\folders\1000\10\com.android.support-support-v4-24.1.1_e5d1c142981dc63d3e6b94f78c4827458cd6c20e C:\Users\Proprietaire\Contacts\Desktop\ACRCloud-android-sdk-1.3.2\ConnectTheDots\app\build\intermediates\exploded-aar\com.android.support\support-v4\24.1.1\jars\classes.jar
java_class_path (initial): C:\Users\Proprietaire\AppData\Local\Android\sdk\build-tools\24.0.1\lib\dx.jar
Launcher Type: SUN_STANDARD

Environment Variables:
PATH=C:\wamp\bin\php\php7.0.4;C:\Program Files (x86)\NVIDIA Corporation\PhysX\Common;C:\ProgramData\Oracle\Java\javapath;C:\Program Files\Common Files\Microsoft Shared\Windows Live;C:\Program Files (x86)\Common Files\Microsoft Shared\Windows Live;C:\windows\system32;C:\windows;C:\windows\System32\Wbem;C:\windows\System32\WindowsPowerShell\v1.0\;C:\Program Files (x86)\Intel\Services\IPT\;C:\Python34\;C:\Python34\Scripts;C:\Program Files (x86)\Windows Live\Shared;C:\WINDOWS\system32;C:\WINDOWS;C:\WINDOWS\System32\Wbem;C:\WINDOWS\System32\WindowsPowerShell\v1.0\;C:\WINDOWS\system32;C:\WINDOWS;C:\WINDOWS\System32\Wbem;C:\WINDOWS\System32\WindowsPowerShell\v1.0\;C:\Program Files (x86)\Skype\Phone\;C:\Python35-32;C:\Program Files (x86)\GtkSharp\2.12\bin;C:\Program Files\Microsoft SQL Server\110\Tools\Binn\;C:\Program Files\Microsoft SQL Server\120\Tools\Binn\;C:\Program Files\Microsoft SQL Server\Client SDK\ODBC\110\Tools\Binn\;C:\Program Files (x86)\Microsoft SQL Server\120\Tools\Binn\;C:\Program Files\Microsoft SQL Server\120\DTS\Binn\;C:\Program Files (x86)\Microsoft SQL Server\120\Tools\Binn\ManagementStudio\;C:\Program Files (x86)\Microsoft SQL Server\120\DTS\Binn\;C:\WINDOWS\system32\config\systemprofile\.dnx\bin;C:\Program Files\Microsoft DNX\Dnvm\;C:\Program Files (x86)\Windows Kits\10\Windows Performance Toolkit\;C:\Program Files (x86)\Druide\Antidote 9\Application\Bin64\;C:\Program Files (x86)\Druide\Antidote 9\Application\Bin32\;C:\Program Files\TortoiseSVN\bin;C:\ProgramData\ComposerSetup\bin;C:\Program Files\Git\cmd;C:\Program Files\nodejs\;C:\Users\Proprietaire\AppData\Local\Programs\Python\Python35-32\Scripts\;C:\Users\Proprietaire\AppData\Local\Programs\Python\Python35-32\;C:\Users\Proprietaire\AppData\Local\Microsoft\WindowsApps;C:\Users\Proprietaire\AppData\Roaming\Composer\vendor\bin;C:\Users\Proprietaire\AppData\Roaming\npm
USERNAME=…tienne
OS=Windows_NT
PROCESSOR_IDENTIFIER=Intel64 Family 6 Model 42 Stepping 7, GenuineIntel



---------------  S Y S T E M  ---------------

OS: Windows 10.0 , 64 bit Build 14393 (10.0.14393.0)

CPU:total 4 (2 cores per cpu, 2 threads per core) family 6 model 42 stepping 7, cmov, cx8, fxsr, mmx, sse, sse2, sse3, ssse3, sse4.1, sse4.2, popcnt, avx, aes, clmul, ht, tsc, tscinvbit

Memory: 4k page, physical 8321396k(1884400k free), swap 9753972k(4100k free)

vm_info: Java HotSpot(TM) 64-Bit Server VM (25.66-b17) for windows-amd64 JRE (1.8.0_66-b17), built on Oct  6 2015 18:55:33 by "java_re" with MS VC++ 10.0 (VS2010)

time: Tue Sep 20 15:49:39 2016
elapsed time: 23 seconds (0d 0h 0m 23s)

