#
# There is insufficient memory for the Java Runtime Environment to continue.
# Native memory allocation (malloc) failed to allocate 1985936 bytes for Chunk::new
# Possible reasons:
#   The system is out of physical RAM or swap space
#   In 32 bit mode, the process size limit was hit
# Possible solutions:
#   Reduce memory load on the system
#   Increase physical memory or swap space
#   Check if swap backing store is full
#   Use 64 bit Java on a 64 bit OS
#   Decrease Java heap size (-Xmx/-Xms)
#   Decrease number of Java threads
#   Decrease Java thread stack sizes (-Xss)
#   Set larger code cache with -XX:ReservedCodeCacheSize=
# This output file may be truncated or incomplete.
#
#  Out of Memory Error (allocation.cpp:390), pid=6660, tid=4044
#
# JRE version: Java(TM) SE Runtime Environment (8.0_66-b17) (build 1.8.0_66-b17)
# Java VM: Java HotSpot(TM) 64-Bit Server VM (25.66-b17 mixed mode windows-amd64 compressed oops)
# Failed to write core dump. Minidumps are not enabled by default on client versions of Windows
#

---------------  T H R E A D  ---------------

Current thread (0x0000000014ebf000):  JavaThread "C2 CompilerThread0" daemon [_thread_in_native, id=4044, stack(0x0000000016530000,0x0000000016630000)]

Stack: [0x0000000016530000,0x0000000016630000]
[error occurred during error reporting (printing stack bounds), id 0xc0000005]

Native frames: (J=compiled Java code, j=interpreted, Vv=VM code, C=native code)


Current CompileTask:
C2:  14514 2211   !   4       com.android.dx.cf.code.BytecodeArray::parseInstruction (2764 bytes)


---------------  P R O C E S S  ---------------

Java Threads: ( => current thread )
  0x000000001697b800 JavaThread "pool-2-thread-4" [_thread_in_Java, id=16276, stack(0x0000000017230000,0x0000000017330000)]
  0x0000000016a00000 JavaThread "pool-2-thread-3" [_thread_in_Java, id=9704, stack(0x0000000017130000,0x0000000017230000)]
  0x00000000169fd800 JavaThread "pool-2-thread-2" [_thread_in_Java, id=15192, stack(0x0000000017030000,0x0000000017130000)]
  0x00000000169f4800 JavaThread "pool-3-thread-1" [_thread_blocked, id=3668, stack(0x0000000016f30000,0x0000000017030000)]
  0x0000000016ab8000 JavaThread "pool-2-thread-1" [_thread_in_Java, id=8884, stack(0x0000000016e30000,0x0000000016f30000)]
  0x000000001673e800 JavaThread "Service Thread" daemon [_thread_blocked, id=16176, stack(0x0000000016c30000,0x0000000016d30000)]
  0x0000000016738800 JavaThread "C1 CompilerThread2" daemon [_thread_blocked, id=14320, stack(0x0000000016b30000,0x0000000016c30000)]
  0x0000000014ec1000 JavaThread "C2 CompilerThread1" daemon [_thread_in_native, id=752, stack(0x0000000016630000,0x0000000016730000)]
=>0x0000000014ebf000 JavaThread "C2 CompilerThread0" daemon [_thread_in_native, id=4044, stack(0x0000000016530000,0x0000000016630000)]
  0x0000000014ebc000 JavaThread "Attach Listener" daemon [_thread_blocked, id=11028, stack(0x0000000016430000,0x0000000016530000)]
  0x0000000014eba800 JavaThread "Signal Dispatcher" daemon [_thread_blocked, id=10536, stack(0x0000000016330000,0x0000000016430000)]
  0x00000000027e1800 JavaThread "Finalizer" daemon [_thread_blocked, id=16164, stack(0x0000000016120000,0x0000000016220000)]
  0x00000000027de800 JavaThread "Reference Handler" daemon [_thread_blocked, id=14272, stack(0x0000000016020000,0x0000000016120000)]
  0x0000000000d7e000 JavaThread "main" [_thread_in_Java, id=11296, stack(0x00000000025f0000,0x00000000026f0000)]

Other Threads:
  0x0000000014e88800 VMThread [stack: 0x0000000015f20000,0x0000000016020000] [id=13064]
  0x0000000016742000 WatcherThread [stack: 0x0000000016d30000,0x0000000016e30000] [id=7500]

VM state:not at safepoint (normal execution)

VM Mutex/Monitor currently owned by a thread: None

Heap:
 PSYoungGen      total 122880K, used 42500K [0x00000000eab00000, 0x00000000f3a00000, 0x0000000100000000)
  eden space 101888K, 21% used [0x00000000eab00000,0x00000000ec002b88,0x00000000f0e80000)
  from space 20992K, 99% used [0x00000000f0e80000,0x00000000f22fe4d8,0x00000000f2300000)
  to   space 18432K, 0% used [0x00000000f2300000,0x00000000f2300000,0x00000000f3500000)
 ParOldGen       total 87552K, used 49015K [0x00000000c0000000, 0x00000000c5580000, 0x00000000eab00000)
  object space 87552K, 55% used [0x00000000c0000000,0x00000000c2fdddc8,0x00000000c5580000)
 Metaspace       used 6544K, capacity 7256K, committed 7424K, reserved 1056768K
  class space    used 623K, capacity 656K, committed 768K, reserved 1048576K

Card table byte_map: [0x0000000011bb0000,0x0000000011dc0000] byte_map_base: 0x00000000115b0000

Marking Bits: (ParMarkBitMap*) 0x000000006919a5b0
 Begin Bits: [0x0000000012320000, 0x0000000013320000)
 End Bits:   [0x0000000013320000, 0x0000000014320000)

Polling page: 0x0000000000d80000

CodeCache: size=245760Kb used=9244Kb max_used=9244Kb free=236515Kb
 bounds [0x00000000027f0000, 0x0000000003110000, 0x00000000117f0000]
 total_blobs=2387 nmethods=2117 adapters=182
 compilation: enabled

Compilation events (10 events):
Event: 14.466 Thread 0x0000000016738800 2222       2       com.android.dx.command.dexer.Main::parseClass (33 bytes)
Event: 14.467 Thread 0x0000000016738800 nmethod 2222 0x00000000030dded0 code [0x00000000030de060, 0x00000000030de378]
Event: 14.467 Thread 0x0000000016738800 2223       2       com.android.dx.cf.direct.DirectClassFile::<init> (15 bytes)
Event: 14.467 Thread 0x0000000016738800 nmethod 2223 0x00000000030e7350 code [0x00000000030e74c0, 0x00000000030e76d8]
Event: 14.467 Thread 0x0000000016738800 2224       2       com.android.dx.cf.direct.DirectClassFile::<init> (53 bytes)
Event: 14.468 Thread 0x0000000016738800 nmethod 2224 0x00000000030e6d90 code [0x00000000030e6f20, 0x00000000030e71f8]
Event: 14.468 Thread 0x0000000016738800 2225       2       com.android.dx.cf.direct.DirectClassFile::setAttributeFactory (20 bytes)
Event: 14.468 Thread 0x0000000016738800 nmethod 2225 0x00000000030d0e10 code [0x00000000030d0f80, 0x00000000030d1188]
Event: 14.468 Thread 0x0000000016738800 2226       2       com.android.dx.cf.direct.DirectClassFile::getMagic (9 bytes)
Event: 14.468 Thread 0x0000000016738800 nmethod 2226 0x00000000030e6950 code [0x00000000030e6ac0, 0x00000000030e6c78]

GC Heap History (10 events):
Event: 10.065 GC heap before
{Heap before GC invocations=5 (full 0):
 PSYoungGen      total 71680K, used 71656K [0x00000000eab00000, 0x00000000ef600000, 0x0000000100000000)
  eden space 66560K, 100% used [0x00000000eab00000,0x00000000eec00000,0x00000000eec00000)
  from space 5120K, 99% used [0x00000000ef100000,0x00000000ef5fa298,0x00000000ef600000)
  to   space 5120K, 0% used [0x00000000eec00000,0x00000000eec00000,0x00000000ef100000)
 ParOldGen       total 87552K, used 12827K [0x00000000c0000000, 0x00000000c5580000, 0x00000000eab00000)
  object space 87552K, 14% used [0x00000000c0000000,0x00000000c0c86de8,0x00000000c5580000)
 Metaspace       used 6330K, capacity 7152K, committed 7296K, reserved 1056768K
  class space    used 602K, capacity 616K, committed 640K, reserved 1048576K
Event: 10.108 GC heap after
Heap after GC invocations=5 (full 0):
 PSYoungGen      total 71680K, used 5096K [0x00000000eab00000, 0x00000000ef600000, 0x0000000100000000)
  eden space 66560K, 0% used [0x00000000eab00000,0x00000000eab00000,0x00000000eec00000)
  from space 5120K, 99% used [0x00000000eec00000,0x00000000ef0fa298,0x00000000ef100000)
  to   space 5120K, 0% used [0x00000000ef100000,0x00000000ef100000,0x00000000ef600000)
 ParOldGen       total 87552K, used 22997K [0x00000000c0000000, 0x00000000c5580000, 0x00000000eab00000)
  object space 87552K, 26% used [0x00000000c0000000,0x00000000c16755e0,0x00000000c5580000)
 Metaspace       used 6330K, capacity 7152K, committed 7296K, reserved 1056768K
  class space    used 602K, capacity 616K, committed 640K, reserved 1048576K
}
Event: 10.755 GC heap before
{Heap before GC invocations=6 (full 0):
 PSYoungGen      total 71680K, used 71656K [0x00000000eab00000, 0x00000000ef600000, 0x0000000100000000)
  eden space 66560K, 100% used [0x00000000eab00000,0x00000000eec00000,0x00000000eec00000)
  from space 5120K, 99% used [0x00000000eec00000,0x00000000ef0fa298,0x00000000ef100000)
  to   space 5120K, 0% used [0x00000000ef100000,0x00000000ef100000,0x00000000ef600000)
 ParOldGen       total 87552K, used 22997K [0x00000000c0000000, 0x00000000c5580000, 0x00000000eab00000)
  object space 87552K, 26% used [0x00000000c0000000,0x00000000c16755e0,0x00000000c5580000)
 Metaspace       used 6377K, capacity 7216K, committed 7296K, reserved 1056768K
  class space    used 602K, capacity 616K, committed 640K, reserved 1048576K
Event: 10.813 GC heap after
Heap after GC invocations=6 (full 0):
 PSYoungGen      total 57344K, used 5096K [0x00000000eab00000, 0x00000000f5300000, 0x0000000100000000)
  eden space 52224K, 0% used [0x00000000eab00000,0x00000000eab00000,0x00000000ede00000)
  from space 5120K, 99% used [0x00000000ef100000,0x00000000ef5fa2a8,0x00000000ef600000)
  to   space 19456K, 0% used [0x00000000ede00000,0x00000000ede00000,0x00000000ef100000)
 ParOldGen       total 87552K, used 34241K [0x00000000c0000000, 0x00000000c5580000, 0x00000000eab00000)
  object space 87552K, 39% used [0x00000000c0000000,0x00000000c21706d0,0x00000000c5580000)
 Metaspace       used 6377K, capacity 7216K, committed 7296K, reserved 1056768K
  class space    used 602K, capacity 616K, committed 640K, reserved 1048576K
}
Event: 11.175 GC heap before
{Heap before GC invocations=7 (full 0):
 PSYoungGen      total 57344K, used 57320K [0x00000000eab00000, 0x00000000f5300000, 0x0000000100000000)
  eden space 52224K, 100% used [0x00000000eab00000,0x00000000ede00000,0x00000000ede00000)
  from space 5120K, 99% used [0x00000000ef100000,0x00000000ef5fa2a8,0x00000000ef600000)
  to   space 19456K, 0% used [0x00000000ede00000,0x00000000ede00000,0x00000000ef100000)
 ParOldGen       total 87552K, used 34241K [0x00000000c0000000, 0x00000000c5580000, 0x00000000eab00000)
  object space 87552K, 39% used [0x00000000c0000000,0x00000000c21706d0,0x00000000c5580000)
 Metaspace       used 6491K, capacity 7256K, committed 7424K, reserved 1056768K
  class space    used 623K, capacity 656K, committed 768K, reserved 1048576K
Event: 11.334 GC heap after
Heap after GC invocations=7 (full 0):
 PSYoungGen      total 71680K, used 11197K [0x00000000eab00000, 0x00000000f3500000, 0x0000000100000000)
  eden space 52224K, 0% used [0x00000000eab00000,0x00000000eab00000,0x00000000ede00000)
  from space 19456K, 57% used [0x00000000ede00000,0x00000000ee8ef780,0x00000000ef100000)
  to   space 18432K, 0% used [0x00000000f2300000,0x00000000f2300000,0x00000000f3500000)
 ParOldGen       total 87552K, used 36622K [0x00000000c0000000, 0x00000000c5580000, 0x00000000eab00000)
  object space 87552K, 41% used [0x00000000c0000000,0x00000000c23c3bd8,0x00000000c5580000)
 Metaspace       used 6491K, capacity 7256K, committed 7424K, reserved 1056768K
  class space    used 623K, capacity 656K, committed 768K, reserved 1048576K
}
Event: 11.788 GC heap before
{Heap before GC invocations=8 (full 0):
 PSYoungGen      total 71680K, used 63421K [0x00000000eab00000, 0x00000000f3500000, 0x0000000100000000)
  eden space 52224K, 100% used [0x00000000eab00000,0x00000000ede00000,0x00000000ede00000)
  from space 19456K, 57% used [0x00000000ede00000,0x00000000ee8ef780,0x00000000ef100000)
  to   space 18432K, 0% used [0x00000000f2300000,0x00000000f2300000,0x00000000f3500000)
 ParOldGen       total 87552K, used 36622K [0x00000000c0000000, 0x00000000c5580000, 0x00000000eab00000)
  object space 87552K, 41% used [0x00000000c0000000,0x00000000c23c3bd8,0x00000000c5580000)
 Metaspace       used 6524K, capacity 7256K, committed 7424K, reserved 1056768K
  class space    used 623K, capacity 656K, committed 768K, reserved 1048576K
Event: 11.861 GC heap after
Heap after GC invocations=8 (full 0):
 PSYoungGen      total 120320K, used 18281K [0x00000000eab00000, 0x00000000f3a00000, 0x0000000100000000)
  eden space 101888K, 0% used [0x00000000eab00000,0x00000000eab00000,0x00000000f0e80000)
  from space 18432K, 99% used [0x00000000f2300000,0x00000000f34da4d8,0x00000000f3500000)
  to   space 20992K, 0% used [0x00000000f0e80000,0x00000000f0e80000,0x00000000f2300000)
 ParOldGen       total 87552K, used 37450K [0x00000000c0000000, 0x00000000c5580000, 0x00000000eab00000)
  object space 87552K, 42% used [0x00000000c0000000,0x00000000c2492a40,0x00000000c5580000)
 Metaspace       used 6524K, capacity 7256K, committed 7424K, reserved 1056768K
  class space    used 623K, capacity 656K, committed 768K, reserved 1048576K
}
Event: 13.948 GC heap before
{Heap before GC invocations=9 (full 0):
 PSYoungGen      total 120320K, used 120169K [0x00000000eab00000, 0x00000000f3a00000, 0x0000000100000000)
  eden space 101888K, 100% used [0x00000000eab00000,0x00000000f0e80000,0x00000000f0e80000)
  from space 18432K, 99% used [0x00000000f2300000,0x00000000f34da4d8,0x00000000f3500000)
  to   space 20992K, 0% used [0x00000000f0e80000,0x00000000f0e80000,0x00000000f2300000)
 ParOldGen       total 87552K, used 37450K [0x00000000c0000000, 0x00000000c5580000, 0x00000000eab00000)
  object space 87552K, 42% used [0x00000000c0000000,0x00000000c2492a40,0x00000000c5580000)
 Metaspace       used 6542K, capacity 7256K, committed 7424K, reserved 1056768K
  class space    used 623K, capacity 656K, committed 768K, reserved 1048576K
Event: 14.351 GC heap after
Heap after GC invocations=9 (full 0):
 PSYoungGen      total 122880K, used 20985K [0x00000000eab00000, 0x00000000f3a00000, 0x0000000100000000)
  eden space 101888K, 0% used [0x00000000eab00000,0x00000000eab00000,0x00000000f0e80000)
  from space 20992K, 99% used [0x00000000f0e80000,0x00000000f22fe4d8,0x00000000f2300000)
  to   space 18432K, 0% used [0x00000000f2300000,0x00000000f2300000,0x00000000f3500000)
 ParOldGen       total 87552K, used 49015K [0x00000000c0000000, 0x00000000c5580000, 0x00000000eab00000)
  object space 87552K, 55% used [0x00000000c0000000,0x00000000c2fdddc8,0x00000000c5580000)
 Metaspace       used 6542K, capacity 7256K, committed 7424K, reserved 1056768K
  class space    used 623K, capacity 656K, committed 768K, reserved 1048576K
}

Deoptimization events (10 events):
Event: 11.480 Thread 0x000000001697b800 Uncommon trap: reason=unstable_if action=reinterpret pc=0x0000000002c5443c method=com.android.dx.ssa.SsaMethod.getExitBlock()Lcom/android/dx/ssa/SsaBasicBlock; @ 4
Event: 11.481 Thread 0x000000001697b800 Uncommon trap: reason=unstable_if action=reinterpret pc=0x000000000302d884 method=com.android.dx.ssa.SsaMethod.getExitBlock()Lcom/android/dx/ssa/SsaBasicBlock; @ 4
Event: 12.277 Thread 0x000000001697b800 Uncommon trap: reason=unstable_if action=reinterpret pc=0x000000000307293c method=java.util.HashMap.putVal(ILjava/lang/Object;Ljava/lang/Object;ZZ)Ljava/lang/Object; @ 109
Event: 12.427 Thread 0x000000001697b800 Uncommon trap: reason=bimorphic action=maybe_recompile pc=0x00000000030b949c method=com.android.dx.cf.code.BytecodeArray.parseInstruction(ILcom/android/dx/cf/code/BytecodeArray$Visitor;)I @ 1035
Event: 12.428 Thread 0x000000001697b800 Uncommon trap: reason=bimorphic action=maybe_recompile pc=0x00000000030b926c method=com.android.dx.cf.code.BytecodeArray.parseInstruction(ILcom/android/dx/cf/code/BytecodeArray$Visitor;)I @ 971
Event: 12.428 Thread 0x000000001697b800 Uncommon trap: reason=bimorphic action=maybe_recompile pc=0x00000000030b92f8 method=com.android.dx.cf.code.BytecodeArray.parseInstruction(ILcom/android/dx/cf/code/BytecodeArray$Visitor;)I @ 987
Event: 12.428 Thread 0x0000000016a00000 Uncommon trap: reason=bimorphic action=maybe_recompile pc=0x00000000030b949c method=com.android.dx.cf.code.BytecodeArray.parseInstruction(ILcom/android/dx/cf/code/BytecodeArray$Visitor;)I @ 1035
Event: 13.257 Thread 0x0000000016ab8000 Uncommon trap: reason=bimorphic action=maybe_recompile pc=0x00000000030ecdbc method=com.android.dx.cf.code.BytecodeArray.parseInstruction(ILcom/android/dx/cf/code/BytecodeArray$Visitor;)I @ 1287
Event: 13.258 Thread 0x0000000016ab8000 Uncommon trap: reason=bimorphic action=maybe_recompile pc=0x00000000030ecdbc method=com.android.dx.cf.code.BytecodeArray.parseInstruction(ILcom/android/dx/cf/code/BytecodeArray$Visitor;)I @ 1287
Event: 14.359 Thread 0x000000001697b800 Uncommon trap: reason=unstable_if action=reinterpret pc=0x0000000002ed1f98 method=java.util.HashMap.resize()[Ljava/util/HashMap$Node; @ 206

Internal exceptions (6 events):
Event: 1.444 Thread 0x0000000000d7e000 Exception <a 'java/lang/NoSuchMethodError': Method sun.misc.Unsafe.defineClass(Ljava/lang/String;[BII)Ljava/lang/Class; name or signature does not match> (0x00000000eab0e0f8) thrown at [C:\re\workspace\8-2-build-windows-amd64-cygwin\jdk8u66\4988\hotspot\srë=Me·÷?
Event: 1.444 Thread 0x0000000000d7e000 Exception <a 'java/lang/NoSuchMethodError': Method sun.misc.Unsafe.prefetchRead(Ljava/lang/Object;J)V name or signature does not match> (0x00000000eab0e3e0) thrown at [C:\re\workspace\8-2-build-windows-amd64-cygwin\jdk8u66\4988\hotspot\src\share\vm\prims\j•žR|%@
Event: 10.554 Thread 0x00000000169fd800 Implicit null exception at 0x0000000002ed2fca to 0x0000000002ed4355
Event: 10.833 Thread 0x0000000000d7e000 Exception <a 'java/lang/ArrayIndexOutOfBoundsException': 18> (0x00000000eb047da8) thrown at [C:\re\workspace\8-2-build-windows-amd64-cygwin\jdk8u66\4988\hotspot\src\share\vm\interpreter\interpreterRuntime.cpp, line 366]
Event: 10.833 Thread 0x0000000000d7e000 Exception <a 'java/lang/ArrayIndexOutOfBoundsException': 145> (0x00000000eb049928) thrown at [C:\re\workspace\8-2-build-windows-amd64-cygwin\jdk8u66\4988\hotspot\src\share\vm\interpreter\interpreterRuntime.cpp, line 366]
Event: 10.834 Thread 0x0000000000d7e000 Exception <a 'java/lang/ArrayIndexOutOfBoundsException'> (0x00000000eb04ac10) thrown at [C:\re\workspace\8-2-build-windows-amd64-cygwin\jdk8u66\4988\hotspot\src\share\vm\runtime\sharedRuntime.cpp, line 605]

Events (10 events):
Event: 13.257 Thread 0x0000000016ab8000 DEOPT PACKING pc=0x00000000030ecdbc sp=0x0000000016f2e8d0
Event: 13.257 Thread 0x0000000016ab8000 DEOPT UNPACKING pc=0x000000000283582a sp=0x0000000016f2e898 mode 2
Event: 13.258 Thread 0x0000000016ab8000 Uncommon trap: trap_request=0xffffffc6 fr.pc=0x00000000030ecdbc
Event: 13.258 Thread 0x0000000016ab8000 DEOPT PACKING pc=0x00000000030ecdbc sp=0x0000000016f2e720
Event: 13.258 Thread 0x0000000016ab8000 DEOPT UNPACKING pc=0x000000000283582a sp=0x0000000016f2e6e8 mode 2
Event: 13.417 Executing VM operation: ParallelGCFailedAllocation
Event: 14.351 Executing VM operation: ParallelGCFailedAllocation done
Event: 14.359 Thread 0x000000001697b800 Uncommon trap: trap_request=0xffffff65 fr.pc=0x0000000002ed1f98
Event: 14.359 Thread 0x000000001697b800 DEOPT PACKING pc=0x0000000002ed1f98 sp=0x000000001732df60
Event: 14.359 Thread 0x000000001697b800 DEOPT UNPACKING pc=0x000000000283582a sp=0x000000001732dec8 mode 2


Dynamic libraries:
0x00007ff609dd0000 - 0x00007ff609e07000 	C:\Program Files\Java\jdk1.8.0_66\bin\java.exe
0x00007ffb47ec0000 - 0x00007ffb48091000 	C:\WINDOWS\SYSTEM32\ntdll.dll
0x00007ffb47b90000 - 0x00007ffb47c3b000 	C:\WINDOWS\System32\KERNEL32.DLL
0x00007ffb44520000 - 0x00007ffb4473d000 	C:\WINDOWS\System32\KERNELBASE.dll
0x00007ffb474d0000 - 0x00007ffb47572000 	C:\WINDOWS\System32\ADVAPI32.dll
0x00007ffb454b0000 - 0x00007ffb4554e000 	C:\WINDOWS\System32\msvcrt.dll
0x00007ffb45430000 - 0x00007ffb45489000 	C:\WINDOWS\System32\sechost.dll
0x00007ffb45550000 - 0x00007ffb45671000 	C:\WINDOWS\System32\RPCRT4.dll
0x00007ffb45b00000 - 0x00007ffb45c65000 	C:\WINDOWS\System32\USER32.dll
0x00007ffb452c0000 - 0x00007ffb452de000 	C:\WINDOWS\System32\win32u.dll
0x00007ffb47c60000 - 0x00007ffb47c94000 	C:\WINDOWS\System32\GDI32.dll
0x00007ffb44390000 - 0x00007ffb44512000 	C:\WINDOWS\System32\gdi32full.dll
0x00007ffb3a0c0000 - 0x00007ffb3a339000 	C:\WINDOWS\WinSxS\amd64_microsoft.windows.common-controls_6595b64144ccf1df_6.0.14393.0_none_2d0f50fcbdb171b8\COMCTL32.dll
0x00007ffb45680000 - 0x00007ffb45947000 	C:\WINDOWS\System32\combase.dll
0x00007ffb451c0000 - 0x00007ffb452b5000 	C:\WINDOWS\System32\ucrtbase.dll
0x00007ffb44910000 - 0x00007ffb4497a000 	C:\WINDOWS\System32\bcryptPrimitives.dll
0x00007ffb47440000 - 0x00007ffb4746e000 	C:\WINDOWS\System32\IMM32.DLL
0x0000000069220000 - 0x00000000692f2000 	C:\Program Files\Java\jdk1.8.0_66\jre\bin\msvcr100.dll
0x0000000068990000 - 0x0000000069219000 	C:\Program Files\Java\jdk1.8.0_66\jre\bin\server\jvm.dll
0x00007ffb47c40000 - 0x00007ffb47c48000 	C:\WINDOWS\System32\PSAPI.DLL
0x00007ffb36610000 - 0x00007ffb36619000 	C:\WINDOWS\SYSTEM32\WSOCK32.dll
0x00007ffb45a90000 - 0x00007ffb45afa000 	C:\WINDOWS\System32\WS2_32.dll
0x00007ffb42700000 - 0x00007ffb42723000 	C:\WINDOWS\SYSTEM32\WINMM.dll
0x00007ffb43480000 - 0x00007ffb4348a000 	C:\WINDOWS\SYSTEM32\VERSION.dll
0x00007ffb426a0000 - 0x00007ffb426cb000 	C:\WINDOWS\SYSTEM32\WINMMBASE.dll
0x00007ffb453e0000 - 0x00007ffb45422000 	C:\WINDOWS\System32\cfgmgr32.dll
0x000000006a070000 - 0x000000006a07f000 	C:\Program Files\Java\jdk1.8.0_66\jre\bin\verify.dll
0x000000006a040000 - 0x000000006a069000 	C:\Program Files\Java\jdk1.8.0_66\jre\bin\java.dll
0x0000000068970000 - 0x0000000068986000 	C:\Program Files\Java\jdk1.8.0_66\jre\bin\zip.dll
0x00007ffb45d30000 - 0x00007ffb47238000 	C:\WINDOWS\System32\SHELL32.dll
0x00007ffb44ae0000 - 0x00007ffb451ba000 	C:\WINDOWS\System32\windows.storage.dll
0x00007ffb44340000 - 0x00007ffb4438c000 	C:\WINDOWS\System32\powrprof.dll
0x00007ffb47470000 - 0x00007ffb474c2000 	C:\WINDOWS\System32\shlwapi.dll
0x00007ffb44310000 - 0x00007ffb4431f000 	C:\WINDOWS\System32\kernel.appcore.dll
0x00007ffb44a30000 - 0x00007ffb44ad9000 	C:\WINDOWS\System32\shcore.dll
0x00007ffb44320000 - 0x00007ffb44334000 	C:\WINDOWS\System32\profapi.dll

VM Arguments:
jvm_args: -Djava.awt.headless=true -Xmx1024M -Dfile.encoding=windows-1252 -Duser.country=CA -Duser.language=fr -Duser.variant 
java_command: com.android.dx.command.Main --dex --force-jumbo --num-threads=4 --multi-dex --output C:\Users\Proprietaire\Contacts\Desktop\ACRCloud-android-sdk-1.3.2\ConnectTheDots\app\build\intermediates\transforms\dex\debug\folders\1000\10\com.android.support-support-v4-24.1.1_e5d1c142981dc63d3e6b94f78c4827458cd6c20e C:\Users\Proprietaire\Contacts\Desktop\ACRCloud-android-sdk-1.3.2\ConnectTheDots\app\build\intermediates\exploded-aar\com.android.support\support-v4\24.1.1\jars\classes.jar
java_class_path (initial): C:\Users\Proprietaire\AppData\Local\Android\sdk\build-tools\24.0.1\lib\dx.jar
Launcher Type: SUN_STANDARD

Environment Variables:
PATH=C:\wamp\bin\php\php7.0.4;C:\Program Files (x86)\NVIDIA Corporation\PhysX\Common;C:\ProgramData\Oracle\Java\javapath;C:\Program Files\Common Files\Microsoft Shared\Windows Live;C:\Program Files (x86)\Common Files\Microsoft Shared\Windows Live;C:\windows\system32;C:\windows;C:\windows\System32\Wbem;C:\windows\System32\WindowsPowerShell\v1.0\;C:\Program Files (x86)\Intel\Services\IPT\;C:\Python34\;C:\Python34\Scripts;C:\Program Files (x86)\Windows Live\Shared;C:\WINDOWS\system32;C:\WINDOWS;C:\WINDOWS\System32\Wbem;C:\WINDOWS\System32\WindowsPowerShell\v1.0\;C:\WINDOWS\system32;C:\WINDOWS;C:\WINDOWS\System32\Wbem;C:\WINDOWS\System32\WindowsPowerShell\v1.0\;C:\Program Files (x86)\Skype\Phone\;C:\Python35-32;C:\Program Files (x86)\GtkSharp\2.12\bin;C:\Program Files\Microsoft SQL Server\110\Tools\Binn\;C:\Program Files\Microsoft SQL Server\120\Tools\Binn\;C:\Program Files\Microsoft SQL Server\Client SDK\ODBC\110\Tools\Binn\;C:\Program Files (x86)\Microsoft SQL Server\120\Tools\Binn\;C:\Program Files\Microsoft SQL Server\120\DTS\Binn\;C:\Program Files (x86)\Microsoft SQL Server\120\Tools\Binn\ManagementStudio\;C:\Program Files (x86)\Microsoft SQL Server\120\DTS\Binn\;C:\WINDOWS\system32\config\systemprofile\.dnx\bin;C:\Program Files\Microsoft DNX\Dnvm\;C:\Program Files (x86)\Windows Kits\10\Windows Performance Toolkit\;C:\Program Files (x86)\Druide\Antidote 9\Application\Bin64\;C:\Program Files (x86)\Druide\Antidote 9\Application\Bin32\;C:\Program Files\TortoiseSVN\bin;C:\ProgramData\ComposerSetup\bin;C:\Program Files\Git\cmd;C:\Program Files\nodejs\;C:\Users\Proprietaire\AppData\Local\Programs\Python\Python35-32\Scripts\;C:\Users\Proprietaire\AppData\Local\Programs\Python\Python35-32\;C:\Users\Proprietaire\AppData\Local\Microsoft\WindowsApps;C:\Users\Proprietaire\AppData\Roaming\Composer\vendor\bin;C:\Users\Proprietaire\AppData\Roaming\npm
USERNAME=Étienne
OS=Windows_NT
PROCESSOR_IDENTIFIER=Intel64 Family 6 Model 42 Stepping 7, GenuineIntel



---------------  S Y S T E M  ---------------

OS: Windows 10.0 , 64 bit Build 14393 (10.0.14393.0)

CPU:total 4 (2 cores per cpu, 2 threads per core) family 6 model 42 stepping 7, cmov, cx8, fxsr, mmx, sse, sse2, sse3, ssse3, sse4.1, sse4.2, popcnt, avx, aes, clmul, ht, tsc, tscinvbit

Memory: 4k page, physical 8321396k(1072868k free), swap 9753972k(12396k free)

vm_info: Java HotSpot(TM) 64-Bit Server VM (25.66-b17) for windows-amd64 JRE (1.8.0_66-b17), built on Oct  6 2015 18:55:33 by "java_re" with MS VC++ 10.0 (VS2010)

time: Tue Sep 20 20:33:11 2016
elapsed time: 14 seconds (0d 0h 0m 14s)

