#
# There is insufficient memory for the Java Runtime Environment to continue.
# Native memory allocation (malloc) failed to allocate 92016 bytes for Chunk::new
# Possible reasons:
#   The system is out of physical RAM or swap space
#   In 32 bit mode, the process size limit was hit
# Possible solutions:
#   Reduce memory load on the system
#   Increase physical memory or swap space
#   Check if swap backing store is full
#   Use 64 bit Java on a 64 bit OS
#   Decrease Java heap size (-Xmx/-Xms)
#   Decrease number of Java threads
#   Decrease Java thread stack sizes (-Xss)
#   Set larger code cache with -XX:ReservedCodeCacheSize=
# This output file may be truncated or incomplete.
#
#  Out of Memory Error (allocation.cpp:390), pid=7068, tid=15356
#
# JRE version: Java(TM) SE Runtime Environment (8.0_66-b17) (build 1.8.0_66-b17)
# Java VM: Java HotSpot(TM) 64-Bit Server VM (25.66-b17 mixed mode windows-amd64 compressed oops)
# Failed to write core dump. Minidumps are not enabled by default on client versions of Windows
#

---------------  T H R E A D  ---------------

Current thread (0x00000000156bf000):  JavaThread "C2 CompilerThread0" daemon [_thread_in_native, id=15356, stack(0x0000000016d30000,0x0000000016e30000)]

Stack: [0x0000000016d30000,0x0000000016e30000]
[error occurred during error reporting (printing stack bounds), id 0xc0000005]

Native frames: (J=compiled Java code, j=interpreted, Vv=VM code, C=native code)


Current CompileTask:
C2:    711  222       4       java.lang.String::replace (127 bytes)


---------------  P R O C E S S  ---------------

Java Threads: ( => current thread )
  0x00000000171c6000 JavaThread "pool-2-thread-4" [_thread_new, id=1884, stack(0x0000000000000000,0x0000000000000000)]
  0x00000000171c5800 JavaThread "pool-2-thread-3" [_thread_new, id=10560, stack(0x0000000000000000,0x0000000000000000)]
  0x00000000171c4800 JavaThread "pool-2-thread-2" [_thread_new, id=10396, stack(0x0000000000000000,0x0000000000000000)]
  0x00000000171c4000 JavaThread "pool-3-thread-1" [_thread_new, id=10108, stack(0x0000000000000000,0x0000000000000000)]
  0x00000000171c1000 JavaThread "pool-2-thread-1" [_thread_new, id=9640, stack(0x0000000000000000,0x0000000000000000)]
  0x0000000017036800 JavaThread "Service Thread" daemon [_thread_blocked, id=7136, stack(0x0000000017430000,0x0000000017530000)]
  0x000000001571a000 JavaThread "C1 CompilerThread2" daemon [_thread_in_vm, id=10204, stack(0x0000000016f30000,0x0000000017030000)]
  0x00000000156c1000 JavaThread "C2 CompilerThread1" daemon [_thread_blocked, id=2636, stack(0x0000000016e30000,0x0000000016f30000)]
=>0x00000000156bf000 JavaThread "C2 CompilerThread0" daemon [_thread_in_native, id=15356, stack(0x0000000016d30000,0x0000000016e30000)]
  0x00000000156bc000 JavaThread "Attach Listener" daemon [_thread_blocked, id=664, stack(0x0000000016c30000,0x0000000016d30000)]
  0x00000000156ba800 JavaThread "Signal Dispatcher" daemon [_thread_blocked, id=9068, stack(0x0000000016b30000,0x0000000016c30000)]
  0x0000000002fe2000 JavaThread "Finalizer" daemon [_thread_blocked, id=13780, stack(0x0000000016920000,0x0000000016a20000)]
  0x0000000002fdf800 JavaThread "Reference Handler" daemon [_thread_blocked, id=10256, stack(0x0000000016820000,0x0000000016920000)]
  0x000000000152e000 JavaThread "main" [_thread_in_Java, id=12448, stack(0x0000000002df0000,0x0000000002ef0000)]

Other Threads:
  0x0000000015687800 VMThread [stack: 0x0000000016720000,0x0000000016820000] [id=2804]
  0x000000001703b000 WatcherThread [stack: 0x0000000017530000,0x0000000017630000] [id=10048]

VM state:not at safepoint (normal execution)

VM Mutex/Monitor currently owned by a thread: None

Heap:
 PSYoungGen      total 38400K, used 5329K [0x00000000eab00000, 0x00000000ed580000, 0x0000000100000000)
  eden space 33280K, 16% used [0x00000000eab00000,0x00000000eb0345a0,0x00000000ecb80000)
  from space 5120K, 0% used [0x00000000ed080000,0x00000000ed080000,0x00000000ed580000)
  to   space 5120K, 0% used [0x00000000ecb80000,0x00000000ecb80000,0x00000000ed080000)
 ParOldGen       total 87552K, used 0K [0x00000000c0000000, 0x00000000c5580000, 0x00000000eab00000)
  object space 87552K, 0% used [0x00000000c0000000,0x00000000c0000000,0x00000000c5580000)
 Metaspace       used 4091K, capacity 5232K, committed 5376K, reserved 1056768K
  class space    used 461K, capacity 488K, committed 512K, reserved 1048576K

Card table byte_map: [0x00000000123b0000,0x00000000125c0000] byte_map_base: 0x0000000011db0000

Marking Bits: (ParMarkBitMap*) 0x000000006919a5b0
 Begin Bits: [0x0000000012b20000, 0x0000000013b20000)
 End Bits:   [0x0000000013b20000, 0x0000000014b20000)

Polling page: 0x0000000001120000

CodeCache: size=245760Kb used=1547Kb max_used=1547Kb free=244212Kb
 bounds [0x0000000002ff0000, 0x0000000003260000, 0x0000000011ff0000]
 total_blobs=477 nmethods=221 adapters=169
 compilation: enabled

Compilation events (10 events):
Event: 0.690 Thread 0x000000001571a000  214       3       java.security.CodeSource::getCertificates (98 bytes)
Event: 0.691 Thread 0x000000001571a000 nmethod 214 0x0000000003162d90 code [0x0000000003162fc0, 0x0000000003163b98]
Event: 0.691 Thread 0x000000001571a000  215  s!   3       java.net.URLStreamHandler::getHostAddress (54 bytes)
Event: 0.692 Thread 0x000000001571a000 nmethod 215 0x0000000003163fd0 code [0x0000000003164160, 0x0000000003164838]
Event: 0.692 Thread 0x000000001571a000  213       1       java.util.jar.JarFile::access$300 (5 bytes)
Event: 0.692 Thread 0x000000001571a000 nmethod 213 0x00000000031649d0 code [0x0000000003164b20, 0x0000000003164c10]
Event: 0.695 Thread 0x000000001571a000  217       3       sun.misc.PerfCounter::addElapsedTimeFrom (10 bytes)
Event: 0.695 Thread 0x000000001571a000 nmethod 217 0x0000000003165010 code [0x00000000031651c0, 0x0000000003165918]
Event: 0.704 Thread 0x000000001571a000  219   !   3       com.android.dx.cf.cst.ConstantPoolParser::parse0 (731 bytes)
Event: 0.705 Thread 0x00000000156bf000  222       4       java.lang.String::replace (127 bytes)

GC Heap History (0 events):
No events

Deoptimization events (0 events):
No events

Internal exceptions (2 events):
Event: 0.077 Thread 0x000000000152e000 Exception <a 'java/lang/NoSuchMethodError': Method sun.misc.Unsafe.defineClass(Ljava/lang/String;[BII)Ljava/lang/Class; name or signature does not match> (0x00000000eab0e0b8) thrown at [C:\re\workspace\8-2-build-windows-amd64-cygwin\jdk8u66\4988\hotspot\srπÙﬂ|∏≥?
Event: 0.077 Thread 0x000000000152e000 Exception <a 'java/lang/NoSuchMethodError': Method sun.misc.Unsafe.prefetchRead(Ljava/lang/Object;J)V name or signature does not match> (0x00000000eab0e3a0) thrown at [C:\re\workspace\8-2-build-windows-amd64-cygwin\jdk8u66\4988\hotspot\src\share\vm\prims\j

Events (10 events):
Event: 0.707 loading class com/android/dx/cf/attrib/InnerClassList$Item
Event: 0.707 loading class com/android/dx/cf/attrib/InnerClassList$Item done
Event: 0.707 loading class com/android/dx/cf/attrib/AttInnerClasses
Event: 0.707 loading class com/android/dx/cf/attrib/AttInnerClasses done
Event: 0.708 loading class com/android/dx/dex/file/AnnotationUtils
Event: 0.708 loading class com/android/dx/dex/file/AnnotationUtils done
Event: 0.709 loading class com/android/dx/rop/cst/CstKnownNull
Event: 0.709 loading class com/android/dx/rop/cst/CstKnownNull done
Event: 0.710 loading class com/android/dx/dex/file/EncodedField
Event: 0.710 loading class com/android/dx/dex/file/EncodedField done


Dynamic libraries:
0x00007ff609dd0000 - 0x00007ff609e07000 	C:\Program Files\Java\jdk1.8.0_66\bin\java.exe
0x00007ffb47ec0000 - 0x00007ffb48091000 	C:\WINDOWS\SYSTEM32\ntdll.dll
0x00007ffb47b90000 - 0x00007ffb47c3b000 	C:\WINDOWS\System32\KERNEL32.DLL
0x00007ffb44520000 - 0x00007ffb4473d000 	C:\WINDOWS\System32\KERNELBASE.dll
0x00007ffb474d0000 - 0x00007ffb47572000 	C:\WINDOWS\System32\ADVAPI32.dll
0x00007ffb454b0000 - 0x00007ffb4554e000 	C:\WINDOWS\System32\msvcrt.dll
0x00007ffb45430000 - 0x00007ffb45489000 	C:\WINDOWS\System32\sechost.dll
0x00007ffb45550000 - 0x00007ffb45671000 	C:\WINDOWS\System32\RPCRT4.dll
0x00007ffb45b00000 - 0x00007ffb45c65000 	C:\WINDOWS\System32\USER32.dll
0x00007ffb452c0000 - 0x00007ffb452de000 	C:\WINDOWS\System32\win32u.dll
0x00007ffb47c60000 - 0x00007ffb47c94000 	C:\WINDOWS\System32\GDI32.dll
0x00007ffb44390000 - 0x00007ffb44512000 	C:\WINDOWS\System32\gdi32full.dll
0x00007ffb3a0c0000 - 0x00007ffb3a339000 	C:\WINDOWS\WinSxS\amd64_microsoft.windows.common-controls_6595b64144ccf1df_6.0.14393.0_none_2d0f50fcbdb171b8\COMCTL32.dll
0x00007ffb45680000 - 0x00007ffb45947000 	C:\WINDOWS\System32\combase.dll
0x00007ffb451c0000 - 0x00007ffb452b5000 	C:\WINDOWS\System32\ucrtbase.dll
0x00007ffb44910000 - 0x00007ffb4497a000 	C:\WINDOWS\System32\bcryptPrimitives.dll
0x00007ffb47440000 - 0x00007ffb4746e000 	C:\WINDOWS\System32\IMM32.DLL
0x0000000069220000 - 0x00000000692f2000 	C:\Program Files\Java\jdk1.8.0_66\jre\bin\msvcr100.dll
0x0000000068990000 - 0x0000000069219000 	C:\Program Files\Java\jdk1.8.0_66\jre\bin\server\jvm.dll
0x00007ffb47c40000 - 0x00007ffb47c48000 	C:\WINDOWS\System32\PSAPI.DLL
0x00007ffb36610000 - 0x00007ffb36619000 	C:\WINDOWS\SYSTEM32\WSOCK32.dll
0x00007ffb45a90000 - 0x00007ffb45afa000 	C:\WINDOWS\System32\WS2_32.dll
0x00007ffb42700000 - 0x00007ffb42723000 	C:\WINDOWS\SYSTEM32\WINMM.dll
0x00007ffb43480000 - 0x00007ffb4348a000 	C:\WINDOWS\SYSTEM32\VERSION.dll
0x00007ffb426a0000 - 0x00007ffb426cb000 	C:\WINDOWS\SYSTEM32\WINMMBASE.dll
0x00007ffb453e0000 - 0x00007ffb45422000 	C:\WINDOWS\System32\cfgmgr32.dll
0x000000006a070000 - 0x000000006a07f000 	C:\Program Files\Java\jdk1.8.0_66\jre\bin\verify.dll
0x000000006a040000 - 0x000000006a069000 	C:\Program Files\Java\jdk1.8.0_66\jre\bin\java.dll
0x0000000068970000 - 0x0000000068986000 	C:\Program Files\Java\jdk1.8.0_66\jre\bin\zip.dll
0x00007ffb45d30000 - 0x00007ffb47238000 	C:\WINDOWS\System32\SHELL32.dll
0x00007ffb44ae0000 - 0x00007ffb451ba000 	C:\WINDOWS\System32\windows.storage.dll
0x00007ffb44340000 - 0x00007ffb4438c000 	C:\WINDOWS\System32\powrprof.dll
0x00007ffb47470000 - 0x00007ffb474c2000 	C:\WINDOWS\System32\shlwapi.dll
0x00007ffb44310000 - 0x00007ffb4431f000 	C:\WINDOWS\System32\kernel.appcore.dll
0x00007ffb44a30000 - 0x00007ffb44ad9000 	C:\WINDOWS\System32\shcore.dll
0x00007ffb44320000 - 0x00007ffb44334000 	C:\WINDOWS\System32\profapi.dll

VM Arguments:
jvm_args: -Djava.awt.headless=true -Xmx1024M -Dfile.encoding=windows-1252 -Duser.country=CA -Duser.language=fr -Duser.variant 
java_command: com.android.dx.command.Main --dex --force-jumbo --num-threads=4 --multi-dex --output C:\Users\Proprietaire\Contacts\Desktop\ACRCloud-android-sdk-1.3.2\ConnectTheDots\app\build\intermediates\transforms\dex\debug\folders\1000\10\support-annotations-24.1.1_923e85f125cf7523d5686587f89508ba6aaa5304 C:\Users\Proprietaire\AppData\Local\Android\sdk\extras\android\m2repository\com\android\support\support-annotations\24.1.1\support-annotations-24.1.1.jar
java_class_path (initial): C:\Users\Proprietaire\AppData\Local\Android\sdk\build-tools\24.0.1\lib\dx.jar
Launcher Type: SUN_STANDARD

Environment Variables:
PATH=C:\wamp\bin\php\php7.0.4;C:\Program Files (x86)\NVIDIA Corporation\PhysX\Common;C:\ProgramData\Oracle\Java\javapath;C:\Program Files\Common Files\Microsoft Shared\Windows Live;C:\Program Files (x86)\Common Files\Microsoft Shared\Windows Live;C:\windows\system32;C:\windows;C:\windows\System32\Wbem;C:\windows\System32\WindowsPowerShell\v1.0\;C:\Program Files (x86)\Intel\Services\IPT\;C:\Python34\;C:\Python34\Scripts;C:\Program Files (x86)\Windows Live\Shared;C:\WINDOWS\system32;C:\WINDOWS;C:\WINDOWS\System32\Wbem;C:\WINDOWS\System32\WindowsPowerShell\v1.0\;C:\WINDOWS\system32;C:\WINDOWS;C:\WINDOWS\System32\Wbem;C:\WINDOWS\System32\WindowsPowerShell\v1.0\;C:\Program Files (x86)\Skype\Phone\;C:\Python35-32;C:\Program Files (x86)\GtkSharp\2.12\bin;C:\Program Files\Microsoft SQL Server\110\Tools\Binn\;C:\Program Files\Microsoft SQL Server\120\Tools\Binn\;C:\Program Files\Microsoft SQL Server\Client SDK\ODBC\110\Tools\Binn\;C:\Program Files (x86)\Microsoft SQL Server\120\Tools\Binn\;C:\Program Files\Microsoft SQL Server\120\DTS\Binn\;C:\Program Files (x86)\Microsoft SQL Server\120\Tools\Binn\ManagementStudio\;C:\Program Files (x86)\Microsoft SQL Server\120\DTS\Binn\;C:\WINDOWS\system32\config\systemprofile\.dnx\bin;C:\Program Files\Microsoft DNX\Dnvm\;C:\Program Files (x86)\Windows Kits\10\Windows Performance Toolkit\;C:\Program Files (x86)\Druide\Antidote 9\Application\Bin64\;C:\Program Files (x86)\Druide\Antidote 9\Application\Bin32\;C:\Program Files\TortoiseSVN\bin;C:\ProgramData\ComposerSetup\bin;C:\Program Files\Git\cmd;C:\Program Files\nodejs\;C:\Users\Proprietaire\AppData\Local\Programs\Python\Python35-32\Scripts\;C:\Users\Proprietaire\AppData\Local\Programs\Python\Python35-32\;C:\Users\Proprietaire\AppData\Local\Microsoft\WindowsApps;C:\Users\Proprietaire\AppData\Roaming\Composer\vendor\bin;C:\Users\Proprietaire\AppData\Roaming\npm
USERNAME=…tienne
OS=Windows_NT
PROCESSOR_IDENTIFIER=Intel64 Family 6 Model 42 Stepping 7, GenuineIntel



---------------  S Y S T E M  ---------------

OS: Windows 10.0 , 64 bit Build 14393 (10.0.14393.0)

CPU:total 4 (2 cores per cpu, 2 threads per core) family 6 model 42 stepping 7, cmov, cx8, fxsr, mmx, sse, sse2, sse3, ssse3, sse4.1, sse4.2, popcnt, avx, aes, clmul, ht, tsc, tscinvbit

Memory: 4k page, physical 8321396k(1877008k free), swap 9753972k(4692k free)

vm_info: Java HotSpot(TM) 64-Bit Server VM (25.66-b17) for windows-amd64 JRE (1.8.0_66-b17), built on Oct  6 2015 18:55:33 by "java_re" with MS VC++ 10.0 (VS2010)

time: Tue Sep 20 20:37:34 2016
elapsed time: 0 seconds (0d 0h 0m 0s)

