#
# There is insufficient memory for the Java Runtime Environment to continue.
# Native memory allocation (malloc) failed to allocate 1406096 bytes for Chunk::new
# Possible reasons:
#   The system is out of physical RAM or swap space
#   In 32 bit mode, the process size limit was hit
# Possible solutions:
#   Reduce memory load on the system
#   Increase physical memory or swap space
#   Check if swap backing store is full
#   Use 64 bit Java on a 64 bit OS
#   Decrease Java heap size (-Xmx/-Xms)
#   Decrease number of Java threads
#   Decrease Java thread stack sizes (-Xss)
#   Set larger code cache with -XX:ReservedCodeCacheSize=
# This output file may be truncated or incomplete.
#
#  Out of Memory Error (allocation.cpp:390), pid=14636, tid=2580
#
# JRE version: Java(TM) SE Runtime Environment (8.0_66-b17) (build 1.8.0_66-b17)
# Java VM: Java HotSpot(TM) 64-Bit Server VM (25.66-b17 mixed mode windows-amd64 compressed oops)
# Failed to write core dump. Minidumps are not enabled by default on client versions of Windows
#

---------------  T H R E A D  ---------------

Current thread (0x00000000153aa800):  JavaThread "C2 CompilerThread1" daemon [_thread_in_native, id=2580, stack(0x0000000016ab0000,0x0000000016bb0000)]

Stack: [0x0000000016ab0000,0x0000000016bb0000]
[error occurred during error reporting (printing stack bounds), id 0xc0000005]

Native frames: (J=compiled Java code, j=interpreted, Vv=VM code, C=native code)


Current CompileTask:
C2:   8781 1692 %     4       com.android.dx.ssa.SCCP::run @ 93 (298 bytes)


---------------  P R O C E S S  ---------------

Java Threads: ( => current thread )
  0x0000000016f36800 JavaThread "pool-2-thread-4" [_thread_blocked, id=10144, stack(0x00000000176b0000,0x00000000177b0000)]
  0x0000000016f35000 JavaThread "pool-2-thread-3" [_thread_blocked, id=10924, stack(0x00000000175b0000,0x00000000176b0000)]
  0x0000000016f34000 JavaThread "pool-2-thread-2" [_thread_blocked, id=14888, stack(0x00000000174b0000,0x00000000175b0000)]
  0x0000000016f1e800 JavaThread "pool-3-thread-1" [_thread_blocked, id=14472, stack(0x00000000173b0000,0x00000000174b0000)]
  0x0000000016f07800 JavaThread "pool-2-thread-1" [_thread_blocked, id=15152, stack(0x00000000172b0000,0x00000000173b0000)]
  0x0000000016cb6800 JavaThread "Service Thread" daemon [_thread_blocked, id=3676, stack(0x00000000170b0000,0x00000000171b0000)]
  0x00000000153ad800 JavaThread "C1 CompilerThread2" daemon [_thread_blocked, id=14312, stack(0x0000000016bb0000,0x0000000016cb0000)]
=>0x00000000153aa800 JavaThread "C2 CompilerThread1" daemon [_thread_in_native, id=2580, stack(0x0000000016ab0000,0x0000000016bb0000)]
  0x000000001534f000 JavaThread "C2 CompilerThread0" daemon [_thread_in_native, id=16356, stack(0x00000000169b0000,0x0000000016ab0000)]
  0x000000001534c000 JavaThread "Attach Listener" daemon [_thread_blocked, id=1148, stack(0x00000000168b0000,0x00000000169b0000)]
  0x000000001534a800 JavaThread "Signal Dispatcher" daemon [_thread_blocked, id=16092, stack(0x00000000167b0000,0x00000000168b0000)]
  0x0000000002c51800 JavaThread "Finalizer" daemon [_thread_blocked, id=9448, stack(0x00000000165a0000,0x00000000166a0000)]
  0x0000000002c4e800 JavaThread "Reference Handler" daemon [_thread_blocked, id=8152, stack(0x00000000164a0000,0x00000000165a0000)]
  0x0000000002b5e000 JavaThread "main" [_thread_blocked, id=13736, stack(0x00000000011f0000,0x00000000012f0000)]

Other Threads:
  0x0000000015318800 VMThread [stack: 0x00000000163a0000,0x00000000164a0000] [id=9764]
  0x0000000016cba000 WatcherThread [stack: 0x00000000171b0000,0x00000000172b0000] [id=8272]

VM state:at safepoint (normal execution)

VM Mutex/Monitor currently owned by a thread:  ([mutex/lock_event])
[0x0000000002b5d3a0] Threads_lock - owner thread: 0x0000000015318800
[0x0000000002b5cd20] Heap_lock - owner thread: 0x0000000016f07800

Heap:
 PSYoungGen      total 71680K, used 71657K [0x00000000eab00000, 0x00000000f3700000, 0x0000000100000000)
  eden space 66560K, 100% used [0x00000000eab00000,0x00000000eec00000,0x00000000eec00000)
  from space 5120K, 99% used [0x00000000eec00000,0x00000000ef0fa428,0x00000000ef100000)
  to   space 5120K, 99% used [0x00000000f3200000,0x00000000f36fe438,0x00000000f3700000)
 ParOldGen       total 87552K, used 22254K [0x00000000c0000000, 0x00000000c5580000, 0x00000000eab00000)
  object space 87552K, 25% used [0x00000000c0000000,0x00000000c15bb998,0x00000000c5580000)
 Metaspace       used 6321K, capacity 7152K, committed 7296K, reserved 1056768K
  class space    used 603K, capacity 616K, committed 640K, reserved 1048576K

Card table byte_map: [0x0000000012020000,0x0000000012230000] byte_map_base: 0x0000000011a20000

Marking Bits: (ParMarkBitMap*) 0x000000006919a5b0
 Begin Bits: [0x0000000012790000, 0x0000000013790000)
 End Bits:   [0x0000000013790000, 0x0000000014790000)

Polling page: 0x0000000000fe0000

CodeCache: size=245760Kb used=8069Kb max_used=8069Kb free=237691Kb
 bounds [0x0000000002c60000, 0x0000000003450000, 0x0000000011c60000]
 total_blobs=2116 nmethods=1846 adapters=182
 compilation: enabled

Compilation events (10 events):
Event: 8.696 Thread 0x00000000153ad800 1865       1       com.android.dx.util.ByteArray::getByte0 (12 bytes)
Event: 8.696 Thread 0x00000000153ad800 nmethod 1865 0x000000000343cc90 code [0x000000000343cde0, 0x000000000343cf10]
Event: 8.697 Thread 0x00000000153ad800 1866       2       com.android.dx.cf.direct.DirectClassFile::makeTypeList (47 bytes)
Event: 8.697 Thread 0x00000000153ad800 nmethod 1866 0x000000000343cfd0 code [0x000000000343d160, 0x000000000343d418]
Event: 8.697 Thread 0x00000000153ad800 1867       2       com.android.dx.rop.annotation.AnnotationsList::set (11 bytes)
Event: 8.698 Thread 0x00000000153ad800 nmethod 1867 0x000000000343d550 code [0x000000000343d720, 0x000000000343dc58]
Event: 8.698 Thread 0x00000000153ad800 1868       2       com.android.dx.cf.direct.AnnotationParser::requireLength (22 bytes)
Event: 8.698 Thread 0x00000000153ad800 nmethod 1868 0x000000000343e250 code [0x000000000343e3c0, 0x000000000343e618]
Event: 8.701 Thread 0x00000000153ad800 1869       2       com.android.dx.ssa.SCCP::simulateStmt (481 bytes)
Event: 8.703 Thread 0x00000000153ad800 nmethod 1869 0x000000000343e790 code [0x000000000343ea00, 0x000000000343f2d8]

GC Heap History (6 events):
Event: 3.914 GC heap before
{Heap before GC invocations=1 (full 0):
 PSYoungGen      total 38400K, used 33280K [0x00000000eab00000, 0x00000000ed580000, 0x0000000100000000)
  eden space 33280K, 100% used [0x00000000eab00000,0x00000000ecb80000,0x00000000ecb80000)
  from space 5120K, 0% used [0x00000000ed080000,0x00000000ed080000,0x00000000ed580000)
  to   space 5120K, 0% used [0x00000000ecb80000,0x00000000ecb80000,0x00000000ed080000)
 ParOldGen       total 87552K, used 0K [0x00000000c0000000, 0x00000000c5580000, 0x00000000eab00000)
  object space 87552K, 0% used [0x00000000c0000000,0x00000000c0000000,0x00000000c5580000)
 Metaspace       used 5877K, capacity 6768K, committed 7040K, reserved 1056768K
  class space    used 601K, capacity 616K, committed 640K, reserved 1048576K
Event: 3.992 GC heap after
Heap after GC invocations=1 (full 0):
 PSYoungGen      total 38400K, used 4965K [0x00000000eab00000, 0x00000000ef600000, 0x0000000100000000)
  eden space 33280K, 0% used [0x00000000eab00000,0x00000000eab00000,0x00000000ecb80000)
  from space 5120K, 96% used [0x00000000ecb80000,0x00000000ed0596b0,0x00000000ed080000)
  to   space 5120K, 0% used [0x00000000ef100000,0x00000000ef100000,0x00000000ef600000)
 ParOldGen       total 87552K, used 16K [0x00000000c0000000, 0x00000000c5580000, 0x00000000eab00000)
  object space 87552K, 0% used [0x00000000c0000000,0x00000000c0004000,0x00000000c5580000)
 Metaspace       used 5877K, capacity 6768K, committed 7040K, reserved 1056768K
  class space    used 601K, capacity 616K, committed 640K, reserved 1048576K
}
Event: 6.664 GC heap before
{Heap before GC invocations=2 (full 0):
 PSYoungGen      total 38400K, used 38245K [0x00000000eab00000, 0x00000000ef600000, 0x0000000100000000)
  eden space 33280K, 100% used [0x00000000eab00000,0x00000000ecb80000,0x00000000ecb80000)
  from space 5120K, 96% used [0x00000000ecb80000,0x00000000ed0596b0,0x00000000ed080000)
  to   space 5120K, 0% used [0x00000000ef100000,0x00000000ef100000,0x00000000ef600000)
 ParOldGen       total 87552K, used 16K [0x00000000c0000000, 0x00000000c5580000, 0x00000000eab00000)
  object space 87552K, 0% used [0x00000000c0000000,0x00000000c0004000,0x00000000c5580000)
 Metaspace       used 6154K, capacity 7024K, committed 7296K, reserved 1056768K
  class space    used 603K, capacity 616K, committed 640K, reserved 1048576K
Event: 6.696 GC heap after
Heap after GC invocations=2 (full 0):
 PSYoungGen      total 71680K, used 5107K [0x00000000eab00000, 0x00000000ef600000, 0x0000000100000000)
  eden space 66560K, 0% used [0x00000000eab00000,0x00000000eab00000,0x00000000eec00000)
  from space 5120K, 99% used [0x00000000ef100000,0x00000000ef5fcfb0,0x00000000ef600000)
  to   space 5120K, 0% used [0x00000000eec00000,0x00000000eec00000,0x00000000ef100000)
 ParOldGen       total 87552K, used 2985K [0x00000000c0000000, 0x00000000c5580000, 0x00000000eab00000)
  object space 87552K, 3% used [0x00000000c0000000,0x00000000c02ea6f8,0x00000000c5580000)
 Metaspace       used 6154K, capacity 7024K, committed 7296K, reserved 1056768K
  class space    used 603K, capacity 616K, committed 640K, reserved 1048576K
}
Event: 7.697 GC heap before
{Heap before GC invocations=3 (full 0):
 PSYoungGen      total 71680K, used 71667K [0x00000000eab00000, 0x00000000ef600000, 0x0000000100000000)
  eden space 66560K, 100% used [0x00000000eab00000,0x00000000eec00000,0x00000000eec00000)
  from space 5120K, 99% used [0x00000000ef100000,0x00000000ef5fcfb0,0x00000000ef600000)
  to   space 5120K, 0% used [0x00000000eec00000,0x00000000eec00000,0x00000000ef100000)
 ParOldGen       total 87552K, used 2985K [0x00000000c0000000, 0x00000000c5580000, 0x00000000eab00000)
  object space 87552K, 3% used [0x00000000c0000000,0x00000000c02ea6f8,0x00000000c5580000)
 Metaspace       used 6251K, capacity 7088K, committed 7296K, reserved 1056768K
  class space    used 603K, capacity 616K, committed 640K, reserved 1048576K
Event: 7.768 GC heap after
Heap after GC invocations=3 (full 0):
 PSYoungGen      total 71680K, used 5097K [0x00000000eab00000, 0x00000000f3700000, 0x0000000100000000)
  eden space 66560K, 0% used [0x00000000eab00000,0x00000000eab00000,0x00000000eec00000)
  from space 5120K, 99% used [0x00000000eec00000,0x00000000ef0fa428,0x00000000ef100000)
  to   space 5120K, 0% used [0x00000000f3200000,0x00000000f3200000,0x00000000f3700000)
 ParOldGen       total 87552K, used 12404K [0x00000000c0000000, 0x00000000c5580000, 0x00000000eab00000)
  object space 87552K, 14% used [0x00000000c0000000,0x00000000c0c1d220,0x00000000c5580000)
 Metaspace       used 6251K, capacity 7088K, committed 7296K, reserved 1056768K
  class space    used 603K, capacity 616K, committed 640K, reserved 1048576K
}

Deoptimization events (10 events):
Event: 6.979 Thread 0x0000000016f36800 Uncommon trap: reason=bimorphic action=maybe_recompile pc=0x00000000031bb928 method=com.android.dx.ssa.LiteralOpUpgrader.tryReplacingWithConstant(Lcom/android/dx/ssa/NormalSsaInsn;)Z @ 52
Event: 7.031 Thread 0x0000000016f34000 Uncommon trap: reason=unstable_if action=reinterpret pc=0x00000000031df60c method=com.android.dx.ssa.SsaRenamer$BlockRenamer.process()V @ 90
Event: 7.298 Thread 0x0000000016f35000 Uncommon trap: reason=unstable_if action=reinterpret pc=0x00000000032e6424 method=com.android.dx.cf.code.RopperMachine.run(Lcom/android/dx/cf/code/Frame;II)V @ 1250
Event: 7.832 Thread 0x0000000016f36800 Uncommon trap: reason=unstable_if action=reinterpret pc=0x000000000306defc method=com.android.dx.util.IntList.binarysearch(I)I @ 105
Event: 7.833 Thread 0x0000000016f36800 Uncommon trap: reason=unstable_if action=reinterpret pc=0x00000000033c2f54 method=com.android.dx.ssa.SsaBasicBlock.newFromRop(Lcom/android/dx/rop/code/RopMethod;ILcom/android/dx/ssa/SsaMethod;)Lcom/android/dx/ssa/SsaBasicBlock; @ 164
Event: 8.182 Thread 0x0000000016f36800 Uncommon trap: reason=bimorphic action=maybe_recompile pc=0x0000000003367894 method=com.android.dx.cf.code.BytecodeArray.parseInstruction(ILcom/android/dx/cf/code/BytecodeArray$Visitor;)I @ 1501
Event: 8.183 Thread 0x0000000016f36800 Uncommon trap: reason=bimorphic action=maybe_recompile pc=0x0000000003367894 method=com.android.dx.cf.code.BytecodeArray.parseInstruction(ILcom/android/dx/cf/code/BytecodeArray$Visitor;)I @ 1501
Event: 8.511 Thread 0x0000000016f07800 Uncommon trap: reason=bimorphic action=maybe_recompile pc=0x00000000031bb928 method=com.android.dx.ssa.LiteralOpUpgrader.tryReplacingWithConstant(Lcom/android/dx/ssa/NormalSsaInsn;)Z @ 52
Event: 8.654 Thread 0x0000000016f34000 Uncommon trap: reason=bimorphic action=maybe_recompile pc=0x00000000031bb928 method=com.android.dx.ssa.LiteralOpUpgrader.tryReplacingWithConstant(Lcom/android/dx/ssa/NormalSsaInsn;)Z @ 52
Event: 8.701 Thread 0x0000000016f34000 Uncommon trap: reason=unstable_if action=reinterpret pc=0x00000000033a8ef0 method=com.android.dx.ssa.SCCP.simulateStmt(Lcom/android/dx/ssa/SsaInsn;)V @ 53

Internal exceptions (5 events):
Event: 1.029 Thread 0x0000000002b5e000 Exception <a 'java/lang/NoSuchMethodError': Method sun.misc.Unsafe.defineClass(Ljava/lang/String;[BII)Ljava/lang/Class; name or signature does not match> (0x00000000eab0e0f8) thrown at [C:\re\workspace\8-2-build-windows-amd64-cygwin\jdk8u66\4988\hotspot\srXc{}/yð?
Event: 1.030 Thread 0x0000000002b5e000 Exception <a 'java/lang/NoSuchMethodError': Method sun.misc.Unsafe.prefetchRead(Ljava/lang/Object;J)V name or signature does not match> (0x00000000eab0e3e0) thrown at [C:\re\workspace\8-2-build-windows-amd64-cygwin\jdk8u66\4988\hotspot\src\share\vm\prims\j.åÚ¬k@
Event: 5.105 Thread 0x0000000002b5e000 Implicit null exception at 0x0000000002fd04ec to 0x0000000002fd1af1
Event: 5.106 Thread 0x0000000002b5e000 Implicit null exception at 0x0000000002fc214d to 0x0000000002fc404d
Event: 6.228 Thread 0x0000000016f35000 Implicit null exception at 0x000000000300a0a2 to 0x000000000300a1a1

Events (10 events):
Event: 8.183 Thread 0x0000000016f36800 DEOPT UNPACKING pc=0x0000000002ca582a sp=0x00000000177ae2f0 mode 2
Event: 8.511 Thread 0x0000000016f07800 Uncommon trap: trap_request=0xffffffc6 fr.pc=0x00000000031bb928
Event: 8.511 Thread 0x0000000016f07800 DEOPT PACKING pc=0x00000000031bb928 sp=0x00000000173aec90
Event: 8.511 Thread 0x0000000016f07800 DEOPT UNPACKING pc=0x0000000002ca582a sp=0x00000000173aec50 mode 2
Event: 8.654 Thread 0x0000000016f34000 Uncommon trap: trap_request=0xffffffc6 fr.pc=0x00000000031bb928
Event: 8.654 Thread 0x0000000016f34000 DEOPT PACKING pc=0x00000000031bb928 sp=0x00000000175ae6b0
Event: 8.654 Thread 0x0000000016f34000 DEOPT UNPACKING pc=0x0000000002ca582a sp=0x00000000175ae670 mode 2
Event: 8.701 Thread 0x0000000016f34000 Uncommon trap: trap_request=0xffffff65 fr.pc=0x00000000033a8ef0
Event: 8.701 Thread 0x0000000016f34000 DEOPT PACKING pc=0x00000000033a8ef0 sp=0x00000000175ae610
Event: 8.701 Thread 0x0000000016f34000 DEOPT UNPACKING pc=0x0000000002ca582a sp=0x00000000175ae5f8 mode 2


Dynamic libraries:
0x00007ff609dd0000 - 0x00007ff609e07000 	C:\Program Files\Java\jdk1.8.0_66\bin\java.exe
0x00007ffb47ec0000 - 0x00007ffb48091000 	C:\WINDOWS\SYSTEM32\ntdll.dll
0x00007ffb47b90000 - 0x00007ffb47c3b000 	C:\WINDOWS\System32\KERNEL32.DLL
0x00007ffb44520000 - 0x00007ffb4473d000 	C:\WINDOWS\System32\KERNELBASE.dll
0x00007ffb474d0000 - 0x00007ffb47572000 	C:\WINDOWS\System32\ADVAPI32.dll
0x00007ffb454b0000 - 0x00007ffb4554e000 	C:\WINDOWS\System32\msvcrt.dll
0x00007ffb45430000 - 0x00007ffb45489000 	C:\WINDOWS\System32\sechost.dll
0x00007ffb45550000 - 0x00007ffb45671000 	C:\WINDOWS\System32\RPCRT4.dll
0x00007ffb45b00000 - 0x00007ffb45c65000 	C:\WINDOWS\System32\USER32.dll
0x00007ffb452c0000 - 0x00007ffb452de000 	C:\WINDOWS\System32\win32u.dll
0x00007ffb47c60000 - 0x00007ffb47c94000 	C:\WINDOWS\System32\GDI32.dll
0x00007ffb44390000 - 0x00007ffb44512000 	C:\WINDOWS\System32\gdi32full.dll
0x00007ffb3a0c0000 - 0x00007ffb3a339000 	C:\WINDOWS\WinSxS\amd64_microsoft.windows.common-controls_6595b64144ccf1df_6.0.14393.0_none_2d0f50fcbdb171b8\COMCTL32.dll
0x00007ffb45680000 - 0x00007ffb45947000 	C:\WINDOWS\System32\combase.dll
0x00007ffb451c0000 - 0x00007ffb452b5000 	C:\WINDOWS\System32\ucrtbase.dll
0x00007ffb44910000 - 0x00007ffb4497a000 	C:\WINDOWS\System32\bcryptPrimitives.dll
0x00007ffb47440000 - 0x00007ffb4746e000 	C:\WINDOWS\System32\IMM32.DLL
0x0000000069220000 - 0x00000000692f2000 	C:\Program Files\Java\jdk1.8.0_66\jre\bin\msvcr100.dll
0x0000000068990000 - 0x0000000069219000 	C:\Program Files\Java\jdk1.8.0_66\jre\bin\server\jvm.dll
0x00007ffb47c40000 - 0x00007ffb47c48000 	C:\WINDOWS\System32\PSAPI.DLL
0x00007ffb36610000 - 0x00007ffb36619000 	C:\WINDOWS\SYSTEM32\WSOCK32.dll
0x00007ffb45a90000 - 0x00007ffb45afa000 	C:\WINDOWS\System32\WS2_32.dll
0x00007ffb42700000 - 0x00007ffb42723000 	C:\WINDOWS\SYSTEM32\WINMM.dll
0x00007ffb43480000 - 0x00007ffb4348a000 	C:\WINDOWS\SYSTEM32\VERSION.dll
0x00007ffb426a0000 - 0x00007ffb426cb000 	C:\WINDOWS\SYSTEM32\WINMMBASE.dll
0x00007ffb453e0000 - 0x00007ffb45422000 	C:\WINDOWS\System32\cfgmgr32.dll
0x000000006a070000 - 0x000000006a07f000 	C:\Program Files\Java\jdk1.8.0_66\jre\bin\verify.dll
0x000000006a040000 - 0x000000006a069000 	C:\Program Files\Java\jdk1.8.0_66\jre\bin\java.dll
0x0000000068970000 - 0x0000000068986000 	C:\Program Files\Java\jdk1.8.0_66\jre\bin\zip.dll
0x00007ffb45d30000 - 0x00007ffb47238000 	C:\WINDOWS\System32\SHELL32.dll
0x00007ffb44ae0000 - 0x00007ffb451ba000 	C:\WINDOWS\System32\windows.storage.dll
0x00007ffb44340000 - 0x00007ffb4438c000 	C:\WINDOWS\System32\powrprof.dll
0x00007ffb47470000 - 0x00007ffb474c2000 	C:\WINDOWS\System32\shlwapi.dll
0x00007ffb44310000 - 0x00007ffb4431f000 	C:\WINDOWS\System32\kernel.appcore.dll
0x00007ffb44a30000 - 0x00007ffb44ad9000 	C:\WINDOWS\System32\shcore.dll
0x00007ffb44320000 - 0x00007ffb44334000 	C:\WINDOWS\System32\profapi.dll

VM Arguments:
jvm_args: -Djava.awt.headless=true -Xmx1024M -Dfile.encoding=windows-1252 -Duser.country=CA -Duser.language=fr -Duser.variant 
java_command: com.android.dx.command.Main --dex --force-jumbo --num-threads=4 --multi-dex --output C:\Users\Proprietaire\Contacts\Desktop\ACRCloud-android-sdk-1.3.2\ConnectTheDots\app\build\intermediates\transforms\dex\debug\folders\1000\10\com.android.support-support-v4-24.1.1_e5d1c142981dc63d3e6b94f78c4827458cd6c20e C:\Users\Proprietaire\Contacts\Desktop\ACRCloud-android-sdk-1.3.2\ConnectTheDots\app\build\intermediates\exploded-aar\com.android.support\support-v4\24.1.1\jars\classes.jar
java_class_path (initial): C:\Users\Proprietaire\AppData\Local\Android\sdk\build-tools\24.0.1\lib\dx.jar
Launcher Type: SUN_STANDARD

Environment Variables:
PATH=C:\wamp\bin\php\php7.0.4;C:\Program Files (x86)\NVIDIA Corporation\PhysX\Common;C:\ProgramData\Oracle\Java\javapath;C:\Program Files\Common Files\Microsoft Shared\Windows Live;C:\Program Files (x86)\Common Files\Microsoft Shared\Windows Live;C:\windows\system32;C:\windows;C:\windows\System32\Wbem;C:\windows\System32\WindowsPowerShell\v1.0\;C:\Program Files (x86)\Intel\Services\IPT\;C:\Python34\;C:\Python34\Scripts;C:\Program Files (x86)\Windows Live\Shared;C:\WINDOWS\system32;C:\WINDOWS;C:\WINDOWS\System32\Wbem;C:\WINDOWS\System32\WindowsPowerShell\v1.0\;C:\WINDOWS\system32;C:\WINDOWS;C:\WINDOWS\System32\Wbem;C:\WINDOWS\System32\WindowsPowerShell\v1.0\;C:\Program Files (x86)\Skype\Phone\;C:\Python35-32;C:\Program Files (x86)\GtkSharp\2.12\bin;C:\Program Files\Microsoft SQL Server\110\Tools\Binn\;C:\Program Files\Microsoft SQL Server\120\Tools\Binn\;C:\Program Files\Microsoft SQL Server\Client SDK\ODBC\110\Tools\Binn\;C:\Program Files (x86)\Microsoft SQL Server\120\Tools\Binn\;C:\Program Files\Microsoft SQL Server\120\DTS\Binn\;C:\Program Files (x86)\Microsoft SQL Server\120\Tools\Binn\ManagementStudio\;C:\Program Files (x86)\Microsoft SQL Server\120\DTS\Binn\;C:\WINDOWS\system32\config\systemprofile\.dnx\bin;C:\Program Files\Microsoft DNX\Dnvm\;C:\Program Files (x86)\Windows Kits\10\Windows Performance Toolkit\;C:\Program Files (x86)\Druide\Antidote 9\Application\Bin64\;C:\Program Files (x86)\Druide\Antidote 9\Application\Bin32\;C:\Program Files\TortoiseSVN\bin;C:\ProgramData\ComposerSetup\bin;C:\Program Files\Git\cmd;C:\Program Files\nodejs\;C:\Users\Proprietaire\AppData\Local\Programs\Python\Python35-32\Scripts\;C:\Users\Proprietaire\AppData\Local\Programs\Python\Python35-32\;C:\Users\Proprietaire\AppData\Local\Microsoft\WindowsApps;C:\Users\Proprietaire\AppData\Roaming\Composer\vendor\bin;C:\Users\Proprietaire\AppData\Roaming\npm
USERNAME=Étienne
OS=Windows_NT
PROCESSOR_IDENTIFIER=Intel64 Family 6 Model 42 Stepping 7, GenuineIntel



---------------  S Y S T E M  ---------------

OS: Windows 10.0 , 64 bit Build 14393 (10.0.14393.0)

CPU:total 4 (2 cores per cpu, 2 threads per core) family 6 model 42 stepping 7, cmov, cx8, fxsr, mmx, sse, sse2, sse3, ssse3, sse4.1, sse4.2, popcnt, avx, aes, clmul, ht, tsc, tscinvbit

Memory: 4k page, physical 8321396k(1205132k free), swap 9753972k(5512k free)

vm_info: Java HotSpot(TM) 64-Bit Server VM (25.66-b17) for windows-amd64 JRE (1.8.0_66-b17), built on Oct  6 2015 18:55:33 by "java_re" with MS VC++ 10.0 (VS2010)

time: Tue Sep 20 19:41:38 2016
elapsed time: 8 seconds (0d 0h 0m 8s)

