#
# There is insufficient memory for the Java Runtime Environment to continue.
# Native memory allocation (malloc) failed to allocate 1699616 bytes for Chunk::new
# Possible reasons:
#   The system is out of physical RAM or swap space
#   In 32 bit mode, the process size limit was hit
# Possible solutions:
#   Reduce memory load on the system
#   Increase physical memory or swap space
#   Check if swap backing store is full
#   Use 64 bit Java on a 64 bit OS
#   Decrease Java heap size (-Xmx/-Xms)
#   Decrease number of Java threads
#   Decrease Java thread stack sizes (-Xss)
#   Set larger code cache with -XX:ReservedCodeCacheSize=
# This output file may be truncated or incomplete.
#
#  Out of Memory Error (allocation.cpp:390), pid=12636, tid=7500
#
# JRE version: Java(TM) SE Runtime Environment (8.0_66-b17) (build 1.8.0_66-b17)
# Java VM: Java HotSpot(TM) 64-Bit Server VM (25.66-b17 mixed mode windows-amd64 compressed oops)
# Failed to write core dump. Minidumps are not enabled by default on client versions of Windows
#

---------------  T H R E A D  ---------------

Current thread (0x000000001c540000):  JavaThread "C2 CompilerThread0" daemon [_thread_in_native, id=7500, stack(0x000000001dba0000,0x000000001dca0000)]

Stack: [0x000000001dba0000,0x000000001dca0000]
[error occurred during error reporting (printing stack bounds), id 0xc0000005]

Native frames: (J=compiled Java code, j=interpreted, Vv=VM code, C=native code)


Current CompileTask:
C2:  13637 1816   !   4       com.android.dx.cf.code.Ropper::processBlock (1101 bytes)


---------------  P R O C E S S  ---------------

Java Threads: ( => current thread )
  0x000000001e150000 JavaThread "pool-1-thread-1" [_thread_in_Java, id=13264, stack(0x0000000020170000,0x0000000020270000)]
  0x000000001dec0800 JavaThread "Service Thread" daemon [_thread_blocked, id=11236, stack(0x000000001e2a0000,0x000000001e3a0000)]
  0x000000001c59e000 JavaThread "C1 CompilerThread2" daemon [_thread_blocked, id=10228, stack(0x000000001dda0000,0x000000001dea0000)]
  0x000000001c542000 JavaThread "C2 CompilerThread1" daemon [_thread_in_native, id=7740, stack(0x000000001dca0000,0x000000001dda0000)]
=>0x000000001c540000 JavaThread "C2 CompilerThread0" daemon [_thread_in_native, id=7500, stack(0x000000001dba0000,0x000000001dca0000)]
  0x000000001c53d000 JavaThread "Attach Listener" daemon [_thread_blocked, id=12592, stack(0x000000001daa0000,0x000000001dba0000)]
  0x000000001c53b800 JavaThread "Signal Dispatcher" daemon [_thread_blocked, id=2096, stack(0x000000001d9a0000,0x000000001daa0000)]
  0x0000000002e61800 JavaThread "Finalizer" daemon [_thread_blocked, id=10392, stack(0x000000001d790000,0x000000001d890000)]
  0x000000001c509000 JavaThread "Reference Handler" daemon [_thread_blocked, id=10864, stack(0x000000001d690000,0x000000001d790000)]
  0x0000000002d72800 JavaThread "main" [_thread_blocked, id=1088, stack(0x0000000002c70000,0x0000000002d70000)]

Other Threads:
  0x000000001c507800 VMThread [stack: 0x000000001d590000,0x000000001d690000] [id=11512]
  0x000000001dec5000 WatcherThread [stack: 0x000000001e3a0000,0x000000001e4a0000] [id=5752]

VM state:not at safepoint (normal execution)

VM Mutex/Monitor currently owned by a thread: None

Heap:
 PSYoungGen      total 71680K, used 31846K [0x000000076ab00000, 0x000000076f600000, 0x00000007c0000000)
  eden space 66560K, 40% used [0x000000076ab00000,0x000000076c51ad60,0x000000076ec00000)
  from space 5120K, 99% used [0x000000076ec00000,0x000000076f0feb40,0x000000076f100000)
  to   space 5120K, 0% used [0x000000076f100000,0x000000076f100000,0x000000076f600000)
 ParOldGen       total 87552K, used 43647K [0x00000006c0000000, 0x00000006c5580000, 0x000000076ab00000)
  object space 87552K, 49% used [0x00000006c0000000,0x00000006c2a9ff40,0x00000006c5580000)
 Metaspace       used 6810K, capacity 7544K, committed 7680K, reserved 1056768K
  class space    used 641K, capacity 688K, committed 768K, reserved 1048576K

Card table byte_map: [0x0000000012230000,0x0000000012a40000] byte_map_base: 0x000000000ec30000

Marking Bits: (ParMarkBitMap*) 0x000000006919a5b0
 Begin Bits: [0x00000000133a0000, 0x00000000173a0000)
 End Bits:   [0x00000000173a0000, 0x000000001b3a0000)

Polling page: 0x0000000000f40000

CodeCache: size=245760Kb used=10137Kb max_used=10150Kb free=235622Kb
 bounds [0x0000000002e70000, 0x0000000003870000, 0x0000000011e70000]
 total_blobs=2570 nmethods=2300 adapters=182
 compilation: enabled

Compilation events (10 events):
Event: 13.601 Thread 0x000000001c59e000 2349       1       com.android.dx.dex.code.form.Form23x::codeSize (2 bytes)
Event: 13.601 Thread 0x000000001c59e000 nmethod 2349 0x00000000038533d0 code [0x0000000003853520, 0x0000000003853630]
Event: 13.601 Thread 0x000000001c59e000 2350       1       com.android.dx.dex.code.form.Form3rc::codeSize (2 bytes)
Event: 13.601 Thread 0x000000001c59e000 nmethod 2350 0x0000000003851e10 code [0x0000000003851f60, 0x0000000003852070]
Event: 13.603 Thread 0x000000001c59e000 2351       1       com.android.dx.dex.code.form.Form31c::codeSize (2 bytes)
Event: 13.603 Thread 0x000000001c59e000 nmethod 2351 0x0000000003851b50 code [0x0000000003851ca0, 0x0000000003851db0]
Event: 13.609 Thread 0x000000001c542000 nmethod 2340% 0x000000000385f650 code [0x000000000385f800, 0x0000000003860438]
Event: 13.609 Thread 0x000000001c542000 2352       4       com.android.dx.dex.code.OutputFinisher::calculateReservedCount (122 bytes)
Event: 13.626 Thread 0x000000001c542000 nmethod 2352 0x0000000003860b90 code [0x0000000003860d60, 0x0000000003861630]
Event: 13.626 Thread 0x000000001c542000 2353 %     4       com.android.dx.dex.code.OutputFinisher::assignIndices @ 8 (46 bytes)

GC Heap History (10 events):
Event: 4.406 GC heap before
{Heap before GC invocations=3 (full 0):
 PSYoungGen      total 38400K, used 38389K [0x000000076ab00000, 0x000000076d580000, 0x00000007c0000000)
  eden space 33280K, 100% used [0x000000076ab00000,0x000000076cb80000,0x000000076cb80000)
  from space 5120K, 99% used [0x000000076d080000,0x000000076d57d6d0,0x000000076d580000)
  to   space 5120K, 0% used [0x000000076cb80000,0x000000076cb80000,0x000000076d080000)
 ParOldGen       total 87552K, used 4415K [0x00000006c0000000, 0x00000006c5580000, 0x000000076ab00000)
  object space 87552K, 5% used [0x00000006c0000000,0x00000006c044fee0,0x00000006c5580000)
 Metaspace       used 6260K, capacity 7152K, committed 7296K, reserved 1056768K
  class space    used 602K, capacity 616K, committed 640K, reserved 1048576K
Event: 4.429 GC heap after
Heap after GC invocations=3 (full 0):
 PSYoungGen      total 38400K, used 5096K [0x000000076ab00000, 0x000000076f600000, 0x00000007c0000000)
  eden space 33280K, 0% used [0x000000076ab00000,0x000000076ab00000,0x000000076cb80000)
  from space 5120K, 99% used [0x000000076cb80000,0x000000076d07a178,0x000000076d080000)
  to   space 5120K, 0% used [0x000000076f100000,0x000000076f100000,0x000000076f600000)
 ParOldGen       total 87552K, used 9465K [0x00000006c0000000, 0x00000006c5580000, 0x000000076ab00000)
  object space 87552K, 10% used [0x00000006c0000000,0x00000006c093e6e8,0x00000006c5580000)
 Metaspace       used 6260K, capacity 7152K, committed 7296K, reserved 1056768K
  class space    used 602K, capacity 616K, committed 640K, reserved 1048576K
}
Event: 4.784 GC heap before
{Heap before GC invocations=4 (full 0):
 PSYoungGen      total 38400K, used 38376K [0x000000076ab00000, 0x000000076f600000, 0x00000007c0000000)
  eden space 33280K, 100% used [0x000000076ab00000,0x000000076cb80000,0x000000076cb80000)
  from space 5120K, 99% used [0x000000076cb80000,0x000000076d07a178,0x000000076d080000)
  to   space 5120K, 0% used [0x000000076f100000,0x000000076f100000,0x000000076f600000)
 ParOldGen       total 87552K, used 9465K [0x00000006c0000000, 0x00000006c5580000, 0x000000076ab00000)
  object space 87552K, 10% used [0x00000006c0000000,0x00000006c093e6e8,0x00000006c5580000)
 Metaspace       used 6299K, capacity 7152K, committed 7296K, reserved 1056768K
  class space    used 602K, capacity 616K, committed 640K, reserved 1048576K
Event: 4.805 GC heap after
Heap after GC invocations=4 (full 0):
 PSYoungGen      total 71680K, used 5092K [0x000000076ab00000, 0x000000076f600000, 0x00000007c0000000)
  eden space 66560K, 0% used [0x000000076ab00000,0x000000076ab00000,0x000000076ec00000)
  from space 5120K, 99% used [0x000000076f100000,0x000000076f5f9078,0x000000076f600000)
  to   space 5120K, 0% used [0x000000076ec00000,0x000000076ec00000,0x000000076f100000)
 ParOldGen       total 87552K, used 14730K [0x00000006c0000000, 0x00000006c5580000, 0x000000076ab00000)
  object space 87552K, 16% used [0x00000006c0000000,0x00000006c0e62ae0,0x00000006c5580000)
 Metaspace       used 6299K, capacity 7152K, committed 7296K, reserved 1056768K
  class space    used 602K, capacity 616K, committed 640K, reserved 1048576K
}
Event: 5.431 GC heap before
{Heap before GC invocations=5 (full 0):
 PSYoungGen      total 71680K, used 71652K [0x000000076ab00000, 0x000000076f600000, 0x00000007c0000000)
  eden space 66560K, 100% used [0x000000076ab00000,0x000000076ec00000,0x000000076ec00000)
  from space 5120K, 99% used [0x000000076f100000,0x000000076f5f9078,0x000000076f600000)
  to   space 5120K, 0% used [0x000000076ec00000,0x000000076ec00000,0x000000076f100000)
 ParOldGen       total 87552K, used 14730K [0x00000006c0000000, 0x00000006c5580000, 0x000000076ab00000)
  object space 87552K, 16% used [0x00000006c0000000,0x00000006c0e62ae0,0x00000006c5580000)
 Metaspace       used 6415K, capacity 7192K, committed 7424K, reserved 1056768K
  class space    used 623K, capacity 656K, committed 768K, reserved 1048576K
Event: 5.462 GC heap after
Heap after GC invocations=5 (full 0):
 PSYoungGen      total 71680K, used 5112K [0x000000076ab00000, 0x000000076f600000, 0x00000007c0000000)
  eden space 66560K, 0% used [0x000000076ab00000,0x000000076ab00000,0x000000076ec00000)
  from space 5120K, 99% used [0x000000076ec00000,0x000000076f0fe230,0x000000076f100000)
  to   space 5120K, 0% used [0x000000076f100000,0x000000076f100000,0x000000076f600000)
 ParOldGen       total 87552K, used 23929K [0x00000006c0000000, 0x00000006c5580000, 0x000000076ab00000)
  object space 87552K, 27% used [0x00000006c0000000,0x00000006c175e4b0,0x00000006c5580000)
 Metaspace       used 6415K, capacity 7192K, committed 7424K, reserved 1056768K
  class space    used 623K, capacity 656K, committed 768K, reserved 1048576K
}
Event: 6.242 GC heap before
{Heap before GC invocations=6 (full 0):
 PSYoungGen      total 71680K, used 71672K [0x000000076ab00000, 0x000000076f600000, 0x00000007c0000000)
  eden space 66560K, 100% used [0x000000076ab00000,0x000000076ec00000,0x000000076ec00000)
  from space 5120K, 99% used [0x000000076ec00000,0x000000076f0fe230,0x000000076f100000)
  to   space 5120K, 0% used [0x000000076f100000,0x000000076f100000,0x000000076f600000)
 ParOldGen       total 87552K, used 23929K [0x00000006c0000000, 0x00000006c5580000, 0x000000076ab00000)
  object space 87552K, 27% used [0x00000006c0000000,0x00000006c175e4b0,0x00000006c5580000)
 Metaspace       used 6492K, capacity 7256K, committed 7424K, reserved 1056768K
  class space    used 623K, capacity 656K, committed 768K, reserved 1048576K
Event: 6.342 GC heap after
Heap after GC invocations=6 (full 0):
 PSYoungGen      total 71680K, used 5114K [0x000000076ab00000, 0x000000076f600000, 0x00000007c0000000)
  eden space 66560K, 0% used [0x000000076ab00000,0x000000076ab00000,0x000000076ec00000)
  from space 5120K, 99% used [0x000000076f100000,0x000000076f5febc0,0x000000076f600000)
  to   space 5120K, 0% used [0x000000076ec00000,0x000000076ec00000,0x000000076f100000)
 ParOldGen       total 87552K, used 33327K [0x00000006c0000000, 0x00000006c5580000, 0x000000076ab00000)
  object space 87552K, 38% used [0x00000006c0000000,0x00000006c208bdf8,0x00000006c5580000)
 Metaspace       used 6492K, capacity 7256K, committed 7424K, reserved 1056768K
  class space    used 623K, capacity 656K, committed 768K, reserved 1048576K
}
Event: 6.769 GC heap before
{Heap before GC invocations=7 (full 0):
 PSYoungGen      total 71680K, used 71674K [0x000000076ab00000, 0x000000076f600000, 0x00000007c0000000)
  eden space 66560K, 100% used [0x000000076ab00000,0x000000076ec00000,0x000000076ec00000)
  from space 5120K, 99% used [0x000000076f100000,0x000000076f5febc0,0x000000076f600000)
  to   space 5120K, 0% used [0x000000076ec00000,0x000000076ec00000,0x000000076f100000)
 ParOldGen       total 87552K, used 33327K [0x00000006c0000000, 0x00000006c5580000, 0x000000076ab00000)
  object space 87552K, 38% used [0x00000006c0000000,0x00000006c208bdf8,0x00000006c5580000)
 Metaspace       used 6509K, capacity 7256K, committed 7424K, reserved 1056768K
  class space    used 624K, capacity 656K, committed 768K, reserved 1048576K
Event: 6.949 GC heap after
Heap after GC invocations=7 (full 0):
 PSYoungGen      total 71680K, used 5114K [0x000000076ab00000, 0x000000076f600000, 0x00000007c0000000)
  eden space 66560K, 0% used [0x000000076ab00000,0x000000076ab00000,0x000000076ec00000)
  from space 5120K, 99% used [0x000000076ec00000,0x000000076f0feb40,0x000000076f100000)
  to   space 5120K, 0% used [0x000000076f100000,0x000000076f100000,0x000000076f600000)
 ParOldGen       total 87552K, used 43647K [0x00000006c0000000, 0x00000006c5580000, 0x000000076ab00000)
  object space 87552K, 49% used [0x00000006c0000000,0x00000006c2a9ff40,0x00000006c5580000)
 Metaspace       used 6509K, capacity 7256K, committed 7424K, reserved 1056768K
  class space    used 624K, capacity 656K, committed 768K, reserved 1048576K
}

Deoptimization events (10 events):
Event: 9.459 Thread 0x000000001e150000 Uncommon trap: reason=class_check action=maybe_recompile pc=0x000000000338e540 method=java.util.Arrays.hashCode([Ljava/lang/Object;)I @ 43
Event: 9.459 Thread 0x000000001e150000 Uncommon trap: reason=class_check action=maybe_recompile pc=0x0000000003307fb4 method=java.util.Arrays.hashCode([Ljava/lang/Object;)I @ 43
Event: 12.022 Thread 0x000000001e150000 Uncommon trap: reason=speculate_class_check action=maybe_recompile pc=0x000000000324e1d4 method=com.android.dx.util.FixedSizeList.equals(Ljava/lang/Object;)Z @ 25
Event: 12.022 Thread 0x000000001e150000 Uncommon trap: reason=unstable_if action=reinterpret pc=0x0000000003251a24 method=java.util.Arrays.equals([Ljava/lang/Object;[Ljava/lang/Object;)Z @ 23
Event: 12.758 Thread 0x000000001e150000 Uncommon trap: reason=speculate_class_check action=maybe_recompile pc=0x000000000324e1d4 method=com.android.dx.util.FixedSizeList.equals(Ljava/lang/Object;)Z @ 25
Event: 12.758 Thread 0x000000001e150000 Uncommon trap: reason=speculate_class_check action=maybe_recompile pc=0x000000000324e1d4 method=com.android.dx.util.FixedSizeList.equals(Ljava/lang/Object;)Z @ 25
Event: 12.758 Thread 0x000000001e150000 Uncommon trap: reason=speculate_class_check action=maybe_recompile pc=0x000000000324e1d4 method=com.android.dx.util.FixedSizeList.equals(Ljava/lang/Object;)Z @ 25
Event: 13.280 Thread 0x000000001e150000 Uncommon trap: reason=unstable_if action=reinterpret pc=0x000000000365930c method=java.util.TreeMap.put(Ljava/lang/Object;Ljava/lang/Object;)Ljava/lang/Object; @ 163
Event: 13.360 Thread 0x000000001e150000 Uncommon trap: reason=unstable_if action=reinterpret pc=0x000000000384737c method=com.android.dx.dex.code.OutputFinisher.align64bits([Lcom/android/dx/dex/code/Dop;)V @ 205
Event: 13.586 Thread 0x000000001e150000 Uncommon trap: reason=unstable_if action=reinterpret pc=0x0000000003809408 method=com.android.dx.rop.code.RegisterSpec.matchesVariable(Lcom/android/dx/rop/code/RegisterSpec;)Z @ 59

Internal exceptions (5 events):
Event: 0.291 Thread 0x0000000002d72800 Exception <a 'java/lang/NoSuchMethodError': Method sun.misc.Unsafe.defineClass(Ljava/lang/String;[BII)Ljava/lang/Class; name or signature does not match> (0x000000076ab0e280) thrown at [C:\re\workspace\8-2-build-windows-amd64-cygwin\jdk8u66\4988\hotspot\sreIE∫Ó¢“?
Event: 0.291 Thread 0x0000000002d72800 Exception <a 'java/lang/NoSuchMethodError': Method sun.misc.Unsafe.prefetchRead(Ljava/lang/Object;J)V name or signature does not match> (0x000000076ab0e568) thrown at [C:\re\workspace\8-2-build-windows-amd64-cygwin\jdk8u66\4988\hotspot\src\share\vm\prims\jŒ`3`Å=@
Event: 5.310 Thread 0x000000001e150800 Exception <a 'java/lang/ArrayIndexOutOfBoundsException': 18> (0x000000076e1fc6c0) thrown at [C:\re\workspace\8-2-build-windows-amd64-cygwin\jdk8u66\4988\hotspot\src\share\vm\interpreter\interpreterRuntime.cpp, line 366]
Event: 5.311 Thread 0x000000001e150800 Exception <a 'java/lang/ArrayIndexOutOfBoundsException'> (0x000000076e1fe240) thrown at [C:\re\workspace\8-2-build-windows-amd64-cygwin\jdk8u66\4988\hotspot\src\share\vm\runtime\sharedRuntime.cpp, line 605]
Event: 5.313 Thread 0x000000001e150800 Exception <a 'java/lang/ArrayIndexOutOfBoundsException'> (0x000000076e1ff528) thrown at [C:\re\workspace\8-2-build-windows-amd64-cygwin\jdk8u66\4988\hotspot\src\share\vm\runtime\sharedRuntime.cpp, line 605]

Events (10 events):
Event: 13.363 Thread 0x000000001e150000 DEOPT UNPACKING pc=0x0000000002eb582a sp=0x000000002026e600 mode 2
Event: 13.427 Thread 0x000000001e150000 DEOPT PACKING pc=0x00000000037f6cf9 sp=0x000000002026e650
Event: 13.427 Thread 0x000000001e150000 DEOPT UNPACKING pc=0x0000000002eb787f sp=0x000000002026e3c8 mode 0
Event: 13.439 Thread 0x000000001e150000 DEOPT PACKING pc=0x00000000037f99c0 sp=0x000000002026e560
Event: 13.439 Thread 0x000000001e150000 DEOPT UNPACKING pc=0x0000000002eb787f sp=0x000000002026e3a8 mode 0
Event: 13.586 Thread 0x000000001e150000 Uncommon trap: trap_request=0xffffff65 fr.pc=0x0000000003809408
Event: 13.586 Thread 0x000000001e150000 DEOPT PACKING pc=0x0000000003809408 sp=0x000000002026e4f0
Event: 13.586 Thread 0x000000001e150000 DEOPT UNPACKING pc=0x0000000002eb582a sp=0x000000002026e498 mode 2
Event: 13.607 Thread 0x000000001e150000 DEOPT PACKING pc=0x00000000037fea3e sp=0x000000002026e570
Event: 13.607 Thread 0x000000001e150000 DEOPT UNPACKING pc=0x0000000002eb787f sp=0x000000002026e2c8 mode 0


Dynamic libraries:
0x00007ff609dd0000 - 0x00007ff609e07000 	C:\Program Files\Java\jdk1.8.0_66\bin\java.exe
0x00007ffb47ec0000 - 0x00007ffb48091000 	C:\WINDOWS\SYSTEM32\ntdll.dll
0x00007ffb47b90000 - 0x00007ffb47c3b000 	C:\WINDOWS\System32\KERNEL32.DLL
0x00007ffb44520000 - 0x00007ffb4473d000 	C:\WINDOWS\System32\KERNELBASE.dll
0x00007ffb474d0000 - 0x00007ffb47572000 	C:\WINDOWS\System32\ADVAPI32.dll
0x00007ffb454b0000 - 0x00007ffb4554e000 	C:\WINDOWS\System32\msvcrt.dll
0x00007ffb45430000 - 0x00007ffb45489000 	C:\WINDOWS\System32\sechost.dll
0x00007ffb45550000 - 0x00007ffb45671000 	C:\WINDOWS\System32\RPCRT4.dll
0x00007ffb45b00000 - 0x00007ffb45c65000 	C:\WINDOWS\System32\USER32.dll
0x00007ffb452c0000 - 0x00007ffb452de000 	C:\WINDOWS\System32\win32u.dll
0x00007ffb47c60000 - 0x00007ffb47c94000 	C:\WINDOWS\System32\GDI32.dll
0x00007ffb44390000 - 0x00007ffb44512000 	C:\WINDOWS\System32\gdi32full.dll
0x00007ffb3a0c0000 - 0x00007ffb3a339000 	C:\WINDOWS\WinSxS\amd64_microsoft.windows.common-controls_6595b64144ccf1df_6.0.14393.0_none_2d0f50fcbdb171b8\COMCTL32.dll
0x00007ffb45680000 - 0x00007ffb45947000 	C:\WINDOWS\System32\combase.dll
0x00007ffb451c0000 - 0x00007ffb452b5000 	C:\WINDOWS\System32\ucrtbase.dll
0x00007ffb44910000 - 0x00007ffb4497a000 	C:\WINDOWS\System32\bcryptPrimitives.dll
0x00007ffb47440000 - 0x00007ffb4746e000 	C:\WINDOWS\System32\IMM32.DLL
0x0000000069220000 - 0x00000000692f2000 	C:\Program Files\Java\jdk1.8.0_66\jre\bin\msvcr100.dll
0x0000000068990000 - 0x0000000069219000 	C:\Program Files\Java\jdk1.8.0_66\jre\bin\server\jvm.dll
0x00007ffb47c40000 - 0x00007ffb47c48000 	C:\WINDOWS\System32\PSAPI.DLL
0x00007ffb36610000 - 0x00007ffb36619000 	C:\WINDOWS\SYSTEM32\WSOCK32.dll
0x00007ffb45a90000 - 0x00007ffb45afa000 	C:\WINDOWS\System32\WS2_32.dll
0x00007ffb42700000 - 0x00007ffb42723000 	C:\WINDOWS\SYSTEM32\WINMM.dll
0x00007ffb43480000 - 0x00007ffb4348a000 	C:\WINDOWS\SYSTEM32\VERSION.dll
0x00007ffb426a0000 - 0x00007ffb426cb000 	C:\WINDOWS\SYSTEM32\WINMMBASE.dll
0x00007ffb453e0000 - 0x00007ffb45422000 	C:\WINDOWS\System32\cfgmgr32.dll
0x000000006a070000 - 0x000000006a07f000 	C:\Program Files\Java\jdk1.8.0_66\jre\bin\verify.dll
0x000000006a040000 - 0x000000006a069000 	C:\Program Files\Java\jdk1.8.0_66\jre\bin\java.dll
0x0000000068970000 - 0x0000000068986000 	C:\Program Files\Java\jdk1.8.0_66\jre\bin\zip.dll
0x00007ffb45d30000 - 0x00007ffb47238000 	C:\WINDOWS\System32\SHELL32.dll
0x00007ffb44ae0000 - 0x00007ffb451ba000 	C:\WINDOWS\System32\windows.storage.dll
0x00007ffb44340000 - 0x00007ffb4438c000 	C:\WINDOWS\System32\powrprof.dll
0x00007ffb47470000 - 0x00007ffb474c2000 	C:\WINDOWS\System32\shlwapi.dll
0x00007ffb44310000 - 0x00007ffb4431f000 	C:\WINDOWS\System32\kernel.appcore.dll
0x00007ffb44a30000 - 0x00007ffb44ad9000 	C:\WINDOWS\System32\shcore.dll
0x00007ffb44320000 - 0x00007ffb44334000 	C:\WINDOWS\System32\profapi.dll

VM Arguments:
jvm_args: -Djava.awt.headless=true -Xmx4g -Dfile.encoding=windows-1252 -Duser.country=CA -Duser.language=fr -Duser.variant 
java_command: com.android.dx.command.Main --dex --force-jumbo --num-threads=4 --multi-dex --output C:\Users\Proprietaire\Contacts\Desktop\ACRCloud-android-sdk-1.3.2\ConnectTheDots\app\build\intermediates\transforms\dex\debug\folders\1000\10\com.android.support-appcompat-v7-24.1.1_473551d13a08fbb4a703bce9fc9e58006d0ac95c C:\Users\Proprietaire\Contacts\Desktop\ACRCloud-android-sdk-1.3.2\ConnectTheDots\app\build\intermediates\exploded-aar\com.android.support\appcompat-v7\24.1.1\jars\classes.jar
java_class_path (initial): C:\Users\Proprietaire\AppData\Local\Android\sdk\build-tools\24.0.1\lib\dx.jar
Launcher Type: SUN_STANDARD

Environment Variables:
PATH=C:\wamp\bin\php\php7.0.4;C:\Program Files (x86)\NVIDIA Corporation\PhysX\Common;C:\ProgramData\Oracle\Java\javapath;C:\Program Files\Common Files\Microsoft Shared\Windows Live;C:\Program Files (x86)\Common Files\Microsoft Shared\Windows Live;C:\windows\system32;C:\windows;C:\windows\System32\Wbem;C:\windows\System32\WindowsPowerShell\v1.0\;C:\Program Files (x86)\Intel\Services\IPT\;C:\Python34\;C:\Python34\Scripts;C:\Program Files (x86)\Windows Live\Shared;C:\WINDOWS\system32;C:\WINDOWS;C:\WINDOWS\System32\Wbem;C:\WINDOWS\System32\WindowsPowerShell\v1.0\;C:\WINDOWS\system32;C:\WINDOWS;C:\WINDOWS\System32\Wbem;C:\WINDOWS\System32\WindowsPowerShell\v1.0\;C:\Program Files (x86)\Skype\Phone\;C:\Python35-32;C:\Program Files (x86)\GtkSharp\2.12\bin;C:\Program Files\Microsoft SQL Server\110\Tools\Binn\;C:\Program Files\Microsoft SQL Server\120\Tools\Binn\;C:\Program Files\Microsoft SQL Server\Client SDK\ODBC\110\Tools\Binn\;C:\Program Files (x86)\Microsoft SQL Server\120\Tools\Binn\;C:\Program Files\Microsoft SQL Server\120\DTS\Binn\;C:\Program Files (x86)\Microsoft SQL Server\120\Tools\Binn\ManagementStudio\;C:\Program Files (x86)\Microsoft SQL Server\120\DTS\Binn\;C:\WINDOWS\system32\config\systemprofile\.dnx\bin;C:\Program Files\Microsoft DNX\Dnvm\;C:\Program Files (x86)\Windows Kits\10\Windows Performance Toolkit\;C:\Program Files (x86)\Druide\Antidote 9\Application\Bin64\;C:\Program Files (x86)\Druide\Antidote 9\Application\Bin32\;C:\Program Files\TortoiseSVN\bin;C:\ProgramData\ComposerSetup\bin;C:\Program Files\Git\cmd;C:\Program Files\nodejs\;C:\Users\Proprietaire\AppData\Local\Programs\Python\Python35-32\Scripts\;C:\Users\Proprietaire\AppData\Local\Programs\Python\Python35-32\;C:\Users\Proprietaire\AppData\Local\Microsoft\WindowsApps;C:\Users\Proprietaire\AppData\Roaming\Composer\vendor\bin;C:\Users\Proprietaire\AppData\Roaming\npm
USERNAME=…tienne
OS=Windows_NT
PROCESSOR_IDENTIFIER=Intel64 Family 6 Model 42 Stepping 7, GenuineIntel



---------------  S Y S T E M  ---------------

OS: Windows 10.0 , 64 bit Build 14393 (10.0.14393.0)

CPU:total 4 (2 cores per cpu, 2 threads per core) family 6 model 42 stepping 7, cmov, cx8, fxsr, mmx, sse, sse2, sse3, ssse3, sse4.1, sse4.2, popcnt, avx, aes, clmul, ht, tsc, tscinvbit

Memory: 4k page, physical 8321396k(1210028k free), swap 9753972k(5508k free)

vm_info: Java HotSpot(TM) 64-Bit Server VM (25.66-b17) for windows-amd64 JRE (1.8.0_66-b17), built on Oct  6 2015 18:55:33 by "java_re" with MS VC++ 10.0 (VS2010)

time: Tue Sep 20 20:41:12 2016
elapsed time: 13 seconds (0d 0h 0m 13s)

