#
# There is insufficient memory for the Java Runtime Environment to continue.
# Native memory allocation (malloc) failed to allocate 258176 bytes for Chunk::new
# Possible reasons:
#   The system is out of physical RAM or swap space
#   In 32 bit mode, the process size limit was hit
# Possible solutions:
#   Reduce memory load on the system
#   Increase physical memory or swap space
#   Check if swap backing store is full
#   Use 64 bit Java on a 64 bit OS
#   Decrease Java heap size (-Xmx/-Xms)
#   Decrease number of Java threads
#   Decrease Java thread stack sizes (-Xss)
#   Set larger code cache with -XX:ReservedCodeCacheSize=
# This output file may be truncated or incomplete.
#
#  Out of Memory Error (allocation.cpp:390), pid=13192, tid=9540
#
# JRE version: Java(TM) SE Runtime Environment (8.0_66-b17) (build 1.8.0_66-b17)
# Java VM: Java HotSpot(TM) 64-Bit Server VM (25.66-b17 mixed mode windows-amd64 compressed oops)
# Failed to write core dump. Minidumps are not enabled by default on client versions of Windows
#

---------------  T H R E A D  ---------------

Current thread (0x0000000015731000):  JavaThread "C2 CompilerThread1" daemon [_thread_in_native, id=9540, stack(0x0000000016e90000,0x0000000016f90000)]

Stack: [0x0000000016e90000,0x0000000016f90000]
[error occurred during error reporting (printing stack bounds), id 0xc0000005]

Native frames: (J=compiled Java code, j=interpreted, Vv=VM code, C=native code)


Current CompileTask:
C2:   9778 2480       4       com.android.dx.dex.code.DalvCode::finishProcessingIfNecessary (69 bytes)


---------------  P R O C E S S  ---------------

Java Threads: ( => current thread )
  0x00000000173b5000 JavaThread "pool-1-thread-1" [_thread_in_Java, id=11056, stack(0x000000001a330000,0x000000001a430000)]
  0x0000000017093800 JavaThread "Service Thread" daemon [_thread_blocked, id=3676, stack(0x0000000017490000,0x0000000017590000)]
  0x000000001578a000 JavaThread "C1 CompilerThread2" daemon [_thread_blocked, id=15204, stack(0x0000000016f90000,0x0000000017090000)]
=>0x0000000015731000 JavaThread "C2 CompilerThread1" daemon [_thread_in_native, id=9540, stack(0x0000000016e90000,0x0000000016f90000)]
  0x000000001572f000 JavaThread "C2 CompilerThread0" daemon [_thread_in_native, id=7340, stack(0x0000000016d90000,0x0000000016e90000)]
  0x000000001572c000 JavaThread "Attach Listener" daemon [_thread_blocked, id=7084, stack(0x0000000016c90000,0x0000000016d90000)]
  0x000000001572a800 JavaThread "Signal Dispatcher" daemon [_thread_blocked, id=11988, stack(0x0000000016b90000,0x0000000016c90000)]
  0x0000000003051800 JavaThread "Finalizer" daemon [_thread_blocked, id=10640, stack(0x0000000016980000,0x0000000016a80000)]
  0x000000000304e800 JavaThread "Reference Handler" daemon [_thread_blocked, id=13084, stack(0x0000000016880000,0x0000000016980000)]
  0x0000000002dce000 JavaThread "main" [_thread_blocked, id=6720, stack(0x0000000002e60000,0x0000000002f60000)]

Other Threads:
  0x00000000156f8800 VMThread [stack: 0x0000000016780000,0x0000000016880000] [id=12696]
  0x0000000017096800 WatcherThread [stack: 0x0000000017590000,0x0000000017690000] [id=7988]

VM state:not at safepoint (normal execution)

VM Mutex/Monitor currently owned by a thread: None

Heap:
 PSYoungGen      total 147968K, used 118332K [0x00000000eab00000, 0x00000000f5000000, 0x0000000100000000)
  eden space 131584K, 78% used [0x00000000eab00000,0x00000000f104d4a8,0x00000000f2b80000)
  from space 16384K, 89% used [0x00000000f3d00000,0x00000000f4b41f20,0x00000000f4d00000)
  to   space 17920K, 0% used [0x00000000f2b80000,0x00000000f2b80000,0x00000000f3d00000)
 ParOldGen       total 87552K, used 24833K [0x00000000c0000000, 0x00000000c5580000, 0x00000000eab00000)
  object space 87552K, 28% used [0x00000000c0000000,0x00000000c1840710,0x00000000c5580000)
 Metaspace       used 6878K, capacity 7608K, committed 7936K, reserved 1056768K
  class space    used 644K, capacity 688K, committed 768K, reserved 1048576K

Card table byte_map: [0x0000000012420000,0x0000000012630000] byte_map_base: 0x0000000011e20000

Marking Bits: (ParMarkBitMap*) 0x000000006919a5b0
 Begin Bits: [0x0000000012b90000, 0x0000000013b90000)
 End Bits:   [0x0000000013b90000, 0x0000000014b90000)

Polling page: 0x0000000002d20000

CodeCache: size=245760Kb used=10476Kb max_used=10488Kb free=235283Kb
 bounds [0x0000000003060000, 0x0000000003ab0000, 0x0000000012060000]
 total_blobs=2737 nmethods=2466 adapters=183
 compilation: enabled

Compilation events (10 events):
Event: 9.730 Thread 0x000000001578a000 2492       3       java.util.TimSort::countRunAndMakeAscending (128 bytes)
Event: 9.731 Thread 0x000000001578a000 nmethod 2492 0x0000000003a9c150 code [0x0000000003a9c340, 0x0000000003a9cde8]
Event: 9.731 Thread 0x000000001578a000 2494       3       java.util.TimSort::binarySort (223 bytes)
Event: 9.732 Thread 0x000000001578a000 nmethod 2494 0x0000000003a9f9d0 code [0x0000000003a9fba0, 0x0000000003aa0578]
Event: 9.736 Thread 0x000000001578a000 2496       3       com.android.dx.dex.file.DebugInfoEncoder::emitLocalRestart (80 bytes)
Event: 9.737 Thread 0x000000001578a000 nmethod 2496 0x0000000003aa0e10 code [0x0000000003aa1040, 0x0000000003aa1de8]
Event: 9.737 Thread 0x000000001578a000 2497       3       com.android.dx.dex.file.DebugInfoEncoder::emitAdvancePc (82 bytes)
Event: 9.738 Thread 0x000000001578a000 nmethod 2497 0x0000000003aa2490 code [0x0000000003aa26c0, 0x0000000003aa3368]
Event: 9.739 Thread 0x000000001572f000 nmethod 2491 0x0000000003aa6b50 code [0x0000000003aa6d00, 0x0000000003aa7290]
Event: 9.739 Thread 0x000000001572f000 2493       4       com.android.dx.dex.file.DebugInfoEncoder::emitLocalsAtAddress (150 bytes)

GC Heap History (10 events):
Event: 2.700 GC heap before
{Heap before GC invocations=2 (full 0):
 PSYoungGen      total 38400K, used 38378K [0x00000000eab00000, 0x00000000ed580000, 0x0000000100000000)
  eden space 33280K, 100% used [0x00000000eab00000,0x00000000ecb80000,0x00000000ecb80000)
  from space 5120K, 99% used [0x00000000ecb80000,0x00000000ed07aba0,0x00000000ed080000)
  to   space 5120K, 0% used [0x00000000ed080000,0x00000000ed080000,0x00000000ed580000)
 ParOldGen       total 87552K, used 662K [0x00000000c0000000, 0x00000000c5580000, 0x00000000eab00000)
  object space 87552K, 0% used [0x00000000c0000000,0x00000000c00a5bc0,0x00000000c5580000)
 Metaspace       used 6205K, capacity 7088K, committed 7296K, reserved 1056768K
  class space    used 602K, capacity 616K, committed 640K, reserved 1048576K
Event: 2.743 GC heap after
Heap after GC invocations=2 (full 0):
 PSYoungGen      total 38400K, used 5110K [0x00000000eab00000, 0x00000000ef600000, 0x0000000100000000)
  eden space 33280K, 0% used [0x00000000eab00000,0x00000000eab00000,0x00000000ecb80000)
  from space 5120K, 99% used [0x00000000ed080000,0x00000000ed57da20,0x00000000ed580000)
  to   space 5120K, 0% used [0x00000000ecb80000,0x00000000ecb80000,0x00000000ed080000)
 ParOldGen       total 87552K, used 4840K [0x00000000c0000000, 0x00000000c5580000, 0x00000000eab00000)
  object space 87552K, 5% used [0x00000000c0000000,0x00000000c04ba1a8,0x00000000c5580000)
 Metaspace       used 6205K, capacity 7088K, committed 7296K, reserved 1056768K
  class space    used 602K, capacity 616K, committed 640K, reserved 1048576K
}
Event: 3.260 GC heap before
{Heap before GC invocations=3 (full 0):
 PSYoungGen      total 38400K, used 38390K [0x00000000eab00000, 0x00000000ef600000, 0x0000000100000000)
  eden space 33280K, 100% used [0x00000000eab00000,0x00000000ecb80000,0x00000000ecb80000)
  from space 5120K, 99% used [0x00000000ed080000,0x00000000ed57da20,0x00000000ed580000)
  to   space 5120K, 0% used [0x00000000ecb80000,0x00000000ecb80000,0x00000000ed080000)
 ParOldGen       total 87552K, used 4840K [0x00000000c0000000, 0x00000000c5580000, 0x00000000eab00000)
  object space 87552K, 5% used [0x00000000c0000000,0x00000000c04ba1a8,0x00000000c5580000)
 Metaspace       used 6261K, capacity 7152K, committed 7296K, reserved 1056768K
  class space    used 602K, capacity 616K, committed 640K, reserved 1048576K
Event: 3.279 GC heap after
Heap after GC invocations=3 (full 0):
 PSYoungGen      total 38400K, used 5113K [0x00000000eab00000, 0x00000000ef600000, 0x0000000100000000)
  eden space 33280K, 0% used [0x00000000eab00000,0x00000000eab00000,0x00000000ecb80000)
  from space 5120K, 99% used [0x00000000ecb80000,0x00000000ed07e620,0x00000000ed080000)
  to   space 5120K, 0% used [0x00000000ef100000,0x00000000ef100000,0x00000000ef600000)
 ParOldGen       total 87552K, used 9199K [0x00000000c0000000, 0x00000000c5580000, 0x00000000eab00000)
  object space 87552K, 10% used [0x00000000c0000000,0x00000000c08fbdd8,0x00000000c5580000)
 Metaspace       used 6261K, capacity 7152K, committed 7296K, reserved 1056768K
  class space    used 602K, capacity 616K, committed 640K, reserved 1048576K
}
Event: 3.639 GC heap before
{Heap before GC invocations=4 (full 0):
 PSYoungGen      total 38400K, used 38393K [0x00000000eab00000, 0x00000000ef600000, 0x0000000100000000)
  eden space 33280K, 100% used [0x00000000eab00000,0x00000000ecb80000,0x00000000ecb80000)
  from space 5120K, 99% used [0x00000000ecb80000,0x00000000ed07e620,0x00000000ed080000)
  to   space 5120K, 0% used [0x00000000ef100000,0x00000000ef100000,0x00000000ef600000)
 ParOldGen       total 87552K, used 9199K [0x00000000c0000000, 0x00000000c5580000, 0x00000000eab00000)
  object space 87552K, 10% used [0x00000000c0000000,0x00000000c08fbdd8,0x00000000c5580000)
 Metaspace       used 6283K, capacity 7152K, committed 7296K, reserved 1056768K
  class space    used 603K, capacity 616K, committed 640K, reserved 1048576K
Event: 3.663 GC heap after
Heap after GC invocations=4 (full 0):
 PSYoungGen      total 71680K, used 5117K [0x00000000eab00000, 0x00000000ef600000, 0x0000000100000000)
  eden space 66560K, 0% used [0x00000000eab00000,0x00000000eab00000,0x00000000eec00000)
  from space 5120K, 99% used [0x00000000ef100000,0x00000000ef5ff5d0,0x00000000ef600000)
  to   space 5120K, 0% used [0x00000000eec00000,0x00000000eec00000,0x00000000ef100000)
 ParOldGen       total 87552K, used 14807K [0x00000000c0000000, 0x00000000c5580000, 0x00000000eab00000)
  object space 87552K, 16% used [0x00000000c0000000,0x00000000c0e75f88,0x00000000c5580000)
 Metaspace       used 6283K, capacity 7152K, committed 7296K, reserved 1056768K
  class space    used 603K, capacity 616K, committed 640K, reserved 1048576K
}
Event: 4.430 GC heap before
{Heap before GC invocations=5 (full 0):
 PSYoungGen      total 71680K, used 71677K [0x00000000eab00000, 0x00000000ef600000, 0x0000000100000000)
  eden space 66560K, 100% used [0x00000000eab00000,0x00000000eec00000,0x00000000eec00000)
  from space 5120K, 99% used [0x00000000ef100000,0x00000000ef5ff5d0,0x00000000ef600000)
  to   space 5120K, 0% used [0x00000000eec00000,0x00000000eec00000,0x00000000ef100000)
 ParOldGen       total 87552K, used 14807K [0x00000000c0000000, 0x00000000c5580000, 0x00000000eab00000)
  object space 87552K, 16% used [0x00000000c0000000,0x00000000c0e75f88,0x00000000c5580000)
 Metaspace       used 6414K, capacity 7192K, committed 7424K, reserved 1056768K
  class space    used 623K, capacity 656K, committed 768K, reserved 1048576K
Event: 4.515 GC heap after
Heap after GC invocations=5 (full 0):
 PSYoungGen      total 71680K, used 5118K [0x00000000eab00000, 0x00000000f4d00000, 0x0000000100000000)
  eden space 66560K, 0% used [0x00000000eab00000,0x00000000eab00000,0x00000000eec00000)
  from space 5120K, 99% used [0x00000000eec00000,0x00000000ef0ffa80,0x00000000ef100000)
  to   space 16384K, 0% used [0x00000000f3d00000,0x00000000f3d00000,0x00000000f4d00000)
 ParOldGen       total 87552K, used 24833K [0x00000000c0000000, 0x00000000c5580000, 0x00000000eab00000)
  object space 87552K, 28% used [0x00000000c0000000,0x00000000c1840710,0x00000000c5580000)
 Metaspace       used 6414K, capacity 7192K, committed 7424K, reserved 1056768K
  class space    used 623K, capacity 656K, committed 768K, reserved 1048576K
}
Event: 5.178 GC heap before
{Heap before GC invocations=6 (full 0):
 PSYoungGen      total 71680K, used 71678K [0x00000000eab00000, 0x00000000f4d00000, 0x0000000100000000)
  eden space 66560K, 100% used [0x00000000eab00000,0x00000000eec00000,0x00000000eec00000)
  from space 5120K, 99% used [0x00000000eec00000,0x00000000ef0ffa80,0x00000000ef100000)
  to   space 16384K, 0% used [0x00000000f3d00000,0x00000000f3d00000,0x00000000f4d00000)
 ParOldGen       total 87552K, used 24833K [0x00000000c0000000, 0x00000000c5580000, 0x00000000eab00000)
  object space 87552K, 28% used [0x00000000c0000000,0x00000000c1840710,0x00000000c5580000)
 Metaspace       used 6480K, capacity 7192K, committed 7424K, reserved 1056768K
  class space    used 623K, capacity 656K, committed 768K, reserved 1048576K
Event: 5.284 GC heap after
Heap after GC invocations=6 (full 0):
 PSYoungGen      total 147968K, used 14599K [0x00000000eab00000, 0x00000000f5000000, 0x0000000100000000)
  eden space 131584K, 0% used [0x00000000eab00000,0x00000000eab00000,0x00000000f2b80000)
  from space 16384K, 89% used [0x00000000f3d00000,0x00000000f4b41f20,0x00000000f4d00000)
  to   space 17920K, 0% used [0x00000000f2b80000,0x00000000f2b80000,0x00000000f3d00000)
 ParOldGen       total 87552K, used 24833K [0x00000000c0000000, 0x00000000c5580000, 0x00000000eab00000)
  object space 87552K, 28% used [0x00000000c0000000,0x00000000c1840710,0x00000000c5580000)
 Metaspace       used 6480K, capacity 7192K, committed 7424K, reserved 1056768K
  class space    used 623K, capacity 656K, committed 768K, reserved 1048576K
}

Deoptimization events (10 events):
Event: 6.360 Thread 0x00000000173b5000 Uncommon trap: reason=class_check action=maybe_recompile pc=0x00000000034f8608 method=java.util.Arrays.hashCode([Ljava/lang/Object;)I @ 43
Event: 6.360 Thread 0x00000000173b5000 Uncommon trap: reason=class_check action=maybe_recompile pc=0x00000000034f8608 method=java.util.Arrays.hashCode([Ljava/lang/Object;)I @ 43
Event: 6.360 Thread 0x00000000173b5000 Uncommon trap: reason=class_check action=maybe_recompile pc=0x000000000349fff4 method=java.util.Arrays.hashCode([Ljava/lang/Object;)I @ 43
Event: 7.242 Thread 0x00000000173b5000 Uncommon trap: reason=speculate_class_check action=maybe_recompile pc=0x000000000337fc94 method=com.android.dx.util.FixedSizeList.equals(Ljava/lang/Object;)Z @ 25
Event: 7.464 Thread 0x00000000173b5000 Uncommon trap: reason=speculate_class_check action=maybe_recompile pc=0x000000000337fc94 method=com.android.dx.util.FixedSizeList.equals(Ljava/lang/Object;)Z @ 25
Event: 7.465 Thread 0x00000000173b5000 Uncommon trap: reason=speculate_class_check action=maybe_recompile pc=0x000000000337fc94 method=com.android.dx.util.FixedSizeList.equals(Ljava/lang/Object;)Z @ 25
Event: 7.465 Thread 0x00000000173b5000 Uncommon trap: reason=speculate_class_check action=maybe_recompile pc=0x000000000337fc94 method=com.android.dx.util.FixedSizeList.equals(Ljava/lang/Object;)Z @ 25
Event: 8.087 Thread 0x00000000173b5000 Uncommon trap: reason=unstable_if action=reinterpret pc=0x00000000038a237c method=java.util.TreeMap.put(Ljava/lang/Object;Ljava/lang/Object;)Ljava/lang/Object; @ 163
Event: 8.177 Thread 0x00000000173b5000 Uncommon trap: reason=unstable_if action=reinterpret pc=0x0000000003990e20 method=com.android.dx.rop.code.RegisterSpec.matchesVariable(Lcom/android/dx/rop/code/RegisterSpec;)Z @ 59
Event: 9.608 Thread 0x00000000173b5000 Uncommon trap: reason=unstable_if action=reinterpret pc=0x00000000039d2120 method=java.util.ArrayList.<init>(I)V @ 5

Internal exceptions (5 events):
Event: 0.062 Thread 0x0000000002dce000 Exception <a 'java/lang/NoSuchMethodError': Method sun.misc.Unsafe.defineClass(Ljava/lang/String;[BII)Ljava/lang/Class; name or signature does not match> (0x00000000eab0e100) thrown at [C:\re\workspace\8-2-build-windows-amd64-cygwin\jdk8u66\4988\hotspot\srÚÈ¿çÀØ?
Event: 0.062 Thread 0x0000000002dce000 Exception <a 'java/lang/NoSuchMethodError': Method sun.misc.Unsafe.prefetchRead(Ljava/lang/Object;J)V name or signature does not match> (0x00000000eab0e3e8) thrown at [C:\re\workspace\8-2-build-windows-amd64-cygwin\jdk8u66\4988\hotspot\src\share\vm\prims\jk¯„*]@
Event: 4.091 Thread 0x0000000002dce000 Exception <a 'java/lang/ArrayIndexOutOfBoundsException': 18> (0x00000000ed9c9500) thrown at [C:\re\workspace\8-2-build-windows-amd64-cygwin\jdk8u66\4988\hotspot\src\share\vm\interpreter\interpreterRuntime.cpp, line 366]
Event: 4.091 Thread 0x0000000002dce000 Exception <a 'java/lang/ArrayIndexOutOfBoundsException': 145> (0x00000000ed9cb080) thrown at [C:\re\workspace\8-2-build-windows-amd64-cygwin\jdk8u66\4988\hotspot\src\share\vm\interpreter\interpreterRuntime.cpp, line 366]
Event: 4.093 Thread 0x0000000002dce000 Exception <a 'java/lang/ArrayIndexOutOfBoundsException'> (0x00000000ed9cc368) thrown at [C:\re\workspace\8-2-build-windows-amd64-cygwin\jdk8u66\4988\hotspot\src\share\vm\runtime\sharedRuntime.cpp, line 605]

Events (10 events):
Event: 9.513 loading class com/android/dx/rop/code/RegisterSpecList$1 done
Event: 9.604 loading class com/android/dx/dex/file/DebugInfoEncoder
Event: 9.604 loading class com/android/dx/dex/file/DebugInfoEncoder done
Event: 9.606 loading class com/android/dx/dex/file/DebugInfoEncoder$1
Event: 9.606 loading class com/android/dx/dex/file/DebugInfoEncoder$1 done
Event: 9.607 loading class com/android/dx/dex/file/DebugInfoEncoder$2
Event: 9.607 loading class com/android/dx/dex/file/DebugInfoEncoder$2 done
Event: 9.608 Thread 0x00000000173b5000 Uncommon trap: trap_request=0xffffff65 fr.pc=0x00000000039d2120
Event: 9.608 Thread 0x00000000173b5000 DEOPT PACKING pc=0x00000000039d2120 sp=0x000000001a42eb20
Event: 9.608 Thread 0x00000000173b5000 DEOPT UNPACKING pc=0x00000000030a582a sp=0x000000001a42eac8 mode 2


Dynamic libraries:
0x00007ff609dd0000 - 0x00007ff609e07000 	C:\Program Files\Java\jdk1.8.0_66\bin\java.exe
0x00007ffb47ec0000 - 0x00007ffb48091000 	C:\WINDOWS\SYSTEM32\ntdll.dll
0x00007ffb47b90000 - 0x00007ffb47c3b000 	C:\WINDOWS\System32\KERNEL32.DLL
0x00007ffb44520000 - 0x00007ffb4473d000 	C:\WINDOWS\System32\KERNELBASE.dll
0x00007ffb474d0000 - 0x00007ffb47572000 	C:\WINDOWS\System32\ADVAPI32.dll
0x00007ffb454b0000 - 0x00007ffb4554e000 	C:\WINDOWS\System32\msvcrt.dll
0x00007ffb45430000 - 0x00007ffb45489000 	C:\WINDOWS\System32\sechost.dll
0x00007ffb45550000 - 0x00007ffb45671000 	C:\WINDOWS\System32\RPCRT4.dll
0x00007ffb45b00000 - 0x00007ffb45c65000 	C:\WINDOWS\System32\USER32.dll
0x00007ffb452c0000 - 0x00007ffb452de000 	C:\WINDOWS\System32\win32u.dll
0x00007ffb47c60000 - 0x00007ffb47c94000 	C:\WINDOWS\System32\GDI32.dll
0x00007ffb44390000 - 0x00007ffb44512000 	C:\WINDOWS\System32\gdi32full.dll
0x00007ffb3a0c0000 - 0x00007ffb3a339000 	C:\WINDOWS\WinSxS\amd64_microsoft.windows.common-controls_6595b64144ccf1df_6.0.14393.0_none_2d0f50fcbdb171b8\COMCTL32.dll
0x00007ffb45680000 - 0x00007ffb45947000 	C:\WINDOWS\System32\combase.dll
0x00007ffb451c0000 - 0x00007ffb452b5000 	C:\WINDOWS\System32\ucrtbase.dll
0x00007ffb44910000 - 0x00007ffb4497a000 	C:\WINDOWS\System32\bcryptPrimitives.dll
0x00007ffb47440000 - 0x00007ffb4746e000 	C:\WINDOWS\System32\IMM32.DLL
0x0000000069220000 - 0x00000000692f2000 	C:\Program Files\Java\jdk1.8.0_66\jre\bin\msvcr100.dll
0x0000000068990000 - 0x0000000069219000 	C:\Program Files\Java\jdk1.8.0_66\jre\bin\server\jvm.dll
0x00007ffb47c40000 - 0x00007ffb47c48000 	C:\WINDOWS\System32\PSAPI.DLL
0x00007ffb36610000 - 0x00007ffb36619000 	C:\WINDOWS\SYSTEM32\WSOCK32.dll
0x00007ffb45a90000 - 0x00007ffb45afa000 	C:\WINDOWS\System32\WS2_32.dll
0x00007ffb42700000 - 0x00007ffb42723000 	C:\WINDOWS\SYSTEM32\WINMM.dll
0x00007ffb43480000 - 0x00007ffb4348a000 	C:\WINDOWS\SYSTEM32\VERSION.dll
0x0000000002cf0000 - 0x0000000002d1b000 	C:\WINDOWS\SYSTEM32\WINMMBASE.dll
0x00007ffb453e0000 - 0x00007ffb45422000 	C:\WINDOWS\System32\cfgmgr32.dll
0x000000006a070000 - 0x000000006a07f000 	C:\Program Files\Java\jdk1.8.0_66\jre\bin\verify.dll
0x000000006a040000 - 0x000000006a069000 	C:\Program Files\Java\jdk1.8.0_66\jre\bin\java.dll
0x0000000068970000 - 0x0000000068986000 	C:\Program Files\Java\jdk1.8.0_66\jre\bin\zip.dll
0x00007ffb45d30000 - 0x00007ffb47238000 	C:\WINDOWS\System32\SHELL32.dll
0x00007ffb44ae0000 - 0x00007ffb451ba000 	C:\WINDOWS\System32\windows.storage.dll
0x00007ffb44340000 - 0x00007ffb4438c000 	C:\WINDOWS\System32\powrprof.dll
0x00007ffb47470000 - 0x00007ffb474c2000 	C:\WINDOWS\System32\shlwapi.dll
0x00007ffb44310000 - 0x00007ffb4431f000 	C:\WINDOWS\System32\kernel.appcore.dll
0x00007ffb44a30000 - 0x00007ffb44ad9000 	C:\WINDOWS\System32\shcore.dll
0x00007ffb44320000 - 0x00007ffb44334000 	C:\WINDOWS\System32\profapi.dll

VM Arguments:
jvm_args: -Djava.awt.headless=true -Xmx1024M -Dfile.encoding=windows-1252 -Duser.country=CA -Duser.language=fr -Duser.variant 
java_command: com.android.dx.command.Main --dex --force-jumbo --num-threads=4 --multi-dex --output C:\Users\Proprietaire\Contacts\Desktop\ACRCloud-android-sdk-1.3.2\ConnectTheDots\app\build\intermediates\transforms\dex\debug\folders\1000\10\com.android.support-appcompat-v7-24.1.1_473551d13a08fbb4a703bce9fc9e58006d0ac95c C:\Users\Proprietaire\Contacts\Desktop\ACRCloud-android-sdk-1.3.2\ConnectTheDots\app\build\intermediates\exploded-aar\com.android.support\appcompat-v7\24.1.1\jars\classes.jar
java_class_path (initial): C:\Users\Proprietaire\AppData\Local\Android\sdk\build-tools\24.0.1\lib\dx.jar
Launcher Type: SUN_STANDARD

Environment Variables:
PATH=C:\wamp\bin\php\php7.0.4;C:\Program Files (x86)\NVIDIA Corporation\PhysX\Common;C:\ProgramData\Oracle\Java\javapath;C:\Program Files\Common Files\Microsoft Shared\Windows Live;C:\Program Files (x86)\Common Files\Microsoft Shared\Windows Live;C:\windows\system32;C:\windows;C:\windows\System32\Wbem;C:\windows\System32\WindowsPowerShell\v1.0\;C:\Program Files (x86)\Intel\Services\IPT\;C:\Python34\;C:\Python34\Scripts;C:\Program Files (x86)\Windows Live\Shared;C:\WINDOWS\system32;C:\WINDOWS;C:\WINDOWS\System32\Wbem;C:\WINDOWS\System32\WindowsPowerShell\v1.0\;C:\WINDOWS\system32;C:\WINDOWS;C:\WINDOWS\System32\Wbem;C:\WINDOWS\System32\WindowsPowerShell\v1.0\;C:\Program Files (x86)\Skype\Phone\;C:\Python35-32;C:\Program Files (x86)\GtkSharp\2.12\bin;C:\Program Files\Microsoft SQL Server\110\Tools\Binn\;C:\Program Files\Microsoft SQL Server\120\Tools\Binn\;C:\Program Files\Microsoft SQL Server\Client SDK\ODBC\110\Tools\Binn\;C:\Program Files (x86)\Microsoft SQL Server\120\Tools\Binn\;C:\Program Files\Microsoft SQL Server\120\DTS\Binn\;C:\Program Files (x86)\Microsoft SQL Server\120\Tools\Binn\ManagementStudio\;C:\Program Files (x86)\Microsoft SQL Server\120\DTS\Binn\;C:\WINDOWS\system32\config\systemprofile\.dnx\bin;C:\Program Files\Microsoft DNX\Dnvm\;C:\Program Files (x86)\Windows Kits\10\Windows Performance Toolkit\;C:\Program Files (x86)\Druide\Antidote 9\Application\Bin64\;C:\Program Files (x86)\Druide\Antidote 9\Application\Bin32\;C:\Program Files\TortoiseSVN\bin;C:\ProgramData\ComposerSetup\bin;C:\Program Files\Git\cmd;C:\Program Files\nodejs\;C:\Users\Proprietaire\AppData\Local\Programs\Python\Python35-32\Scripts\;C:\Users\Proprietaire\AppData\Local\Programs\Python\Python35-32\;C:\Users\Proprietaire\AppData\Local\Microsoft\WindowsApps;C:\Users\Proprietaire\AppData\Roaming\Composer\vendor\bin;C:\Users\Proprietaire\AppData\Roaming\npm
USERNAME=…tienne
OS=Windows_NT
PROCESSOR_IDENTIFIER=Intel64 Family 6 Model 42 Stepping 7, GenuineIntel



---------------  S Y S T E M  ---------------

OS: Windows 10.0 , 64 bit Build 14393 (10.0.14393.0)

CPU:total 4 (2 cores per cpu, 2 threads per core) family 6 model 42 stepping 7, cmov, cx8, fxsr, mmx, sse, sse2, sse3, ssse3, sse4.1, sse4.2, popcnt, avx, aes, clmul, ht, tsc, tscinvbit

Memory: 4k page, physical 8321396k(1583188k free), swap 9753972k(5304k free)

vm_info: Java HotSpot(TM) 64-Bit Server VM (25.66-b17) for windows-amd64 JRE (1.8.0_66-b17), built on Oct  6 2015 18:55:33 by "java_re" with MS VC++ 10.0 (VS2010)

time: Tue Sep 20 20:37:43 2016
elapsed time: 9 seconds (0d 0h 0m 9s)

