#
# There is insufficient memory for the Java Runtime Environment to continue.
# Native memory allocation (malloc) failed to allocate 1048576 bytes for AllocateHeap
# Possible reasons:
#   The system is out of physical RAM or swap space
#   In 32 bit mode, the process size limit was hit
# Possible solutions:
#   Reduce memory load on the system
#   Increase physical memory or swap space
#   Check if swap backing store is full
#   Use 64 bit Java on a 64 bit OS
#   Decrease Java heap size (-Xmx/-Xms)
#   Decrease number of Java threads
#   Decrease Java thread stack sizes (-Xss)
#   Set larger code cache with -XX:ReservedCodeCacheSize=
# This output file may be truncated or incomplete.
#
#  Out of Memory Error (memory/allocation.inline.hpp:61), pid=15212, tid=7480
#
# JRE version:  (8.0_66-b17) (build )
# Java VM: Java HotSpot(TM) 64-Bit Server VM (25.66-b17 mixed mode windows-amd64 compressed oops)
# Failed to write core dump. Minidumps are not enabled by default on client versions of Windows
#

---------------  T H R E A D  ---------------

Current thread (0x00000000024f2800):  JavaThread "Unknown thread" [_thread_in_vm, id=7480, stack(0x0000000002330000,0x0000000002430000)]

Stack: [0x0000000002330000,0x0000000002430000]
[error occurred during error reporting (printing stack bounds), id 0xc0000005]

Native frames: (J=compiled Java code, j=interpreted, Vv=VM code, C=native code)


---------------  P R O C E S S  ---------------

Java Threads: ( => current thread )

Other Threads:

=>0x00000000024f2800 (exited) JavaThread "Unknown thread" [_thread_in_vm, id=7480, stack(0x0000000002330000,0x0000000002430000)]

VM state:not at safepoint (normal execution)

VM Mutex/Monitor currently owned by a thread: None

Heap:
 PSYoungGen      total 38400K, used 665K [0x000000076ab00000, 0x000000076d580000, 0x00000007c0000000)
  eden space 33280K, 2% used [0x000000076ab00000,0x000000076aba6670,0x000000076cb80000)
  from space 5120K, 0% used [0x000000076d080000,0x000000076d080000,0x000000076d580000)
  to   space 5120K, 0% used [0x000000076cb80000,0x000000076cb80000,0x000000076d080000)
 ParOldGen       total 87552K, used 0K [0x00000006c0000000, 0x00000006c5580000, 0x000000076ab00000)
  object space 87552K, 0% used [0x00000006c0000000,0x00000006c0000000,0x00000006c5580000)
 Metaspace       used 767K, capacity 4480K, committed 4480K, reserved 1056768K
  class space    used 75K, capacity 384K, committed 384K, reserved 1048576K

Card table byte_map: [0x00000000119b0000,0x00000000121c0000] byte_map_base: 0x000000000e3b0000

Marking Bits: (ParMarkBitMap*) 0x0000000066fea5b0
 Begin Bits: [0x0000000012b20000, 0x0000000016b20000)
 End Bits:   [0x0000000016b20000, 0x000000001ab20000)

Polling page: 0x00000000008a0000

CodeCache: size=245760Kb used=328Kb max_used=328Kb free=245431Kb
 bounds [0x00000000025f0000, 0x0000000002860000, 0x00000000115f0000]
 total_blobs=57 nmethods=0 adapters=37
 compilation: enabled

Compilation events (0 events):
No events

GC Heap History (0 events):
No events

Deoptimization events (0 events):
No events

Internal exceptions (0 events):
No events

Events (10 events):
Event: 0.044 loading class java/lang/Short
Event: 0.044 loading class java/lang/Short done
Event: 0.044 loading class java/lang/Integer
Event: 0.044 loading class java/lang/Integer done
Event: 0.044 loading class java/lang/Long
Event: 0.044 loading class java/lang/Long done
Event: 0.055 loading class java/lang/NullPointerException
Event: 0.055 loading class java/lang/NullPointerException done
Event: 0.055 loading class java/lang/ArithmeticException
Event: 0.055 loading class java/lang/ArithmeticException done


Dynamic libraries:
0x00007ff6a0340000 - 0x00007ff6a0377000 	C:\Program Files\Java\jdk1.8.0_66\bin\java.exe
0x00007ffd0c550000 - 0x00007ffd0c721000 	C:\WINDOWS\SYSTEM32\ntdll.dll
0x00007ffd0a420000 - 0x00007ffd0a4cb000 	C:\WINDOWS\System32\KERNEL32.DLL
0x00007ffd08ea0000 - 0x00007ffd090bd000 	C:\WINDOWS\System32\KERNELBASE.dll
0x00007ffd0b9e0000 - 0x00007ffd0ba82000 	C:\WINDOWS\System32\ADVAPI32.dll
0x00007ffd0a0d0000 - 0x00007ffd0a16e000 	C:\WINDOWS\System32\msvcrt.dll
0x00007ffd0a3c0000 - 0x00007ffd0a419000 	C:\WINDOWS\System32\sechost.dll
0x00007ffd09bd0000 - 0x00007ffd09cf1000 	C:\WINDOWS\System32\RPCRT4.dll
0x00007ffd09d00000 - 0x00007ffd09e65000 	C:\WINDOWS\System32\USER32.dll
0x00007ffd08ad0000 - 0x00007ffd08aee000 	C:\WINDOWS\System32\win32u.dll
0x00007ffd0a080000 - 0x00007ffd0a0b4000 	C:\WINDOWS\System32\GDI32.dll
0x00007ffd08d10000 - 0x00007ffd08e92000 	C:\WINDOWS\System32\gdi32full.dll
0x00007ffcfca00000 - 0x00007ffcfcc79000 	C:\WINDOWS\WinSxS\amd64_microsoft.windows.common-controls_6595b64144ccf1df_6.0.14393.0_none_2d0f50fcbdb171b8\COMCTL32.dll
0x00007ffd0c200000 - 0x00007ffd0c4c7000 	C:\WINDOWS\System32\combase.dll
0x00007ffd08c10000 - 0x00007ffd08d05000 	C:\WINDOWS\System32\ucrtbase.dll
0x00007ffd08af0000 - 0x00007ffd08b5a000 	C:\WINDOWS\System32\bcryptPrimitives.dll
0x00007ffd09b30000 - 0x00007ffd09b5e000 	C:\WINDOWS\System32\IMM32.DLL
0x00000000663a0000 - 0x0000000066472000 	C:\Program Files\Java\jdk1.8.0_66\jre\bin\msvcr100.dll
0x00000000667e0000 - 0x0000000067069000 	C:\Program Files\Java\jdk1.8.0_66\jre\bin\server\jvm.dll
0x00007ffd0a0c0000 - 0x00007ffd0a0c8000 	C:\WINDOWS\System32\PSAPI.DLL
0x00007ffcfb500000 - 0x00007ffcfb509000 	C:\WINDOWS\SYSTEM32\WSOCK32.dll
0x00007ffd09ac0000 - 0x00007ffd09b2a000 	C:\WINDOWS\System32\WS2_32.dll
0x00007ffd06a40000 - 0x00007ffd06a63000 	C:\WINDOWS\SYSTEM32\WINMM.dll
0x00007ffd07b10000 - 0x00007ffd07b1a000 	C:\WINDOWS\SYSTEM32\VERSION.dll
0x0000000000d40000 - 0x0000000000d6b000 	C:\WINDOWS\SYSTEM32\WINMMBASE.dll
0x00007ffd097a0000 - 0x00007ffd097e2000 	C:\WINDOWS\System32\cfgmgr32.dll
0x0000000067400000 - 0x000000006740f000 	C:\Program Files\Java\jdk1.8.0_66\jre\bin\verify.dll
0x00000000673d0000 - 0x00000000673f9000 	C:\Program Files\Java\jdk1.8.0_66\jre\bin\java.dll
0x00000000667c0000 - 0x00000000667d6000 	C:\Program Files\Java\jdk1.8.0_66\jre\bin\zip.dll

VM Arguments:
jvm_args: -Djava.awt.headless=true -Xmx4g -Dfile.encoding=windows-1252 -Duser.country=CA -Duser.language=fr -Duser.variant 
java_command: com.android.dx.command.Main --dex --force-jumbo --num-threads=4 --multi-dex --output C:\Users\Proprietaire\Contacts\Desktop\ACRCloud-android-sdk-1.3.2\ConnectTheDots\app\build\intermediates\transforms\dex\debug\folders\1000\10\instant-run-bootstrap_6f4675c6024541ac9c9689e99da0069d44984345 C:\Users\Proprietaire\Contacts\Desktop\ACRCloud-android-sdk-1.3.2\ConnectTheDots\app\build\intermediates\incremental-classes\debug\instant-run-bootstrap.jar
java_class_path (initial): C:\Users\Proprietaire\AppData\Local\Android\sdk\build-tools\24.0.1\lib\dx.jar
Launcher Type: SUN_STANDARD

Environment Variables:
PATH=C:\wamp\bin\php\php7.0.4;C:\Program Files (x86)\NVIDIA Corporation\PhysX\Common;C:\ProgramData\Oracle\Java\javapath;C:\Program Files\Common Files\Microsoft Shared\Windows Live;C:\Program Files (x86)\Common Files\Microsoft Shared\Windows Live;C:\windows\system32;C:\windows;C:\windows\System32\Wbem;C:\windows\System32\WindowsPowerShell\v1.0\;C:\Program Files (x86)\Intel\Services\IPT\;C:\Python34\;C:\Python34\Scripts;C:\Program Files (x86)\Windows Live\Shared;C:\WINDOWS\system32;C:\WINDOWS;C:\WINDOWS\System32\Wbem;C:\WINDOWS\System32\WindowsPowerShell\v1.0\;C:\WINDOWS\system32;C:\WINDOWS;C:\WINDOWS\System32\Wbem;C:\WINDOWS\System32\WindowsPowerShell\v1.0\;C:\Program Files (x86)\Skype\Phone\;C:\Python35-32;C:\Program Files (x86)\GtkSharp\2.12\bin;C:\Program Files\Microsoft SQL Server\110\Tools\Binn\;C:\Program Files\Microsoft SQL Server\120\Tools\Binn\;C:\Program Files\Microsoft SQL Server\Client SDK\ODBC\110\Tools\Binn\;C:\Program Files (x86)\Microsoft SQL Server\120\Tools\Binn\;C:\Program Files\Microsoft SQL Server\120\DTS\Binn\;C:\Program Files (x86)\Microsoft SQL Server\120\Tools\Binn\ManagementStudio\;C:\Program Files (x86)\Microsoft SQL Server\120\DTS\Binn\;C:\WINDOWS\system32\config\systemprofile\.dnx\bin;C:\Program Files\Microsoft DNX\Dnvm\;C:\Program Files (x86)\Windows Kits\10\Windows Performance Toolkit\;C:\Program Files (x86)\Druide\Antidote 9\Application\Bin64\;C:\Program Files (x86)\Druide\Antidote 9\Application\Bin32\;C:\Program Files\TortoiseSVN\bin;C:\ProgramData\ComposerSetup\bin;C:\Program Files\Git\cmd;C:\Program Files\nodejs\;C:\Users\Proprietaire\AppData\Local\Programs\Python\Python35-32\Scripts\;C:\Users\Proprietaire\AppData\Local\Programs\Python\Python35-32\;C:\Users\Proprietaire\AppData\Local\Microsoft\WindowsApps;C:\Users\Proprietaire\AppData\Roaming\Composer\vendor\bin;C:\Users\Proprietaire\AppData\Roaming\npm
USERNAME=Étienne
OS=Windows_NT
PROCESSOR_IDENTIFIER=Intel64 Family 6 Model 42 Stepping 7, GenuineIntel



---------------  S Y S T E M  ---------------

OS: Windows 10.0 , 64 bit Build 14393 (10.0.14393.0)

CPU:total 4 (2 cores per cpu, 2 threads per core) family 6 model 42 stepping 7, cmov, cx8, fxsr, mmx, sse, sse2, sse3, ssse3, sse4.1, sse4.2, popcnt, avx, aes, clmul, ht, tsc, tscinvbit

Memory: 4k page, physical 8321396k(1766696k free), swap 9753972k(6696k free)

vm_info: Java HotSpot(TM) 64-Bit Server VM (25.66-b17) for windows-amd64 JRE (1.8.0_66-b17), built on Oct  6 2015 18:55:33 by "java_re" with MS VC++ 10.0 (VS2010)

time: Tue Sep 20 15:45:24 2016
elapsed time: 0 seconds (0d 0h 0m 0s)

